=====================================================================
== C:\Program Files (x86)\Steam\steamapps\common\Arma 3\Arma3_x64.exe
== "C:\Program Files (x86)\Steam\steamapps\common\Arma 3\Arma3_x64.exe" -mod= -beservice

Original output filename: Arma3Retail_DX11_x64
Exe timestamp: 2023/02/09 14:47:38
Current time:  2023/05/05 21:20:54

Type: Public
Build: Stable
Version: 2.12.150301

Allocator: C:\Program Files (x86)\Steam\steamapps\common\Arma 3\Dll\tbb4malloc_bi_x64.dll [2017.0.0.0] [2017.0.0.0]
PhysMem: 32 GiB, VirtMem : 131072 GiB, AvailPhys : 21 GiB, AvailVirt : 131068 GiB, AvailPage : 21 GiB, PageSize : 4.0 KiB/2.0 MiB/HasLockMemory, CPUCount : 8
=====================================================================

21:20:54 Detected number of DLCs: 20
21:20:54 ---------------------------------------------------------- Game ----------------------------------------------------------
21:20:54                                                                name      appId   owned  installed  available   isDlc
21:20:54                                                              Arma 3     107410     yes        yes        yes      no
21:20:54                                                             Unknown         -1      no         no         no     yes
21:20:54 ---------------------------------------------------------- Dlcs ----------------------------------------------------------
21:20:54  index                                                         name      appId   owned  installed  available   isDlc
21:20:54      0                                                  Arma 3 Maps     249861      no         no         no     yes
21:20:54      1                                        Arma 3 Tactical Guide     249862      no         no         no     yes
21:20:54      2                                                  Arma 3 Zeus     275700     yes        yes        yes     yes
21:20:54      3                                                 Arma 3 Karts     288520     yes        yes        yes     yes
21:20:54      4                                           Arma 3 Helicopters     304380     yes        yes        yes     yes
21:20:54      5                                          Arma 3 DLC Bundle 1     304400      no         no         no     yes
21:20:54      6                                              Arma 3 Marksmen     332350     yes        yes        yes     yes
21:20:54      7                                                  Arma 3 Apex     395180     yes        yes        yes     yes
21:20:54      8                                           Arma 3 Laws of War     571710     yes        yes        yes     yes
21:20:54      9                                                  Arma 3 Jets     601670     yes        yes        yes     yes
21:20:54     10                                          Arma 3 DLC Bundle 2     612480      no         no         no     yes
21:20:54     11                                                Arma 3 Malden     639600     yes        yes        yes     yes
21:20:54     12                                  Arma 3 Tac-Ops Mission Pack     744950     yes        yes        yes     yes
21:20:54     13                                                 Arma 3 Tanks     798390     yes        yes        yes     yes
21:20:54     14                                               Arma 3 Contact    1021790     yes        yes        yes     yes
21:20:54     15   Arma 3 Creator DLC: Global Mobilization - Cold War Germany    1042220      no         no        yes     yes
21:20:54     16                      Arma 3 Creator DLC: S.O.G. Prairie Fire    1227700      no         no        yes     yes
21:20:54     17                        Arma 3 Creator DLC: CSLA Iron Curtain    1294440      no         no        yes     yes
21:20:54     18                                            Arma 3 Art of War    1325500     yes        yes        yes     yes
21:20:54     19                           Arma 3 Creator DLC: Western Sahara    1681170     yes        yes        yes     yes
21:20:54 --------------------------------------------------------------------------------------------------------------------------
21:20:56 Initializing stats manager.
21:20:56 sessionID: a2eefa8723718b8b87d22cebb981ececcfef0fe1
21:21:03 Updating base class RscShortcutButton->RscButton, by a3\editor_f\config.bin/RscDisplayEditObject/Controls/B_OK/ (original bin\config.bin)
21:21:03 Updating base class RscSliderH->RscXSliderH, by a3\editor_f\config.bin/RscDisplayEditObject/Slider/ (original bin\config.bin)
21:21:03 Updating base class RscText->RscPicture, by a3\editor_f\config.bin/RscDisplayEditObject/Preview/ (original bin\config.bin)
21:21:03 Updating base class RscShortcutButton->RscButton, by a3\editor_f\config.bin/RscDisplayMissionLoad/Controls/B_OK/ (original bin\config.bin)
21:21:03 Updating base class RscShortcutButton->RscButton, by a3\editor_f\config.bin/RscDisplayMissionSave/Controls/B_OK/ (original bin\config.bin)
21:21:03 Updating base class ->RscControlsGroup, by a3\ui_f\config.bin/RscControlsGroupNoScrollbars/ (original a3\ui_f\config.bin)
21:21:03 Updating base class ->RscControlsGroup, by a3\ui_f\config.bin/RscControlsGroupNoHScrollbars/ (original a3\ui_f\config.bin)
21:21:03 Updating base class ->RscControlsGroup, by a3\ui_f\config.bin/RscControlsGroupNoVScrollbars/ (original a3\ui_f\config.bin)
21:21:03 Updating base class ->RscText, by a3\ui_f\config.bin/RscLine/ (original a3\ui_f\config.bin)
21:21:03 Updating base class ->RscActiveText, by a3\ui_f\config.bin/RscActivePicture/ (original a3\ui_f\config.bin)
21:21:03 Updating base class ->RscButton, by a3\ui_f\config.bin/RscButtonTextOnly/ (original a3\ui_f\config.bin)
21:21:03 Updating base class ->RscShortcutButton, by a3\ui_f\config.bin/RscShortcutButtonMain/ (original a3\ui_f\config.bin)
21:21:03 Updating base class ->RscShortcutButton, by a3\ui_f\config.bin/RscButtonEditor/ (original a3\ui_f\config.bin)
21:21:03 Updating base class ->RscShortcutButton, by a3\ui_f\config.bin/RscIGUIShortcutButton/ (original a3\ui_f\config.bin)
21:21:03 Updating base class ->RscShortcutButton, by a3\ui_f\config.bin/RscGearShortcutButton/ (original a3\ui_f\config.bin)
21:21:03 Updating base class ->RscShortcutButton, by a3\ui_f\config.bin/RscButtonMenu/ (original a3\ui_f\config.bin)
21:21:03 Updating base class ->RscButtonMenu, by a3\ui_f\config.bin/RscButtonMenuOK/ (original a3\ui_f\config.bin)
21:21:03 Updating base class ->RscButtonMenu, by a3\ui_f\config.bin/RscButtonMenuCancel/ (original a3\ui_f\config.bin)
21:21:03 Updating base class ->RscButtonMenu, by a3\ui_f\config.bin/RscButtonMenuSteam/ (original a3\ui_f\config.bin)
21:21:03 Updating base class ->RscText, by a3\ui_f\config.bin/RscLoadingText/ (original a3\ui_f\config.bin)
21:21:03 Updating base class ->RscListBox, by a3\ui_f\config.bin/RscIGUIListBox/ (original a3\ui_f\config.bin)
21:21:03 Updating base class ->RscListNBox, by a3\ui_f\config.bin/RscIGUIListNBox/ (original a3\ui_f\config.bin)
21:21:03 Updating base class ->RscText, by a3\ui_f\config.bin/RscBackground/ (original a3\ui_f\config.bin)
21:21:03 Updating base class ->RscText, by a3\ui_f\config.bin/RscBackgroundGUI/ (original a3\ui_f\config.bin)
21:21:03 Updating base class ->RscPicture, by a3\ui_f\config.bin/RscBackgroundGUILeft/ (original a3\ui_f\config.bin)
21:21:03 Updating base class ->RscPicture, by a3\ui_f\config.bin/RscBackgroundGUIRight/ (original a3\ui_f\config.bin)
21:21:03 Updating base class ->RscPicture, by a3\ui_f\config.bin/RscBackgroundGUIBottom/ (original a3\ui_f\config.bin)
21:21:03 Updating base class ->RscText, by a3\ui_f\config.bin/RscBackgroundGUITop/ (original a3\ui_f\config.bin)
21:21:03 Updating base class ->RscText, by a3\ui_f\config.bin/RscBackgroundGUIDark/ (original a3\ui_f\config.bin)
21:21:03 Updating base class ->RscPictureKeepAspect, by a3\ui_f\config.bin/RscBackgroundLogo/ (original a3\ui_f\config.bin)
21:21:03 Updating base class ->RscMapControl, by a3\ui_f\config.bin/RscMapControlEmpty/ (original a3\ui_f\config.bin)
21:21:03 Updating base class ->RscPicture, by a3\ui_f\config.bin/CA_Mainback/ (original a3\ui_f\config.bin)
21:21:03 Updating base class ->CA_Mainback, by a3\ui_f\config.bin/CA_Back/ (original a3\ui_f\config.bin)
21:21:03 Updating base class ->CA_Mainback, by a3\ui_f\config.bin/CA_Title_Back/ (original a3\ui_f\config.bin)
21:21:03 Updating base class ->CA_Mainback, by a3\ui_f\config.bin/CA_Black_Back/ (original a3\ui_f\config.bin)
21:21:03 Updating base class ->RscTitle, by a3\ui_f\config.bin/CA_Title/ (original a3\ui_f\config.bin)
21:21:03 Updating base class ->RscPictureKeepAspect, by a3\ui_f\config.bin/CA_Logo/ (original a3\ui_f\config.bin)
21:21:03 Updating base class ->CA_Logo, by a3\ui_f\config.bin/CA_Logo_Small/ (original a3\ui_f\config.bin)
21:21:03 Updating base class ->RscButton, by a3\ui_f\config.bin/CA_RscButton/ (original a3\ui_f\config.bin)
21:21:03 Updating base class ->CA_RscButton, by a3\ui_f\config.bin/CA_RscButton_dialog/ (original a3\ui_f\config.bin)
21:21:03 Updating base class ->RscActiveText, by a3\ui_f\config.bin/CA_Ok/ (original a3\ui_f\config.bin)
21:21:03 Updating base class ->RscText, by a3\ui_f\config.bin/CA_Ok_image/ (original a3\ui_f\config.bin)
21:21:03 Updating base class ->RscText, by a3\ui_f\config.bin/CA_Ok_image2/ (original a3\ui_f\config.bin)
21:21:03 Updating base class ->RscText, by a3\ui_f\config.bin/CA_Ok_text/ (original a3\ui_f\config.bin)
21:21:03 Updating base class ->RscPicture, by a3\ui_f\config.bin/RscVignette/ (original a3\ui_f\config.bin)
21:21:03 Updating base class ->RscControlsGroupNoScrollbars, by a3\ui_f\config.bin/RscMapControlTooltip/ (original a3\ui_f\config.bin)
21:21:03 Updating base class RscUnitInfo->RscUnitInfoAirNoWeapon, by a3\ui_f\config.bin/RscInGameUI/RscUnitInfoAir/ (original a3\ui_f\config.bin)
21:21:03 Updating base class RscControlsGroup->RscControlsGroupNoScrollbars, by a3\ui_f\config.bin/RscInGameUI/RscTaskOverview/controls/TaskOverviewAssigned/ (original bin\config.bin)
21:21:03 Updating base class RscShortcutButton->RscButtonMenu, by a3\ui_f\config.bin/RscDisplayDebug/Controls/B_OK/ (original bin\config.bin)
21:21:03 Updating base class RscShortcutButton->RscButtonMenu, by a3\ui_f\config.bin/RscDisplayDebug/Controls/B_Cancel/ (original bin\config.bin)
21:21:03 Updating base class RscShortcutButton->RscButtonMenu, by a3\ui_f\config.bin/RscDisplayDebug/Controls/B_Clear/ (original bin\config.bin)
21:21:03 Updating base class ->RscText, by a3\ui_f\config.bin/RscDisplayCapture/controls/TimeLines/ (original bin\config.bin)
21:21:03 Updating base class RscShortcutButton->RscButtonMenu, by a3\ui_f\config.bin/RscDisplayCapture/controls/ButtonAverages/ (original bin\config.bin)
21:21:03 Updating base class RscShortcutButton->RscButtonMenu, by a3\ui_f\config.bin/RscDisplayCapture/controls/ButtonSavePreviousData/ (original bin\config.bin)
21:21:03 Updating base class RscShortcutButton->RscButtonMenu, by a3\ui_f\config.bin/RscDisplayCapture/controls/ButtonPreviousData/ (original bin\config.bin)
21:21:03 Updating base class RscPicture->RscPictureKeepAspect, by a3\ui_f\config.bin/RscDisplayMain/IconPicture/ (original bin\config.bin)
21:21:03 Updating base class IconPicture->RscPictureKeepAspect, by a3\ui_f\config.bin/RscDisplayMain/DlcOwnedIconPicture/ (original a3\ui_f\config.bin)
21:21:03 Updating base class IconPicture->RscPictureKeepAspect, by a3\ui_f\config.bin/RscDisplayMain/DlcIconPicture/ (original a3\ui_f\config.bin)
21:21:03 Updating base class RscControlsGroup->RscControlsGroupNoScrollbars, by a3\ui_f\config.bin/RscDisplayCampaignLoad/controls/OverviewGroup/ (original bin\config.bin)
21:21:03 Updating base class RscButton->RscButtonSearch, by a3\ui_f\config.bin/RscDisplayCampaignLoad/controls/SearchButton/ (original bin\config.bin)
21:21:03 Updating base class RscShortcutButton->RscButtonMenuCancel, by a3\ui_f\config.bin/RscDisplayCampaignLoad/controls/ButtonCancel/ (original bin\config.bin)
21:21:03 Updating base class RscShortcutButton->RscButtonMenu, by a3\ui_f\config.bin/RscDisplayCampaignLoad/controls/ButtonGameOptions/ (original bin\config.bin)
21:21:03 Updating base class RscShortcutButton->RscButtonMenuSteam, by a3\ui_f\config.bin/RscDisplayCampaignLoad/controls/ButtonBuyDLC/ (original bin\config.bin)
21:21:03 Updating base class RscShortcutButton->RscButtonMenu, by a3\ui_f\config.bin/RscDisplayCampaignLoad/controls/ButtonRevert/ (original bin\config.bin)
21:21:03 Updating base class RscShortcutButton->RscButtonMenuOK, by a3\ui_f\config.bin/RscDisplayCampaignLoad/controls/ButtonOK/ (original bin\config.bin)
21:21:03 Updating base class RscListBox->RscCombo, by a3\ui_f\config.bin/RscDisplayCustomizeController/Steepness/ (original bin\config.bin)
21:21:03 Updating base class ->RscStandardDisplay, by a3\ui_f\config.bin/RscDisplayControlSchemes/ (original bin\config.bin)
21:21:03 Updating base class ButtonOK->RscButtonMenuCancel, by a3\ui_f\config.bin/RscDisplayControlSchemes/controls/ButtonCancel/ (original bin\config.bin)
21:21:03 Updating base class RscButton->RscButtonMenuOK, by a3\ui_f\config.bin/RscDisplayControlSchemes/controls/ButtonOK/ (original bin\config.bin)
21:21:03 Updating base class RscPicture->RscPictureKeepAspect, by a3\ui_f\config.bin/RscDisplayFileSelectImage/controls/OverviewPicture/ (original bin\config.bin)
21:21:03 Updating base class RscShortcutButton->RscButtonMenuCancel, by a3\ui_f\config.bin/RscDisplayFieldManual/Controls/ButtonCancel/ (original bin\config.bin)
21:21:03 Cannot delete class B_KickOff, it is referenced somewhere (used as a base class probably).
21:21:03 Updating base class RscButton->RscButtonMenuCancel, by a3\ui_f\config.bin/RscDisplayPublishMission/controls/ButtonCancel/ (original bin\config.bin)
21:21:03 Updating base class RscShortcutButton->RscButtonMenuOK, by a3\ui_f\config.bin/RscDisplayPublishMissionSelectTags/controls/ButtonOK/ (original bin\config.bin)
21:21:03 Updating base class ButtonOK->RscButtonMenuCancel, by a3\ui_f\config.bin/RscDisplayPublishMissionSelectTags/controls/ButtonCancel/ (original bin\config.bin)
21:21:03 Updating base class ->RscSubmenu, by a3\ui_f\config.bin/RscMainMenu/ (original bin\config.bin)
21:21:03 Updating base class ->DistanceClose, by a3\ui_f\config.bin/CfgSimpleTasks/Icon3D/DistanceMid/ (original bin\config.bin)
21:21:03 Updating base class ->DistanceClose, by a3\ui_f\config.bin/CfgSimpleTasks/Icon3D/DistanceLong/ (original bin\config.bin)
21:21:04 Updating base class ->ctrlDefaultText, by a3\3den\config.bin/ctrlStatic/ (original a3\3den\config.bin)
21:21:04 Updating base class ->ctrlActiveText, by a3\3den\config.bin/ctrlActivePicture/ (original a3\3den\config.bin)
21:21:04 Updating base class ->ctrlDefaultText, by a3\3den\config.bin/ctrlStructuredText/ (original a3\3den\config.bin)
21:21:04 Updating base class ->ctrlControlsGroup, by a3\3den\config.bin/ctrlControlsGroupNoScrollbars/ (original a3\3den\config.bin)
21:21:04 Updating base class ->ctrlDefault, by a3\3den\config.bin/ctrlCheckbox/ (original a3\3den\config.bin)
21:21:04 Updating base class ->ctrlCheckbox, by a3\3den\config.bin/ctrlCheckboxBaseline/ (original a3\3den\config.bin)
21:21:04 Updating base class RscText->ctrlStaticBackgroundDisable, by a3\3den\config.bin/RscDisplayOptionsAudio/ControlsBackground/BackgroundDisable/ (original a3\3den\config.bin)
21:21:04 Updating base class RscText->ctrlStaticBackgroundDisableTiles, by a3\3den\config.bin/RscDisplayOptionsAudio/ControlsBackground/BackgroundDisableTiles/ (original a3\3den\config.bin)
21:21:04 Updating base class RscText->ctrlStaticBackgroundDisable, by a3\3den\config.bin/RscDisplayConfigure/ControlsBackground/BackgroundDisable/ (original a3\3den\config.bin)
21:21:04 Updating base class RscText->ctrlStaticBackgroundDisableTiles, by a3\3den\config.bin/RscDisplayConfigure/ControlsBackground/BackgroundDisableTiles/ (original a3\3den\config.bin)
21:21:04 Updating base class RscText->ctrlStaticBackgroundDisable, by a3\3den\config.bin/RscDisplayConfigureAction/ControlsBackground/BackgroundDisable/ (original a3\3den\config.bin)
21:21:04 Updating base class RscText->ctrlStaticBackgroundDisableTiles, by a3\3den\config.bin/RscDisplayConfigureAction/ControlsBackground/BackgroundDisableTiles/ (original a3\3den\config.bin)
21:21:04 Updating base class RscText->ctrlStaticBackgroundDisable, by a3\3den\config.bin/RscDisplayConfigureControllers/ControlsBackground/BackgroundDisable/ (original a3\3den\config.bin)
21:21:04 Updating base class RscText->ctrlStaticBackgroundDisableTiles, by a3\3den\config.bin/RscDisplayConfigureControllers/ControlsBackground/BackgroundDisableTiles/ (original a3\3den\config.bin)
21:21:04 Updating base class RscText->ctrlStaticBackgroundDisable, by a3\3den\config.bin/RscDisplayGameOptions/ControlsBackground/BackgroundDisable/ (original a3\3den\config.bin)
21:21:04 Updating base class RscText->ctrlStaticBackgroundDisableTiles, by a3\3den\config.bin/RscDisplayGameOptions/ControlsBackground/BackgroundDisableTiles/ (original a3\3den\config.bin)
21:21:04 Updating base class controls->, by a3\3den\config.bin/RscDisplayArcadeMap_Layout_2/Controls/ (original a3\ui_f\config.bin)
21:21:04 Updating base class controls->, by a3\3den\config.bin/RscDisplayArcadeMap_Layout_6/Controls/ (original a3\ui_f\config.bin)
21:21:04 Updating base class ->ctrlControlsGroupNoScrollbars, by a3\3den\config.bin/Cfg3DEN/Attributes/Default/ (original a3\3den\config.bin)
21:21:04 Updating base class ->ctrlStatic, by a3\3den\config.bin/Cfg3DEN/Attributes/Title/Controls/Title/ (original a3\3den\config.bin)
21:21:04 Updating base class ->ctrlToolbox, by a3\3den\config.bin/Cfg3DEN/Attributes/Toolbox/Controls/Value/ (original a3\3den\config.bin)
21:21:04 Updating base class Mod_Base->, by a3\data_f_destroyer\config.bin/CfgMods/Jets/ (original a3\data_f_jets\config.bin)
21:21:04 Initializing Steam Manager
21:21:04 Starting initial content check.
21:21:04 Steam Manager initialized.
21:21:04 
21:21:04 ==== Loaded addons ====
21:21:04 
21:21:04 dta\bin.pbo - 150301
21:21:04 dta\core.pbo - 129618
21:21:04 dta\languagecore_f.pbo - 150376
21:21:04 C:\Program Files (x86)\Steam\steamapps\common\Arma 3\aow\addons\anims_f_aow.pbo - 149768
21:21:04 C:\Program Files (x86)\Steam\steamapps\common\Arma 3\aow\addons\characters_f_aow.pbo - 149965
21:21:04 C:\Program Files (x86)\Steam\steamapps\common\Arma 3\aow\addons\data_f_aow.pbo - 149928
21:21:04 C:\Program Files (x86)\Steam\steamapps\common\Arma 3\aow\addons\dubbing_f_aow.pbo - 149901
21:21:04 C:\Program Files (x86)\Steam\steamapps\common\Arma 3\aow\addons\editorpreviews_f_aow.pbo - 149909
21:21:04 C:\Program Files (x86)\Steam\steamapps\common\Arma 3\aow\addons\functions_f_aow.pbo - 149593
21:21:04 C:\Program Files (x86)\Steam\steamapps\common\Arma 3\aow\addons\languagemissions_f_aow.pbo - 150376
21:21:04 C:\Program Files (x86)\Steam\steamapps\common\Arma 3\aow\addons\language_f_aow.pbo - 150376
21:21:04 C:\Program Files (x86)\Steam\steamapps\common\Arma 3\aow\addons\missions_f_aow.pbo - 150217
21:21:04 C:\Program Files (x86)\Steam\steamapps\common\Arma 3\aow\addons\missions_f_aow_data.pbo - 150217
21:21:04 C:\Program Files (x86)\Steam\steamapps\common\Arma 3\aow\addons\missions_f_aow_video.pbo - 149837
21:21:04 C:\Program Files (x86)\Steam\steamapps\common\Arma 3\aow\addons\props_f_aow.pbo - 150286
21:21:04 C:\Program Files (x86)\Steam\steamapps\common\Arma 3\aow\addons\sounds_f_aow.pbo - 149668
21:21:04 C:\Program Files (x86)\Steam\steamapps\common\Arma 3\aow\addons\structures_f_aow.pbo - 149883
21:21:04 C:\Program Files (x86)\Steam\steamapps\common\Arma 3\aow\addons\supplies_f_aow.pbo - 150149
21:21:04 C:\Program Files (x86)\Steam\steamapps\common\Arma 3\aow\addons\ui_f_aow.pbo - 149917
21:21:04 C:\Program Files (x86)\Steam\steamapps\common\Arma 3\enoch\addons\air_f_enoch.pbo - 145904
21:21:04 C:\Program Files (x86)\Steam\steamapps\common\Arma 3\enoch\addons\anims_f_enoch.pbo - 150341
21:21:04 C:\Program Files (x86)\Steam\steamapps\common\Arma 3\enoch\addons\armor_f_enoch.pbo - 145904
21:21:04 C:\Program Files (x86)\Steam\steamapps\common\Arma 3\enoch\addons\cargoposes_f_enoch.pbo - 142478
21:21:04 C:\Program Files (x86)\Steam\steamapps\common\Arma 3\enoch\addons\characters_f_enoch.pbo - 149965
21:21:04 C:\Program Files (x86)\Steam\steamapps\common\Arma 3\enoch\addons\data_f_enoch.pbo - 150070
21:21:04 C:\Program Files (x86)\Steam\steamapps\common\Arma 3\enoch\addons\dubbing_radio_f_enoch.pbo - 150070
21:21:04 C:\Program Files (x86)\Steam\steamapps\common\Arma 3\enoch\addons\dubbing_radio_f_enoch_data.pbo - 150020
21:21:04 C:\Program Files (x86)\Steam\steamapps\common\Arma 3\enoch\addons\editorpreviews_f_enoch.pbo - 145440
21:21:04 C:\Program Files (x86)\Steam\steamapps\common\Arma 3\enoch\addons\functions_f_enoch.pbo - 148356
21:21:04 C:\Program Files (x86)\Steam\steamapps\common\Arma 3\enoch\addons\languagemissions_f_enoch.pbo - 150376
21:21:04 C:\Program Files (x86)\Steam\steamapps\common\Arma 3\enoch\addons\language_f_enoch.pbo - 150376
21:21:04 C:\Program Files (x86)\Steam\steamapps\common\Arma 3\enoch\addons\map_enoch.pbo - 150292
21:21:04 C:\Program Files (x86)\Steam\steamapps\common\Arma 3\enoch\addons\map_enoch_data.pbo - 145274
21:21:04 C:\Program Files (x86)\Steam\steamapps\common\Arma 3\enoch\addons\map_enoch_data_layers.pbo - 146184
21:21:04 C:\Program Files (x86)\Steam\steamapps\common\Arma 3\enoch\addons\map_enoch_scenes_f.pbo - 143336
21:21:04 C:\Program Files (x86)\Steam\steamapps\common\Arma 3\enoch\addons\missions_f_enoch.pbo - 149487
21:21:04 C:\Program Files (x86)\Steam\steamapps\common\Arma 3\enoch\addons\music_f_enoch.pbo - 147472
21:21:04 C:\Program Files (x86)\Steam\steamapps\common\Arma 3\enoch\addons\music_f_enoch_music.pbo - 147127
21:21:04 C:\Program Files (x86)\Steam\steamapps\common\Arma 3\enoch\addons\props_f_enoch.pbo - 150309
21:21:04 C:\Program Files (x86)\Steam\steamapps\common\Arma 3\enoch\addons\rocks_f_enoch.pbo - 148432
21:21:04 C:\Program Files (x86)\Steam\steamapps\common\Arma 3\enoch\addons\soft_f_enoch.pbo - 150071
21:21:04 C:\Program Files (x86)\Steam\steamapps\common\Arma 3\enoch\addons\sounds_f_enoch.pbo - 150286
21:21:04 C:\Program Files (x86)\Steam\steamapps\common\Arma 3\enoch\addons\static_f_enoch.pbo - 145904
21:21:04 C:\Program Files (x86)\Steam\steamapps\common\Arma 3\enoch\addons\structures_f_enoch.pbo - 148551
21:21:04 C:\Program Files (x86)\Steam\steamapps\common\Arma 3\enoch\addons\structures_f_enoch_civilian.pbo - 150270
21:21:04 C:\Program Files (x86)\Steam\steamapps\common\Arma 3\enoch\addons\structures_f_enoch_commercial.pbo - 148419
21:21:04 C:\Program Files (x86)\Steam\steamapps\common\Arma 3\enoch\addons\structures_f_enoch_cultural.pbo - 148739
21:21:04 C:\Program Files (x86)\Steam\steamapps\common\Arma 3\enoch\addons\structures_f_enoch_data.pbo - 148419
21:21:04 C:\Program Files (x86)\Steam\steamapps\common\Arma 3\enoch\addons\structures_f_enoch_furniture.pbo - 148419
21:21:04 C:\Program Files (x86)\Steam\steamapps\common\Arma 3\enoch\addons\structures_f_enoch_industrial.pbo - 148804
21:21:04 C:\Program Files (x86)\Steam\steamapps\common\Arma 3\enoch\addons\structures_f_enoch_infrastructure.pbo - 148551
21:21:04 C:\Program Files (x86)\Steam\steamapps\common\Arma 3\enoch\addons\structures_f_enoch_military.pbo - 150174
21:21:04 C:\Program Files (x86)\Steam\steamapps\common\Arma 3\enoch\addons\supplies_f_enoch.pbo - 150249
21:21:04 C:\Program Files (x86)\Steam\steamapps\common\Arma 3\enoch\addons\ui_f_enoch.pbo - 147095
21:21:04 C:\Program Files (x86)\Steam\steamapps\common\Arma 3\enoch\addons\vegetation_f_enoch.pbo - 150192
21:21:04 C:\Program Files (x86)\Steam\steamapps\common\Arma 3\enoch\addons\weapons_f_enoch.pbo - 150213
21:21:04 C:\Program Files (x86)\Steam\steamapps\common\Arma 3\tank\addons\armor_f_tank.pbo - 150292
21:21:04 C:\Program Files (x86)\Steam\steamapps\common\Arma 3\tank\addons\cargoposes_f_tank.pbo - 128283
21:21:04 C:\Program Files (x86)\Steam\steamapps\common\Arma 3\tank\addons\characters_f_tank.pbo - 148392
21:21:04 C:\Program Files (x86)\Steam\steamapps\common\Arma 3\tank\addons\data_f_tank.pbo - 128203
21:21:04 C:\Program Files (x86)\Steam\steamapps\common\Arma 3\tank\addons\dubbing_f_tank.pbo - 127958
21:21:04 C:\Program Files (x86)\Steam\steamapps\common\Arma 3\tank\addons\editorpreviews_f_tank.pbo - 137875
21:21:04 C:\Program Files (x86)\Steam\steamapps\common\Arma 3\tank\addons\functions_f_tank.pbo - 125996
21:21:04 C:\Program Files (x86)\Steam\steamapps\common\Arma 3\tank\addons\languagemissions_f_tank.pbo - 150376
21:21:04 C:\Program Files (x86)\Steam\steamapps\common\Arma 3\tank\addons\language_f_tank.pbo - 150376
21:21:04 C:\Program Files (x86)\Steam\steamapps\common\Arma 3\tank\addons\missions_f_tank.pbo - 150028
21:21:04 C:\Program Files (x86)\Steam\steamapps\common\Arma 3\tank\addons\missions_f_tank_data.pbo - 128937
21:21:04 C:\Program Files (x86)\Steam\steamapps\common\Arma 3\tank\addons\modules_f_tank.pbo - 147857
21:21:04 C:\Program Files (x86)\Steam\steamapps\common\Arma 3\tank\addons\music_f_tank.pbo - 127912
21:21:04 C:\Program Files (x86)\Steam\steamapps\common\Arma 3\tank\addons\props_f_tank.pbo - 131702
21:21:04 C:\Program Files (x86)\Steam\steamapps\common\Arma 3\tank\addons\sounds_f_tank.pbo - 150376
21:21:04 C:\Program Files (x86)\Steam\steamapps\common\Arma 3\tank\addons\structures_f_tank.pbo - 150249
21:21:04 C:\Program Files (x86)\Steam\steamapps\common\Arma 3\tank\addons\ui_f_tank.pbo - 148551
21:21:04 C:\Program Files (x86)\Steam\steamapps\common\Arma 3\tank\addons\weapons_f_tank.pbo - 150213
21:21:04 C:\Program Files (x86)\Steam\steamapps\common\Arma 3\tacops\addons\characters_f_tacops.ebo - 129739
21:21:04 C:\Program Files (x86)\Steam\steamapps\common\Arma 3\tacops\addons\data_f_tacops.ebo - 150102
21:21:04 C:\Program Files (x86)\Steam\steamapps\common\Arma 3\tacops\addons\dubbing_f_tacops.ebo - 129340
21:21:04 C:\Program Files (x86)\Steam\steamapps\common\Arma 3\tacops\addons\functions_f_tacops.ebo - 150182
21:21:04 C:\Program Files (x86)\Steam\steamapps\common\Arma 3\tacops\addons\languagemissions_f_tacops.ebo - 150376
21:21:04 C:\Program Files (x86)\Steam\steamapps\common\Arma 3\tacops\addons\language_f_tacops.ebo - 150376
21:21:04 C:\Program Files (x86)\Steam\steamapps\common\Arma 3\tacops\addons\missions_f_tacops.ebo - 144976
21:21:04 C:\Program Files (x86)\Steam\steamapps\common\Arma 3\tacops\addons\modules_f_tacops.ebo - 150149
21:21:04 C:\Program Files (x86)\Steam\steamapps\common\Arma 3\tacops\addons\music_f_tacops.ebo - 124064
21:21:04 C:\Program Files (x86)\Steam\steamapps\common\Arma 3\tacops\addons\sounds_f_tacops.ebo - 123795
21:21:04 C:\Program Files (x86)\Steam\steamapps\common\Arma 3\tacops\addons\ui_f_tacops.ebo - 148551
21:21:04 C:\Program Files (x86)\Steam\steamapps\common\Arma 3\orange\addons\air_f_orange.pbo - 150020
21:21:04 C:\Program Files (x86)\Steam\steamapps\common\Arma 3\orange\addons\cargoposes_f_orange.pbo - 126225
21:21:04 C:\Program Files (x86)\Steam\steamapps\common\Arma 3\orange\addons\characters_f_orange.pbo - 148442
21:21:04 C:\Program Files (x86)\Steam\steamapps\common\Arma 3\orange\addons\data_f_orange.pbo - 144284
21:21:04 C:\Program Files (x86)\Steam\steamapps\common\Arma 3\orange\addons\dubbing_f_orange.pbo - 121689
21:21:04 C:\Program Files (x86)\Steam\steamapps\common\Arma 3\orange\addons\editorpreviews_f_orange.pbo - 123173
21:21:04 C:\Program Files (x86)\Steam\steamapps\common\Arma 3\orange\addons\functions_f_orange.pbo - 149339
21:21:04 C:\Program Files (x86)\Steam\steamapps\common\Arma 3\orange\addons\languagemissions_f_orange.pbo - 150376
21:21:04 C:\Program Files (x86)\Steam\steamapps\common\Arma 3\orange\addons\language_f_orange.pbo - 150376
21:21:04 C:\Program Files (x86)\Steam\steamapps\common\Arma 3\orange\addons\missions_f_orange.pbo - 150364
21:21:04 C:\Program Files (x86)\Steam\steamapps\common\Arma 3\orange\addons\modules_f_orange.pbo - 143632
21:21:04 C:\Program Files (x86)\Steam\steamapps\common\Arma 3\orange\addons\music_f_orange.pbo - 120725
21:21:04 C:\Program Files (x86)\Steam\steamapps\common\Arma 3\orange\addons\props_f_orange.pbo - 148864
21:21:04 C:\Program Files (x86)\Steam\steamapps\common\Arma 3\orange\addons\soft_f_orange.pbo - 150071
21:21:04 C:\Program Files (x86)\Steam\steamapps\common\Arma 3\orange\addons\sounds_f_orange.pbo - 145695
21:21:04 C:\Program Files (x86)\Steam\steamapps\common\Arma 3\orange\addons\structures_f_orange.pbo - 147636
21:21:04 C:\Program Files (x86)\Steam\steamapps\common\Arma 3\orange\addons\supplies_f_orange.pbo - 129371
21:21:04 C:\Program Files (x86)\Steam\steamapps\common\Arma 3\orange\addons\ui_f_orange.pbo - 149706
21:21:04 C:\Program Files (x86)\Steam\steamapps\common\Arma 3\orange\addons\weapons_f_orange.pbo - 149274
21:21:04 C:\Program Files (x86)\Steam\steamapps\common\Arma 3\argo\addons\armor_f_argo.pbo - 129739
21:21:04 C:\Program Files (x86)\Steam\steamapps\common\Arma 3\argo\addons\characters_f_patrol.pbo - 149127
21:21:04 C:\Program Files (x86)\Steam\steamapps\common\Arma 3\argo\addons\data_f_argo.pbo - 128209
21:21:04 C:\Program Files (x86)\Steam\steamapps\common\Arma 3\argo\addons\data_f_patrol.pbo - 141307
21:21:04 C:\Program Files (x86)\Steam\steamapps\common\Arma 3\argo\addons\editorpreviews_f_argo.pbo - 142758
21:21:04 C:\Program Files (x86)\Steam\steamapps\common\Arma 3\argo\addons\functions_f_patrol.pbo - 141510
21:21:04 C:\Program Files (x86)\Steam\steamapps\common\Arma 3\argo\addons\languagemissions_f_patrol.pbo - 150376
21:21:04 C:\Program Files (x86)\Steam\steamapps\common\Arma 3\argo\addons\language_f_argo.pbo - 150376
21:21:04 C:\Program Files (x86)\Steam\steamapps\common\Arma 3\argo\addons\language_f_patrol.pbo - 150376
21:21:04 C:\Program Files (x86)\Steam\steamapps\common\Arma 3\argo\addons\map_malden.pbo - 150292
21:21:04 C:\Program Files (x86)\Steam\steamapps\common\Arma 3\argo\addons\map_malden_data.pbo - 135888
21:21:04 C:\Program Files (x86)\Steam\steamapps\common\Arma 3\argo\addons\map_malden_data_layers.pbo - 135888
21:21:04 C:\Program Files (x86)\Steam\steamapps\common\Arma 3\argo\addons\map_malden_scenes_f.pbo - 120026
21:21:04 C:\Program Files (x86)\Steam\steamapps\common\Arma 3\argo\addons\missions_f_patrol.pbo - 126663
21:21:04 C:\Program Files (x86)\Steam\steamapps\common\Arma 3\argo\addons\modules_f_patrol.pbo - 119459
21:21:04 C:\Program Files (x86)\Steam\steamapps\common\Arma 3\argo\addons\music_f_argo.pbo - 119459
21:21:04 C:\Program Files (x86)\Steam\steamapps\common\Arma 3\argo\addons\props_f_argo.pbo - 129371
21:21:04 C:\Program Files (x86)\Steam\steamapps\common\Arma 3\argo\addons\rocks_f_argo.pbo - 148432
21:21:04 C:\Program Files (x86)\Steam\steamapps\common\Arma 3\argo\addons\sounds_f_patrol.pbo - 119477
21:21:04 C:\Program Files (x86)\Steam\steamapps\common\Arma 3\argo\addons\structures_f_argo.pbo - 150265
21:21:04 C:\Program Files (x86)\Steam\steamapps\common\Arma 3\argo\addons\ui_f_patrol.pbo - 141307
21:21:04 C:\Program Files (x86)\Steam\steamapps\common\Arma 3\argo\addons\vegetation_f_argo.pbo - 148432
21:21:04 C:\Program Files (x86)\Steam\steamapps\common\Arma 3\argo\addons\weapons_f_patrol.pbo - 141307
21:21:04 C:\Program Files (x86)\Steam\steamapps\common\Arma 3\jets\addons\air_f_jets.pbo - 146744
21:21:04 C:\Program Files (x86)\Steam\steamapps\common\Arma 3\jets\addons\anims_f_jets.pbo - 123210
21:21:04 C:\Program Files (x86)\Steam\steamapps\common\Arma 3\jets\addons\boat_f_destroyer.pbo - 143297
21:21:04 C:\Program Files (x86)\Steam\steamapps\common\Arma 3\jets\addons\boat_f_jets.pbo - 150071
21:21:04 C:\Program Files (x86)\Steam\steamapps\common\Arma 3\jets\addons\cargoposes_f_jets.pbo - 126225
21:21:04 C:\Program Files (x86)\Steam\steamapps\common\Arma 3\jets\addons\characters_f_jets.pbo - 129739
21:21:04 C:\Program Files (x86)\Steam\steamapps\common\Arma 3\jets\addons\data_f_destroyer.pbo - 150370
21:21:04 C:\Program Files (x86)\Steam\steamapps\common\Arma 3\jets\addons\data_f_jets.pbo - 150370
21:21:04 C:\Program Files (x86)\Steam\steamapps\common\Arma 3\jets\addons\data_f_sams.pbo - 150370
21:21:04 C:\Program Files (x86)\Steam\steamapps\common\Arma 3\jets\addons\dubbing_f_jets.pbo - 119457
21:21:04 C:\Program Files (x86)\Steam\steamapps\common\Arma 3\jets\addons\editorpreviews_f_destroyer.pbo - 132141
21:21:04 C:\Program Files (x86)\Steam\steamapps\common\Arma 3\jets\addons\editorpreviews_f_jets.pbo - 119457
21:21:04 C:\Program Files (x86)\Steam\steamapps\common\Arma 3\jets\addons\editorpreviews_f_sams.pbo - 132141
21:21:04 C:\Program Files (x86)\Steam\steamapps\common\Arma 3\jets\addons\functions_f_destroyer.pbo - 150071
21:21:04 C:\Program Files (x86)\Steam\steamapps\common\Arma 3\jets\addons\functions_f_jets.pbo - 119457
21:21:04 C:\Program Files (x86)\Steam\steamapps\common\Arma 3\jets\addons\languagemissions_f_jets.pbo - 150376
21:21:04 C:\Program Files (x86)\Steam\steamapps\common\Arma 3\jets\addons\language_f_destroyer.pbo - 150376
21:21:04 C:\Program Files (x86)\Steam\steamapps\common\Arma 3\jets\addons\language_f_jets.pbo - 150376
21:21:04 C:\Program Files (x86)\Steam\steamapps\common\Arma 3\jets\addons\language_f_sams.pbo - 150376
21:21:04 C:\Program Files (x86)\Steam\steamapps\common\Arma 3\jets\addons\missions_f_jets.pbo - 130755
21:21:04 C:\Program Files (x86)\Steam\steamapps\common\Arma 3\jets\addons\modules_f_jets.pbo - 119459
21:21:04 C:\Program Files (x86)\Steam\steamapps\common\Arma 3\jets\addons\music_f_jets.pbo - 119459
21:21:04 C:\Program Files (x86)\Steam\steamapps\common\Arma 3\jets\addons\props_f_destroyer.pbo - 132141
21:21:04 C:\Program Files (x86)\Steam\steamapps\common\Arma 3\jets\addons\props_f_jets.pbo - 129371
21:21:04 C:\Program Files (x86)\Steam\steamapps\common\Arma 3\jets\addons\sounds_f_jets.pbo - 141706
21:21:04 C:\Program Files (x86)\Steam\steamapps\common\Arma 3\jets\addons\static_f_destroyer.pbo - 140243
21:21:04 C:\Program Files (x86)\Steam\steamapps\common\Arma 3\jets\addons\static_f_jets.pbo - 146744
21:21:04 C:\Program Files (x86)\Steam\steamapps\common\Arma 3\jets\addons\static_f_sams.pbo - 146744
21:21:04 C:\Program Files (x86)\Steam\steamapps\common\Arma 3\jets\addons\ui_f_jets.pbo - 126137
21:21:04 C:\Program Files (x86)\Steam\steamapps\common\Arma 3\jets\addons\weapons_f_destroyer.pbo - 132268
21:21:04 C:\Program Files (x86)\Steam\steamapps\common\Arma 3\jets\addons\weapons_f_jets.pbo - 148847
21:21:04 C:\Program Files (x86)\Steam\steamapps\common\Arma 3\jets\addons\weapons_f_sams.pbo - 149414
21:21:04 C:\Program Files (x86)\Steam\steamapps\common\Arma 3\expansion\addons\air_f_exp.pbo - 150339
21:21:04 C:\Program Files (x86)\Steam\steamapps\common\Arma 3\expansion\addons\anims_f_exp.pbo - 126506
21:21:04 C:\Program Files (x86)\Steam\steamapps\common\Arma 3\expansion\addons\armor_f_exp.pbo - 141671
21:21:04 C:\Program Files (x86)\Steam\steamapps\common\Arma 3\expansion\addons\boat_f_exp.pbo - 150071
21:21:04 C:\Program Files (x86)\Steam\steamapps\common\Arma 3\expansion\addons\cargoposes_f_exp.pbo - 126224
21:21:04 C:\Program Files (x86)\Steam\steamapps\common\Arma 3\expansion\addons\characters_f_exp.pbo - 150282
21:21:04 C:\Program Files (x86)\Steam\steamapps\common\Arma 3\expansion\addons\characters_f_oldman.pbo - 148698
21:21:04 C:\Program Files (x86)\Steam\steamapps\common\Arma 3\expansion\addons\data_f_exp.pbo - 148936
21:21:04 C:\Program Files (x86)\Steam\steamapps\common\Arma 3\expansion\addons\data_f_oldman.pbo - 148580
21:21:04 C:\Program Files (x86)\Steam\steamapps\common\Arma 3\expansion\addons\dubbing_f_exp.pbo - 119457
21:21:04 C:\Program Files (x86)\Steam\steamapps\common\Arma 3\expansion\addons\dubbing_f_oldman.pbo - 148756
21:21:04 C:\Program Files (x86)\Steam\steamapps\common\Arma 3\expansion\addons\dubbing_radio_f_exp.pbo - 119458
21:21:04 C:\Program Files (x86)\Steam\steamapps\common\Arma 3\expansion\addons\dubbing_radio_f_exp_data_chi.pbo - 119458
21:21:04 C:\Program Files (x86)\Steam\steamapps\common\Arma 3\expansion\addons\dubbing_radio_f_exp_data_engfre.pbo - 119457
21:21:04 C:\Program Files (x86)\Steam\steamapps\common\Arma 3\expansion\addons\dubbing_radio_f_exp_data_fre.pbo - 119457
21:21:04 C:\Program Files (x86)\Steam\steamapps\common\Arma 3\expansion\addons\editorpreviews_f_exp.pbo - 147098
21:21:04 C:\Program Files (x86)\Steam\steamapps\common\Arma 3\expansion\addons\editorpreviews_f_oldman.pbo - 148621
21:21:04 C:\Program Files (x86)\Steam\steamapps\common\Arma 3\expansion\addons\functions_f_exp.pbo - 144006
21:21:04 C:\Program Files (x86)\Steam\steamapps\common\Arma 3\expansion\addons\functions_f_oldman.pbo - 148553
21:21:04 C:\Program Files (x86)\Steam\steamapps\common\Arma 3\expansion\addons\languagemissions_f_exp.pbo - 150376
21:21:04 C:\Program Files (x86)\Steam\steamapps\common\Arma 3\expansion\addons\languagemissions_f_oldman.pbo - 150376
21:21:04 C:\Program Files (x86)\Steam\steamapps\common\Arma 3\expansion\addons\language_f_exp.pbo - 150376
21:21:04 C:\Program Files (x86)\Steam\steamapps\common\Arma 3\expansion\addons\language_f_oldman.pbo - 150376
21:21:04 C:\Program Files (x86)\Steam\steamapps\common\Arma 3\expansion\addons\map_data_exp.pbo - 136265
21:21:04 C:\Program Files (x86)\Steam\steamapps\common\Arma 3\expansion\addons\map_tanoabuka.pbo - 150292
21:21:04 C:\Program Files (x86)\Steam\steamapps\common\Arma 3\expansion\addons\map_tanoabuka_data.pbo - 135884
21:21:04 C:\Program Files (x86)\Steam\steamapps\common\Arma 3\expansion\addons\map_tanoabuka_data_layers.pbo - 121192
21:21:04 C:\Program Files (x86)\Steam\steamapps\common\Arma 3\expansion\addons\map_tanoabuka_data_layers_00_00.pbo - 121192
21:21:04 C:\Program Files (x86)\Steam\steamapps\common\Arma 3\expansion\addons\map_tanoa_scenes_f.pbo - 123527
21:21:04 C:\Program Files (x86)\Steam\steamapps\common\Arma 3\expansion\addons\missions_f_exp.pbo - 144315
21:21:04 C:\Program Files (x86)\Steam\steamapps\common\Arma 3\expansion\addons\missions_f_exp_data.pbo - 119459
21:21:04 C:\Program Files (x86)\Steam\steamapps\common\Arma 3\expansion\addons\missions_f_exp_video.pbo - 119459
21:21:04 C:\Program Files (x86)\Steam\steamapps\common\Arma 3\expansion\addons\missions_f_oldman.pbo - 150213
21:21:04 C:\Program Files (x86)\Steam\steamapps\common\Arma 3\expansion\addons\modules_f_exp.pbo - 119459
21:21:04 C:\Program Files (x86)\Steam\steamapps\common\Arma 3\expansion\addons\modules_f_oldman.pbo - 148553
21:21:04 C:\Program Files (x86)\Steam\steamapps\common\Arma 3\expansion\addons\music_f_exp.pbo - 119477
21:21:04 C:\Program Files (x86)\Steam\steamapps\common\Arma 3\expansion\addons\music_f_exp_music.pbo - 119477
21:21:04 C:\Program Files (x86)\Steam\steamapps\common\Arma 3\expansion\addons\music_f_oldman.pbo - 148553
21:21:04 C:\Program Files (x86)\Steam\steamapps\common\Arma 3\expansion\addons\music_f_oldman_music.pbo - 148679
21:21:04 C:\Program Files (x86)\Steam\steamapps\common\Arma 3\expansion\addons\props_f_exp.pbo - 147637
21:21:04 C:\Program Files (x86)\Steam\steamapps\common\Arma 3\expansion\addons\props_f_oldman.pbo - 148553
21:21:04 C:\Program Files (x86)\Steam\steamapps\common\Arma 3\expansion\addons\rocks_f_exp.pbo - 148432
21:21:04 C:\Program Files (x86)\Steam\steamapps\common\Arma 3\expansion\addons\soft_f_exp.pbo - 150220
21:21:04 C:\Program Files (x86)\Steam\steamapps\common\Arma 3\expansion\addons\soft_f_oldman.pbo - 148580
21:21:04 C:\Program Files (x86)\Steam\steamapps\common\Arma 3\expansion\addons\sounds_f_exp.pbo - 150286
21:21:04 C:\Program Files (x86)\Steam\steamapps\common\Arma 3\expansion\addons\sounds_f_oldman.pbo - 148553
21:21:04 C:\Program Files (x86)\Steam\steamapps\common\Arma 3\expansion\addons\static_f_exp.pbo - 119478
21:21:04 C:\Program Files (x86)\Steam\steamapps\common\Arma 3\expansion\addons\static_f_oldman.pbo - 148580
21:21:04 C:\Program Files (x86)\Steam\steamapps\common\Arma 3\expansion\addons\structures_f_exp.pbo - 148419
21:21:04 C:\Program Files (x86)\Steam\steamapps\common\Arma 3\expansion\addons\structures_f_exp_civilian.pbo - 148739
21:21:04 C:\Program Files (x86)\Steam\steamapps\common\Arma 3\expansion\addons\structures_f_exp_commercial.pbo - 148419
21:21:04 C:\Program Files (x86)\Steam\steamapps\common\Arma 3\expansion\addons\structures_f_exp_cultural.pbo - 148419
21:21:04 C:\Program Files (x86)\Steam\steamapps\common\Arma 3\expansion\addons\structures_f_exp_data.pbo - 148419
21:21:04 C:\Program Files (x86)\Steam\steamapps\common\Arma 3\expansion\addons\structures_f_exp_industrial.pbo - 148419
21:21:04 C:\Program Files (x86)\Steam\steamapps\common\Arma 3\expansion\addons\structures_f_exp_infrastructure.pbo - 148551
21:21:04 C:\Program Files (x86)\Steam\steamapps\common\Arma 3\expansion\addons\structures_f_oldman.pbo - 150089
21:21:04 C:\Program Files (x86)\Steam\steamapps\common\Arma 3\expansion\addons\supplies_f_exp.pbo - 148079
21:21:04 C:\Program Files (x86)\Steam\steamapps\common\Arma 3\expansion\addons\supplies_f_oldman.pbo - 148553
21:21:04 C:\Program Files (x86)\Steam\steamapps\common\Arma 3\expansion\addons\ui_f_exp.pbo - 123398
21:21:04 C:\Program Files (x86)\Steam\steamapps\common\Arma 3\expansion\addons\ui_f_oldman.pbo - 149216
21:21:04 C:\Program Files (x86)\Steam\steamapps\common\Arma 3\expansion\addons\vegetation_f_exp.pbo - 148432
21:21:04 C:\Program Files (x86)\Steam\steamapps\common\Arma 3\expansion\addons\weapons_f_exp.pbo - 150071
21:21:04 C:\Program Files (x86)\Steam\steamapps\common\Arma 3\mark\addons\anims_f_mark.pbo - 119457
21:21:04 C:\Program Files (x86)\Steam\steamapps\common\Arma 3\mark\addons\characters_f_mark.pbo - 148392
21:21:04 C:\Program Files (x86)\Steam\steamapps\common\Arma 3\mark\addons\data_f_mark.pbo - 129371
21:21:04 C:\Program Files (x86)\Steam\steamapps\common\Arma 3\mark\addons\dubbing_f_mark.pbo - 119457
21:21:04 C:\Program Files (x86)\Steam\steamapps\common\Arma 3\mark\addons\dubbing_f_mp_mark.pbo - 119457
21:21:04 C:\Program Files (x86)\Steam\steamapps\common\Arma 3\mark\addons\functions_f_mark.pbo - 150154
21:21:04 C:\Program Files (x86)\Steam\steamapps\common\Arma 3\mark\addons\functions_f_mp_mark.pbo - 150249
21:21:04 C:\Program Files (x86)\Steam\steamapps\common\Arma 3\mark\addons\languagemissions_f_mark.pbo - 150376
21:21:04 C:\Program Files (x86)\Steam\steamapps\common\Arma 3\mark\addons\languagemissions_f_mp_mark.pbo - 150376
21:21:04 C:\Program Files (x86)\Steam\steamapps\common\Arma 3\mark\addons\language_f_mark.pbo - 150376
21:21:04 C:\Program Files (x86)\Steam\steamapps\common\Arma 3\mark\addons\language_f_mp_mark.pbo - 150376
21:21:04 C:\Program Files (x86)\Steam\steamapps\common\Arma 3\mark\addons\missions_f_mark.pbo - 122301
21:21:04 C:\Program Files (x86)\Steam\steamapps\common\Arma 3\mark\addons\missions_f_mark_data.pbo - 119459
21:21:04 C:\Program Files (x86)\Steam\steamapps\common\Arma 3\mark\addons\missions_f_mark_video.pbo - 119459
21:21:04 C:\Program Files (x86)\Steam\steamapps\common\Arma 3\mark\addons\missions_f_mp_mark.pbo - 141704
21:21:04 C:\Program Files (x86)\Steam\steamapps\common\Arma 3\mark\addons\missions_f_mp_mark_data.pbo - 119459
21:21:04 C:\Program Files (x86)\Steam\steamapps\common\Arma 3\mark\addons\modules_f_mark.pbo - 148886
21:21:04 C:\Program Files (x86)\Steam\steamapps\common\Arma 3\mark\addons\modules_f_mp_mark.pbo - 150251
21:21:04 C:\Program Files (x86)\Steam\steamapps\common\Arma 3\mark\addons\music_f_mark.pbo - 119477
21:21:04 C:\Program Files (x86)\Steam\steamapps\common\Arma 3\mark\addons\music_f_mark_music.pbo - 119477
21:21:04 C:\Program Files (x86)\Steam\steamapps\common\Arma 3\mark\addons\sounds_f_mark.pbo - 143218
21:21:04 C:\Program Files (x86)\Steam\steamapps\common\Arma 3\mark\addons\static_f_mark.pbo - 146756
21:21:04 C:\Program Files (x86)\Steam\steamapps\common\Arma 3\mark\addons\structures_f_mark.pbo - 149003
21:21:04 C:\Program Files (x86)\Steam\steamapps\common\Arma 3\mark\addons\supplies_f_mark.pbo - 140562
21:21:04 C:\Program Files (x86)\Steam\steamapps\common\Arma 3\mark\addons\ui_f_mark.pbo - 119478
21:21:04 C:\Program Files (x86)\Steam\steamapps\common\Arma 3\mark\addons\ui_f_mp_mark.pbo - 119478
21:21:04 C:\Program Files (x86)\Steam\steamapps\common\Arma 3\mark\addons\weapons_f_mark.pbo - 149339
21:21:04 C:\Program Files (x86)\Steam\steamapps\common\Arma 3\heli\addons\air_f_heli.pbo - 150364
21:21:04 C:\Program Files (x86)\Steam\steamapps\common\Arma 3\heli\addons\anims_f_heli.pbo - 123210
21:21:04 C:\Program Files (x86)\Steam\steamapps\common\Arma 3\heli\addons\boat_f_heli.pbo - 119457
21:21:04 C:\Program Files (x86)\Steam\steamapps\common\Arma 3\heli\addons\cargoposes_f_heli.pbo - 126231
21:21:04 C:\Program Files (x86)\Steam\steamapps\common\Arma 3\heli\addons\data_f_heli.pbo - 119457
21:21:04 C:\Program Files (x86)\Steam\steamapps\common\Arma 3\heli\addons\dubbing_f_heli.pbo - 119457
21:21:04 C:\Program Files (x86)\Steam\steamapps\common\Arma 3\heli\addons\functions_f_heli.pbo - 123022
21:21:04 C:\Program Files (x86)\Steam\steamapps\common\Arma 3\heli\addons\languagemissions_f_heli.pbo - 150376
21:21:04 C:\Program Files (x86)\Steam\steamapps\common\Arma 3\heli\addons\language_f_heli.pbo - 150376
21:21:04 C:\Program Files (x86)\Steam\steamapps\common\Arma 3\heli\addons\missions_f_heli.pbo - 129397
21:21:04 C:\Program Files (x86)\Steam\steamapps\common\Arma 3\heli\addons\missions_f_heli_data.pbo - 119459
21:21:04 C:\Program Files (x86)\Steam\steamapps\common\Arma 3\heli\addons\missions_f_heli_video.pbo - 119459
21:21:04 C:\Program Files (x86)\Steam\steamapps\common\Arma 3\heli\addons\modules_f_heli.pbo - 150249
21:21:04 C:\Program Files (x86)\Steam\steamapps\common\Arma 3\heli\addons\music_f_heli.pbo - 119477
21:21:04 C:\Program Files (x86)\Steam\steamapps\common\Arma 3\heli\addons\music_f_heli_music.pbo - 119477
21:21:04 C:\Program Files (x86)\Steam\steamapps\common\Arma 3\heli\addons\soft_f_heli.pbo - 129742
21:21:04 C:\Program Files (x86)\Steam\steamapps\common\Arma 3\heli\addons\sounds_f_heli.pbo - 119478
21:21:04 C:\Program Files (x86)\Steam\steamapps\common\Arma 3\heli\addons\structures_f_heli.pbo - 141968
21:21:04 C:\Program Files (x86)\Steam\steamapps\common\Arma 3\heli\addons\supplies_f_heli.pbo - 145695
21:21:04 C:\Program Files (x86)\Steam\steamapps\common\Arma 3\heli\addons\ui_f_heli.pbo - 119478
21:21:04 C:\Program Files (x86)\Steam\steamapps\common\Arma 3\kart\addons\anims_f_kart.pbo - 123210
21:21:04 C:\Program Files (x86)\Steam\steamapps\common\Arma 3\kart\addons\characters_f_kart.pbo - 148392
21:21:04 C:\Program Files (x86)\Steam\steamapps\common\Arma 3\kart\addons\data_f_kart.pbo - 119457
21:21:04 C:\Program Files (x86)\Steam\steamapps\common\Arma 3\kart\addons\languagemissions_f_kart.pbo - 150376
21:21:04 C:\Program Files (x86)\Steam\steamapps\common\Arma 3\kart\addons\language_f_kart.pbo - 150376
21:21:04 C:\Program Files (x86)\Steam\steamapps\common\Arma 3\kart\addons\missions_f_kart.pbo - 149274
21:21:04 C:\Program Files (x86)\Steam\steamapps\common\Arma 3\kart\addons\missions_f_kart_data.pbo - 119459
21:21:04 C:\Program Files (x86)\Steam\steamapps\common\Arma 3\kart\addons\modules_f_kart.pbo - 150028
21:21:04 C:\Program Files (x86)\Steam\steamapps\common\Arma 3\kart\addons\modules_f_kart_data.pbo - 149274
21:21:04 C:\Program Files (x86)\Steam\steamapps\common\Arma 3\kart\addons\soft_f_kart.pbo - 150071
21:21:04 C:\Program Files (x86)\Steam\steamapps\common\Arma 3\kart\addons\sounds_f_kart.pbo - 125381
21:21:04 C:\Program Files (x86)\Steam\steamapps\common\Arma 3\kart\addons\structures_f_kart.pbo - 123419
21:21:04 C:\Program Files (x86)\Steam\steamapps\common\Arma 3\kart\addons\ui_f_kart.pbo - 119478
21:21:04 C:\Program Files (x86)\Steam\steamapps\common\Arma 3\kart\addons\weapons_f_kart.pbo - 138461
21:21:04 C:\Program Files (x86)\Steam\steamapps\common\Arma 3\curator\addons\data_f_curator.pbo - 149127
21:21:04 C:\Program Files (x86)\Steam\steamapps\common\Arma 3\curator\addons\data_f_curator_music.pbo - 119457
21:21:04 C:\Program Files (x86)\Steam\steamapps\common\Arma 3\curator\addons\functions_f_curator.pbo - 150096
21:21:04 C:\Program Files (x86)\Steam\steamapps\common\Arma 3\curator\addons\language_f_curator.pbo - 150376
21:21:04 C:\Program Files (x86)\Steam\steamapps\common\Arma 3\curator\addons\missions_f_curator.pbo - 121570
21:21:04 C:\Program Files (x86)\Steam\steamapps\common\Arma 3\curator\addons\modules_f_curator.pbo - 150096
21:21:04 C:\Program Files (x86)\Steam\steamapps\common\Arma 3\curator\addons\ui_f_curator.pbo - 150267
21:21:04 addons\3den.pbo - 150348
21:21:04 addons\3den_language.pbo - 150376
21:21:04 addons\a3.pbo - unknown
21:21:04 addons\air_f.pbo - 150071
21:21:04 addons\air_f_beta.pbo - 149975
21:21:04 addons\air_f_epb.pbo - 145119
21:21:04 addons\air_f_epc.pbo - 150048
21:21:04 addons\air_f_gamma.pbo - 150048
21:21:04 addons\animals_f.pbo - 150071
21:21:04 addons\animals_f_beta.pbo - 150071
21:21:04 addons\anims_f.pbo - 150249
21:21:04 addons\anims_f_bootcamp.pbo - 123209
21:21:04 addons\anims_f_data.pbo - 148601
21:21:04 addons\anims_f_epa.pbo - 134499
21:21:04 addons\anims_f_epc.pbo - 121358
21:21:04 addons\anims_f_exp_a.pbo - 123209
21:21:04 addons\anims_f_mod.pbo - 135280
21:21:04 addons\armor_f.pbo - 149414
21:21:04 addons\armor_f_beta.pbo - 150339
21:21:04 addons\armor_f_epb.pbo - 150260
21:21:04 addons\armor_f_epc.pbo - 148819
21:21:04 addons\armor_f_gamma.pbo - 150249
21:21:04 addons\baseconfig_f.pbo - 119457
21:21:04 addons\boat_f.pbo - 150265
21:21:04 addons\boat_f_beta.pbo - 132036
21:21:04 addons\boat_f_epc.pbo - 131911
21:21:04 addons\boat_f_gamma.pbo - 127529
21:21:04 addons\cargoposes_f.pbo - 149489
21:21:04 addons\characters_f.pbo - 150282
21:21:04 addons\characters_f_beta.pbo - 149965
21:21:04 addons\characters_f_bootcamp.pbo - 149274
21:21:04 addons\characters_f_epa.pbo - 148392
21:21:04 addons\characters_f_epb.pbo - 148392
21:21:04 addons\characters_f_epc.pbo - 148392
21:21:04 addons\characters_f_gamma.pbo - 148392
21:21:04 addons\data_f.pbo - 150322
21:21:04 addons\data_f_bootcamp.pbo - 129618
21:21:04 addons\data_f_exp_a.pbo - 119457
21:21:04 addons\data_f_exp_b.pbo - 119457
21:21:04 addons\data_f_mod.pbo - 131534
21:21:04 addons\data_f_warlords.pbo - 147096
21:21:04 addons\drones_f.pbo - 146855
21:21:04 addons\dubbing_f.pbo - 119457
21:21:04 addons\dubbing_f_beta.pbo - 119457
21:21:04 addons\dubbing_f_bootcamp.pbo - 119457
21:21:04 addons\dubbing_f_epa.pbo - 119457
21:21:04 addons\dubbing_f_epb.pbo - 119457
21:21:04 addons\dubbing_f_epc.pbo - 119457
21:21:04 addons\dubbing_f_gamma.pbo - 122449
21:21:04 addons\dubbing_f_warlords.pbo - 136700
21:21:04 addons\dubbing_radio_f.pbo - 119457
21:21:04 addons\dubbing_radio_f_data_eng.pbo - 119457
21:21:04 addons\dubbing_radio_f_data_engb.pbo - 119458
21:21:04 addons\dubbing_radio_f_data_gre.pbo - 119458
21:21:04 addons\dubbing_radio_f_data_per.pbo - 150218
21:21:04 addons\dubbing_radio_f_data_vr.pbo - 119458
21:21:04 addons\editorpreviews_f.pbo - 149003
21:21:04 addons\editor_f.pbo - 121103
21:21:04 addons\functions_f.pbo - 150376
21:21:04 addons\functions_f_bootcamp.pbo - 150249
21:21:04 addons\functions_f_epa.pbo - 150249
21:21:04 addons\functions_f_epc.pbo - 119458
21:21:04 addons\functions_f_exp_a.pbo - 150298
21:21:04 addons\functions_f_warlords.pbo - 150354
21:21:04 addons\languagemissions_f.pbo - 150376
21:21:04 addons\languagemissions_f_beta.pbo - 150376
21:21:04 addons\languagemissions_f_bootcamp.pbo - 150376
21:21:04 addons\languagemissions_f_epa.pbo - 150376
21:21:04 addons\languagemissions_f_epb.pbo - 150376
21:21:04 addons\languagemissions_f_epc.pbo - 150376
21:21:04 addons\languagemissions_f_exp_a.pbo - 150376
21:21:04 addons\languagemissions_f_gamma.pbo - 150376
21:21:04 addons\language_f.pbo - 150376
21:21:04 addons\language_f_beta.pbo - 150376
21:21:04 addons\language_f_bootcamp.pbo - 150376
21:21:04 addons\language_f_epa.pbo - 150376
21:21:04 addons\language_f_epb.pbo - 150376
21:21:04 addons\language_f_epc.pbo - 150376
21:21:04 addons\language_f_exp_a.pbo - 150376
21:21:04 addons\language_f_exp_b.pbo - 150376
21:21:04 addons\language_f_gamma.pbo - 150376
21:21:04 addons\language_f_mod.pbo - 150376
21:21:04 addons\language_f_warlords.pbo - 150376
21:21:04 addons\map_altis.pbo - 148442
21:21:04 addons\map_altis_data.pbo - 135904
21:21:04 addons\map_altis_data_layers.pbo - 135913
21:21:04 addons\map_altis_data_layers_00_00.pbo - 0000
21:21:04 addons\map_altis_data_layers_00_01.pbo - 0000
21:21:04 addons\map_altis_data_layers_01_00.pbo - 0000
21:21:04 addons\map_altis_data_layers_01_01.pbo - 0000
21:21:04 addons\map_altis_scenes_f.pbo - 119459
21:21:04 addons\map_data.pbo - 134124
21:21:04 addons\map_stratis.pbo - 148442
21:21:04 addons\map_stratis_data.pbo - 135888
21:21:04 addons\map_stratis_data_layers.pbo - 135888
21:21:04 addons\map_stratis_scenes_f.pbo - 119459
21:21:04 addons\map_vr.pbo - 135900
21:21:04 addons\map_vr_scenes_f.pbo - 119459
21:21:04 addons\misc_f.pbo - 119459
21:21:04 addons\missions_f.pbo - 141704
21:21:04 addons\missions_f_beta.pbo - 150355
21:21:04 addons\missions_f_beta_data.pbo - 149165
21:21:04 addons\missions_f_beta_video.pbo - 119459
21:21:04 addons\missions_f_bootcamp.pbo - 145509
21:21:04 addons\missions_f_bootcamp_data.pbo - 150339
21:21:04 addons\missions_f_bootcamp_video.pbo - 119459
21:21:04 addons\missions_f_data.pbo - 119459
21:21:04 addons\missions_f_epa.pbo - 144315
21:21:04 addons\missions_f_epa_data.pbo - 119459
21:21:04 addons\missions_f_epa_video.pbo - 119459
21:21:04 addons\missions_f_epb.pbo - 119459
21:21:04 addons\missions_f_epc.pbo - 141704
21:21:04 addons\missions_f_exp_a.pbo - 141704
21:21:04 addons\missions_f_exp_a_data.pbo - 119459
21:21:04 addons\missions_f_gamma.pbo - 150176
21:21:04 addons\missions_f_gamma_data.pbo - 119459
21:21:04 addons\missions_f_gamma_video.pbo - 119459
21:21:04 addons\missions_f_video.pbo - 119459
21:21:04 addons\missions_f_warlords.pbo - 145437
21:21:04 addons\modules_f.pbo - 150282
21:21:04 addons\modules_f_beta.pbo - 150348
21:21:04 addons\modules_f_beta_data.pbo - 149274
21:21:04 addons\modules_f_bootcamp.pbo - 119459
21:21:04 addons\modules_f_data.pbo - 122470
21:21:04 addons\modules_f_epb.pbo - 134655
21:21:04 addons\modules_f_exp_a.pbo - 119459
21:21:04 addons\modules_f_warlords.pbo - 144205
21:21:04 addons\music_f.pbo - 119459
21:21:04 addons\music_f_bootcamp.pbo - 119459
21:21:04 addons\music_f_bootcamp_music.pbo - 119459
21:21:04 addons\music_f_epa.pbo - 119459
21:21:04 addons\music_f_epa_music.pbo - 119459
21:21:04 addons\music_f_epb.pbo - 119459
21:21:04 addons\music_f_epb_music.pbo - 119459
21:21:04 addons\music_f_epc.pbo - 119459
21:21:04 addons\music_f_epc_music.pbo - 119477
21:21:04 addons\music_f_music.pbo - 119477
21:21:04 addons\plants_f.pbo - 148432
21:21:04 addons\props_f_exp_a.pbo - 147637
21:21:04 addons\roads_f.pbo - 148432
21:21:04 addons\rocks_f.pbo - 149339
21:21:04 addons\signs_f.pbo - 148432
21:21:04 addons\soft_f.pbo - 150364
21:21:04 addons\soft_f_beta.pbo - 150071
21:21:04 addons\soft_f_bootcamp.pbo - 150071
21:21:04 addons\soft_f_epc.pbo - 150070
21:21:04 addons\soft_f_gamma.pbo - 150183
21:21:04 addons\sounds_f.pbo - 150376
21:21:04 addons\sounds_f_arsenal.pbo - 143218
21:21:04 addons\sounds_f_bootcamp.pbo - 119477
21:21:04 addons\sounds_f_characters.pbo - 143095
21:21:04 addons\sounds_f_environment.pbo - 143095
21:21:04 addons\sounds_f_epb.pbo - 126923
21:21:04 addons\sounds_f_epc.pbo - 125380
21:21:04 addons\sounds_f_exp_a.pbo - 119477
21:21:04 addons\sounds_f_mod.pbo - 131534
21:21:04 addons\sounds_f_sfx.pbo - 143211
21:21:04 addons\sounds_f_vehicles.pbo - 146855
21:21:04 addons\static_f.pbo - 150149
21:21:04 addons\static_f_beta.pbo - 132365
21:21:04 addons\static_f_gamma.pbo - 122615
21:21:04 addons\structures_f.pbo - 150204
21:21:04 addons\structures_f_bootcamp.pbo - 143436
21:21:04 addons\structures_f_data.pbo - 148419
21:21:04 addons\structures_f_epa.pbo - 149252
21:21:04 addons\structures_f_epb.pbo - 148421
21:21:04 addons\structures_f_epc.pbo - 148804
21:21:04 addons\structures_f_exp_a.pbo - 132665
21:21:04 addons\structures_f_households.pbo - 150265
21:21:04 addons\structures_f_ind.pbo - 150048
21:21:04 addons\structures_f_mil.pbo - 150149
21:21:04 addons\structures_f_wrecks.pbo - 148419
21:21:04 addons\uifonts_f.pbo - 119478
21:21:04 addons\uifonts_f_data.pbo - 150106
21:21:04 addons\ui_f.pbo - 150377
21:21:04 addons\ui_f_bootcamp.pbo - 119478
21:21:04 addons\ui_f_data.pbo - 150326
21:21:04 addons\ui_f_exp_a.pbo - 119478
21:21:04 addons\weapons_f.pbo - 150364
21:21:04 addons\weapons_f_beta.pbo - 150174
21:21:04 addons\weapons_f_bootcamp.pbo - 141713
21:21:04 addons\weapons_f_epa.pbo - 148783
21:21:04 addons\weapons_f_epb.pbo - 137810
21:21:04 addons\weapons_f_epc.pbo - 130416
21:21:04 addons\weapons_f_gamma.pbo - 148783
21:21:04 addons\weapons_f_mod.pbo - 149339
21:21:04 
21:21:04 =======================
21:21:04 
21:21:04 ============================================================================================= List of mods ===============================================================================================
21:21:04 modsReadOnly = true
21:21:04 safeModsActivated = false
21:21:04 customMods = false
21:21:04 hash = '6C584954DEB0F080831D029BED8192F511039AC3'
21:21:04 hashShort = '5ece2f59'
21:21:04                                               name |               modDir |    default |   official |               origin |                                     hash | hashShort | fullPath
21:21:04 ----------------------------------------------------------------------------------------------------------------------------------------------------------------------------------------------------------
21:21:04                                  Arma 3 Art of War |                  aow |       true |       true |             GAME DIR | 3ae464fb1ee27d35acc50477989c9e775613f1f1 |  1dd6e6fd | C:\Program Files (x86)\Steam\steamapps\common\Arma 3\aow
21:21:04                          Arma 3 Contact (Platform) |                enoch |       true |       true |             GAME DIR | 538ffaa1fb95e8147ef024ecddcc73be0e7b9458 |  17fd6d82 | C:\Program Files (x86)\Steam\steamapps\common\Arma 3\enoch
21:21:04                                       Arma 3 Tanks |                 tank |       true |       true |             GAME DIR | 57d37f6486bb0c4cfdf26c1f19b687d68e4efae5 |  69fb4520 | C:\Program Files (x86)\Steam\steamapps\common\Arma 3\tank
21:21:04                                     Arma 3 Tac-Ops |               tacops |       true |       true |             GAME DIR | 59d57edbc12c9880cd80311ef30c950b682b6412 |  a7b5c2a9 | C:\Program Files (x86)\Steam\steamapps\common\Arma 3\tacops
21:21:04                                 Arma 3 Laws of War |               orange |       true |       true |             GAME DIR | be39f1ba70bb9cdb5d2ae6195916d76e386e2441 |  5d29f341 | C:\Program Files (x86)\Steam\steamapps\common\Arma 3\orange
21:21:04                                      Arma 3 Malden |                 argo |       true |       true |             GAME DIR | 06d742071741d24d0c35a4d134aefb940fcd3553 |  5cd0991f | C:\Program Files (x86)\Steam\steamapps\common\Arma 3\argo
21:21:04                                        Arma 3 Jets |                 jets |       true |       true |             GAME DIR | 5a21678ca3723031778598269e7e1d1b5e37c0e1 |  2b474972 | C:\Program Files (x86)\Steam\steamapps\common\Arma 3\jets
21:21:04                                        Arma 3 Apex |            expansion |       true |       true |             GAME DIR | 30083e92e7a0ff1b3c7bcd3717a5fe92a87b639a |  7d3057db | C:\Program Files (x86)\Steam\steamapps\common\Arma 3\expansion
21:21:04                                    Arma 3 Marksmen |                 mark |       true |       true |             GAME DIR | 5034faea0e820f1841fbe516f789e7f6995faa77 |  d62bd90a | C:\Program Files (x86)\Steam\steamapps\common\Arma 3\mark
21:21:04                                 Arma 3 Helicopters |                 heli |       true |       true |             GAME DIR | 41d6199468a55fcc93330fece56870d01732cae6 |  32726052 | C:\Program Files (x86)\Steam\steamapps\common\Arma 3\heli
21:21:04                                       Arma 3 Karts |                 kart |       true |       true |             GAME DIR | 8dd25b9a9ab38566457f661ecebc04c49e9cef93 |  e3031fd2 | C:\Program Files (x86)\Steam\steamapps\common\Arma 3\kart
21:21:04                                        Arma 3 Zeus |              curator |       true |       true |             GAME DIR | 3ae2d68df573f277bad9f044a4e2221caa811cdf |  61c8fca5 | C:\Program Files (x86)\Steam\steamapps\common\Arma 3\curator
21:21:04                                             Arma 3 |                   A3 |       true |       true |    NOT FOUND (Empty) |                                          |           | 
21:21:04 ==========================================================================================================================================================================================================
21:21:04 DX11 - Initializing DX11 engine.
21:21:04 DX11 - Using DXGI adapter 0 (detected in config).
21:21:04 DX11 - Using DXGI adapter 0.
21:21:04     - adapter description : NVIDIA GeForce RTX 3070
21:21:04     - adapter vendor ID : 4318
21:21:04     - adapter device ID : 9352
21:21:04     - adapter subsys ID : 2284589123
21:21:04     - adapter revision  : 161
21:21:04     - dedicated video memory : 4127195136
21:21:04     - dedicated system memory : 0
21:21:04     - shared system memory : 4218660864
21:21:04     - driver version : 52647/r526_25
21:21:04 InitSound ...
21:21:05 Selected Audio Output: Sankakuuloke (GameDAC Chat) - Channels: 2, Freq: 48000
21:21:05 InitSound - complete
21:21:05 Detected Joystick: Joystick (Razer Huntsman V2 Analog)
21:21:05     0 ... X Axis [1,30]
21:21:05     1 ... Y Axis [1,31]
21:21:05     2 ... Z Axis [1,32]
21:21:05     3 ... X Rotation [1,33]
21:21:05     4 ... Y Rotation [1,34]
21:21:05     5 ... Z Rotation [1,35]
21:21:07 PhysX3 SDK Init started ...
21:21:07 PhysX3 SDK Init ended.
21:21:09 SimulWeather - Cloud Renderer - noise texture file is not specified!
21:21:11 Loading movesType CfgGesturesMale
21:21:11 Creating action map cache
21:21:11 MovesType CfgGesturesMale load time 44.0 ms
21:21:11 Loading movesType CfgMovesMaleSdr
21:21:11 Creating action map cache
21:21:13 Warning: looped for animation: a3\anims_f_epa\data\anim\sdr\cts\hubcleaned\briefing\hubbriefing_loop.rtm differs (looped now 1)! MoveName: hubbriefing_loop
21:21:13 Warning: looped for animation: a3\anims_f_epa\data\anim\sdr\cts\hubcleaned\briefing\hubbriefing_loop.rtm differs (looped now 0)! MoveName: hubbriefing_ext
21:21:14 Warning: looped for animation: a3\anims_f_epa\data\anim\sdr\cts\hubcleaned\spectator\hubspectator_stand.rtm differs (looped now 1)! MoveName: hubspectator_stand_contact
21:21:14 MovesType CfgMovesMaleSdr load time 2655.0 ms
21:21:14 Starting mission:
21:21:14  Mission file: introExp
21:21:14  Mission world: Stratis
21:21:14  Mission directory: a3\map_stratis_scenes_f\scenes\introExp.Stratis\
21:21:14 No more slot to add connection at 033057 (3386.8,5735.4)
21:21:15 Strange convex component145 in a3\plants_f\tree\t_pinuss2s_b_f.p3d:geometryView
21:21:15 Strange convex component149 in a3\plants_f\tree\t_pinuss2s_b_f.p3d:geometryView
21:21:23 Weather was forced to change
21:21:26 Fresnel k must be >0, given n=2.51,k=0
21:21:26 Loading movesType CfgMovesSnakes_F
21:21:26 Creating action map cache
21:21:28 Loading movesType CfgMovesButterfly
21:21:28 Creating action map cache
21:21:29 Loading movesType CfgMovesBird
21:21:29 Creating action map cache
21:21:34 Loading movesType CfgMovesRabbit_F
21:21:34 Creating action map cache
21:22:55 Starting mission:
21:22:55  Mission file: KingOfTheHill_by_Sa-Matra_for_CODE4 (__CUR_MP)
21:22:55  Mission world: Altis
21:22:55  Mission directory: mpmissions\__CUR_MP.Altis\
21:22:56 Strange convex component202 in a3\structures_f\households\house_small01\d_house_small_01_v1_f.p3d:geometryView
21:22:56 Strange convex component203 in a3\structures_f\households\house_small01\d_house_small_01_v1_f.p3d:geometryView
21:22:56 Strange convex component115 in a3\structures_f\households\house_big01\u_house_big_01_v1_f.p3d:geometryView
21:22:56 Strange convex component117 in a3\structures_f\households\house_big01\u_house_big_01_v1_f.p3d:geometryView
21:22:58 Wrong vertex mapping for person collision geometry found in a3\characters_f\civil\c_nikos.p3d. Selection 1c not found
21:22:58 Wrong vertex mapping for person collision geometry found in a3\characters_f\civil\c_nikos.p3d. Selection 2c not found
21:22:58 Wrong vertex mapping for person collision geometry found in a3\characters_f\civil\c_nikos.p3d. Selection 3c not found
21:22:58 Wrong vertex mapping for person collision geometry found in a3\characters_f\civil\c_nikos.p3d. Selection 4c not found
21:22:58 Wrong vertex mapping for person collision geometry found in a3\characters_f\civil\c_nikos.p3d. Selection 5c not found
21:22:58 Wrong vertex mapping for person collision geometry found in a3\characters_f\civil\c_nikos.p3d. Selection 6c not found
21:22:58 Wrong vertex mapping for person collision geometry found in a3\characters_f\civil\c_nikos.p3d. Selection 7c not found
21:22:58 Wrong vertex mapping for person collision geometry found in a3\characters_f\civil\c_nikos.p3d. Selection 8c not found
21:22:58 Wrong geometry convex component mapping  for person collision geometry found in a3\characters_f\civil\c_nikos.p3d. Convex component number 3. not found
21:22:58 Strange convex component24 in a3\structures_f\households\house_small02\i_house_small_02_v2_dam_f.p3d:geometryView
21:22:58 Strange convex component24 in a3\structures_f\households\house_small02\u_house_small_02_v1_dam_f.p3d:geometryView
21:22:58 Strange convex component24 in a3\structures_f\households\house_small02\i_house_small_02_v3_dam_f.p3d:geometryView
21:22:58 Strange convex component24 in a3\structures_f\households\house_small02\i_house_small_02_v1_dam_f.p3d:geometryView
21:22:59 I_APC_Wheeled_03_cannon_F: indicator_com_smoke_1 - unknown animation source smoke_source
21:22:59 I_APC_Wheeled_03_cannon_F: indicator_com_smoke_2 - unknown animation source smoke_source
21:22:59 Warning: Convex component representing Slide not found
21:22:59 B_AFV_Wheeled_01_up_cannon_F: zasleh_rot - unknown animation source muzzle_rot
21:22:59 B_AFV_Wheeled_01_up_cannon_F: hideturret - unknown animation source hideturret
21:22:59 Duplicate HitPoint name 'HitTurret' in 'B_LSV_01_AT_F'
21:22:59 Duplicate HitPoint name 'HitGun' in 'B_LSV_01_AT_F'
21:22:59 O_LSV_02_AT_F: unarmed_main_turret_hide - unknown animation source turrethide
21:22:59 O_LSV_02_AT_F: unarmed_doors_hide - unknown animation source doorshide
21:22:59 O_LSV_02_unarmed_arid_F: unarmed_main_turret_hide - unknown animation source turrethide
21:22:59 O_LSV_02_unarmed_arid_F: unarmed_doors_hide - unknown animation source doorshide
21:22:59 O_LSV_02_unarmed_arid_F: mainturret - unknown animation source mainturret
21:22:59 O_LSV_02_unarmed_arid_F: maingun - unknown animation source maingun
21:22:59 O_LSV_02_unarmed_arid_F: maingunner - unknown animation source maingun
21:22:59 O_LSV_02_unarmed_arid_F: opticsfix - unknown animation source maingun
21:22:59 O_LSV_02_unarmed_arid_F: magazine_reload_hide_1 - unknown animation source voronamuzzle_reloadmagazine
21:22:59 O_APC_Tracked_02_cannon_F: cannon_ready_light - unknown animation source muzzle_hide_cannon
21:22:59 B_LSV_01_unarmed_sand_F: mainturret - unknown animation source mainturret
21:22:59 B_LSV_01_unarmed_sand_F: maingun - unknown animation source maingun
21:22:59 B_LSV_01_unarmed_sand_F: codriverturret - unknown animation source codriverturret
21:22:59 B_LSV_01_unarmed_sand_F: codrivergun - unknown animation source codrivergun
21:22:59 B_LSV_01_unarmed_sand_F: magazine_reload_hide_1 - unknown animation source titanmuzzle_reloadmagazine
21:22:59 Cannot create object 2:5379 with type[Turret], param[turret], NMT code[250]: 
21:22:59 Cannot create object 2:5870 with type[Turret], param[turret], NMT code[250]: 
21:22:59 No speaker given for 'Vega Papageorgiou'
21:22:59 No speaker given for 'Angelos Kammenou'
21:22:59 No speaker given for 'Dimitiros Moraiti'
21:22:59 No speaker given for 'Vasilis Costas'
21:22:59 No speaker given for 'Fotini Karmanlis'
21:22:59 No speaker given for 'Gregor Karmanlis'
21:22:59 No speaker given for 'Theodoros Xenakis'
21:22:59 No speaker given for 'Theofilos Kanelloupou'
21:22:59 No speaker given for 'Arion Kammenou'
21:22:59 Setting invalid pitch 0.0000 for O Alpha 1-1:1 REMOTE
21:22:59 Setting invalid pitch 0.0000 for B Alpha 1-1:1 REMOTE
21:22:59 Setting invalid pitch 0.0000 for R Alpha 1-1:1 REMOTE
21:22:59 Setting invalid pitch 0.0000 for Logic_LobbyLeader
21:22:59 Setting invalid pitch 0.0000 for C Alpha 1-2:1 REMOTE
21:22:59 Setting invalid pitch 0.0000 for L Alpha 1-1:1 REMOTE
21:22:59 Setting invalid pitch 0.0000 for L Alpha 1-2:1 REMOTE
21:22:59 No speaker given for 'Angelos Nicolau'
21:22:59 No speaker given for 'Janos Mylonaki'
21:22:59 No speaker given for 'Leventis Nicolau'
21:22:59 No speaker given for 'Theodoros Strambopoulos'
21:22:59 No speaker given for 'Vangelis Cosmos'
21:22:59 No speaker given for 'Michalis Nicolau'
21:22:59 No speaker given for 'Janos Baros'
21:22:59 No speaker given for 'Lazaros Elias'
21:22:59 No speaker given for 'Stergos Dimitriadis'
21:22:59 Time was adjusted to keep it same as on server.
21:22:59 Client: Object 2:5870 (type Type_135) not found.
21:22:59 Client: Object 2:5870 (type Type_263) not found.
21:22:59 Client: Object 2:5870 (type Type_470) not found.
21:22:59 Ragdoll - loading of ragdoll source "Soldier" started.
21:22:59 Ragdoll - loading of ragdoll source "Soldier" finished successfully.
21:22:59 SetFace error: class CfgFaces.Man_A3.vn_b_Mavros_11 not found
21:22:59 Error: Error during SetFace - class CfgFaces.Man_A3.vn_b_Mavros_11 not found
21:22:59 "====================== A3 King of Hill Client started ==========================="
21:22:59 41
21:22:59 O_APC_Tracked_02_AA_F: cannon_ready_light - unknown animation source muzzle_hide_cannon
21:22:59 R Alpha 2-5:1 () REMOTE: Getting out while IsMoveOutInProgress
21:23:00 "Profile version key"
21:23:00 "KOTH5"
21:23:00 1ce9d6c1100# 1813954: ig_guerrilla5_1.p3d REMOTE: Getting out while IsMoveOutInProgress
21:23:00 Weather was forced to change
21:23:00 Setting invalid pitch 0.0000 for C Alpha 1-1:2 REMOTE
21:23:00 ["LOADING","kg60do","76561198099920197"]
21:23:00 ["LOADING","kg60do","76561198099920197"]
21:23:00 Scripting function 'bis_fnc_execvm' is not allowed to be remotely executed
21:23:00 ["LOADING","kg60do","76561198099920197"]
21:23:00 ["LOADING","kg60do","76561198099920197"]
21:23:00 ["LOADING","kg60do","76561198099920197"]
21:23:00 ["LOADING","kg60do","76561198099920197"]
21:23:00 ["LOADING","kg60do","76561198099920197"]
21:23:00 ["LOADING","kg60do","76561198099920197"]
21:23:00 ["LOADING","kg60do","76561198099920197"]
21:23:00 ["LOADING","kg60do","76561198099920197"]
21:23:00 ["LOADING","kg60do","76561198099920197"]
21:23:00 ["LOADING","kg60do","76561198099920197"]
21:23:00 ["LOADING","kg60do","76561198099920197"]
21:23:00 ["LOADING","kg60do","76561198099920197"]
21:23:00  Mission id: d9cacfe31f7f704b1a7d2122b5ab62b0e4f5b3fe
21:23:00 ["LOADING","kg60do","76561198099920197"]
21:23:01 "call UI_initStuff;"
21:23:02 "Got weather update from the server!"
21:23:02 "	Set rainbow to 0.35 over 307 s (server value = 0.35)"
21:23:02 "	Set wind to [1.31059,0,true] over 307 s (server value = [1.66706,-0.0440405,true])"
21:23:02 "	Set rain to 0 over 307 s (server value = 0)"
21:23:02 "	Set fog to 0.00988879 over 93 s (server value = 0.00799554)"
21:23:02 "	Set lightnings to 0 over 307 s (server value = 0)"
21:23:02 "	Set overcast to 0.375153 over 307 s (server value = 0.377539)"
21:23:02 "	Set gusts to 0.127419 over 307 s (server value = 0.0986303)"
21:23:02 "	Set waves to -0.0952712 over 307 s (server value = 0.0235337)"
21:23:06 Strange convex component317 in a3\rocks_f\blunt\bluntrock_wallv.p3d:geometry
21:23:06 Strange convex component318 in a3\rocks_f\blunt\bluntrock_wallv.p3d:geometry
21:23:06 Strange convex component319 in a3\rocks_f\blunt\bluntrock_wallv.p3d:geometry
21:23:06 Strange convex component317 in a3\rocks_f\blunt\bluntrock_wallv.p3d:geometryView
21:23:06 Strange convex component318 in a3\rocks_f\blunt\bluntrock_wallv.p3d:geometryView
21:23:06 Strange convex component319 in a3\rocks_f\blunt\bluntrock_wallv.p3d:geometryView
21:23:07 Time was adjusted to keep it same as on server.
21:23:09 O_LSV_02_unarmed_black_F: unarmed_main_turret_hide - unknown animation source turrethide
21:23:09 O_LSV_02_unarmed_black_F: unarmed_doors_hide - unknown animation source doorshide
21:23:09 O_LSV_02_unarmed_black_F: mainturret - unknown animation source mainturret
21:23:09 O_LSV_02_unarmed_black_F: maingun - unknown animation source maingun
21:23:09 O_LSV_02_unarmed_black_F: maingunner - unknown animation source maingun
21:23:09 O_LSV_02_unarmed_black_F: opticsfix - unknown animation source maingun
21:23:09 O_LSV_02_unarmed_black_F: magazine_reload_hide_1 - unknown animation source voronamuzzle_reloadmagazine
21:23:09 Fresnel k must be >0, given n=1.4,k=0
21:23:18 Strange convex component322 in a3\structures_f\research\dome_big_f.p3d:geometryFire
21:23:18 Strange convex component327 in a3\structures_f\research\dome_big_f.p3d:geometryFire
21:23:44 Setting invalid pitch 0.0000 for C Alpha 1-1:2 REMOTE
21:23:52 Setting invalid pitch 0.0000 for C Alpha 1-1:2 REMOTE
21:24:33 Warning: Convex component representing Slide not found
21:24:48 Fresnel n must be >0, given n=0,k=10
21:25:30 Warning: Convex component representing Track_L not found
21:25:30 Warning: Convex component representing Track_R not found
21:25:30 O_MBT_04_command_F: damage_decal_left_3_unhide - unknown animation source damage_slat_left
21:25:30 O_MBT_04_command_F: damage_camonet_left_3_hide - unknown animation source damage_slat_left
21:25:30 O_MBT_04_command_F: damage_decal_right_3_unhide - unknown animation source damage_slat_right
21:25:30 O_MBT_04_command_F: damage_camonet_right_3_hide - unknown animation source damage_slat_right
21:25:30 O_MBT_04_command_F: hidehull - unknown animation source hidehull
21:25:30 O_MBT_04_command_F: hideturret - unknown animation source hideturret
21:26:10 Error: EntityAI SubSkeleton index was not initialized properly (repeated 0x in the last 60sec)
21:26:10 name: Land_i_Stone_HouseSmall_V2_dam_F, shape: a3\structures_f\households\stone_small\i_stone_housesmall_v2_dam_f.p3d, index: -1, matrices: 5
21:26:20 Client: Object 116:98 (type Type_95) not found.
21:26:20 Client: Object 116:98 (type Type_96) not found.
21:26:20 Client: Object 116:98 (type Type_462) not found.
21:26:24 Setting invalid pitch 0.0000 for C Alpha 1-1:2 REMOTE
21:26:38 SetFace error: class CfgFaces.Man_A3.vn_b_Mavros_11 not found
21:26:38 Error: Error during SetFace - class CfgFaces.Man_A3.vn_b_Mavros_11 not found
21:26:38 SetFace error: class CfgFaces.Man_A3.vn_b_Mavros_11 not found
21:26:38 Error: Error during SetFace - class CfgFaces.Man_A3.vn_b_Mavros_11 not found
21:26:38 SetFace error: class CfgFaces.Man_A3.vn_b_Mavros_11 not found
21:26:38 Error: Error during SetFace - class CfgFaces.Man_A3.vn_b_Mavros_11 not found
21:27:06 B Alpha 1-2:1 (Bozo) (Qilin (Unarmed)): Unknown action ListRightVehicleDisplay, target B Alpha 1-2:1 (Bozo)
21:28:07 Setting invalid pitch 0.0000 for C Alpha 1-1:2 REMOTE
21:28:08 "Got weather update from the server!"
21:28:08 "	Set rainbow to 0.35 over 1200 s (server value = 0.35)"
21:28:08 "	Set wind to [1.48762,0,true] over 1200 s (server value = [1.7118,0.0555832,true])"
21:28:08 "	Set rain to 0 over 1200 s (server value = 0)"
21:28:08 "	Set fog to 0.00605356 over 400 s (server value = 0.0112874)"
21:28:08 "	Set lightnings to 0 over 1200 s (server value = 0)"
21:28:08 "	Set overcast to 0.307854 over 1200 s (server value = 0.38003)"
21:28:08 "	Set gusts to 0.0540943 over 1200 s (server value = 0.127419)"
21:28:08 "	Set waves to 0.250015 over 1200 s (server value = 0.00351471)"
21:28:08 "Got weather update from the server!"
21:28:08 "	Set fog to 0.00360329 over 185 s (server value = 0.0112874)"
21:28:24 Observer B Alpha 1-3:1 (Wiglewigle) REMOTE in cargo of B Alpha 1-3:1 (Wiglewigle) REMOTE; message was repeated in last 60 sec: 0
21:28:43 B_APC_Wheeled_03_cannon_F: indicator_com_smoke_1 - unknown animation source smoke_source
21:28:43 B_APC_Wheeled_03_cannon_F: indicator_com_smoke_2 - unknown animation source smoke_source
21:28:57 Setting invalid pitch 0.0000 for C Alpha 1-1:2 REMOTE
21:29:10 Setting invalid pitch 0.0000 for C Alpha 1-1:2 REMOTE
21:29:13 SetFace error: class CfgFaces.Man_A3.vn_b_Mavros_11 not found
21:29:13 Error: Error during SetFace - class CfgFaces.Man_A3.vn_b_Mavros_11 not found
21:29:13 SetFace error: class CfgFaces.Man_A3.vn_b_Mavros_11 not found
21:29:13 Error: Error during SetFace - class CfgFaces.Man_A3.vn_b_Mavros_11 not found
21:29:13 SetFace error: class CfgFaces.Man_A3.vn_b_Mavros_11 not found
21:29:13 Error: Error during SetFace - class CfgFaces.Man_A3.vn_b_Mavros_11 not found
21:29:24 Observer B Alpha 1-3:1 (Wiglewigle) REMOTE in cargo of B Alpha 1-3:1 (Wiglewigle) REMOTE; message was repeated in last 60 sec: 5301
21:29:38 Client: Object 148:19 (type Type_95) not found.
21:29:38 Client: Object 148:19 (type Type_96) not found.
21:29:38 Client: Object 148:19 (type Type_462) not found.
21:30:24 Observer B Alpha 1-3:1 (Wiglewigle) REMOTE in cargo of B Alpha 1-3:1 (Wiglewigle) REMOTE; message was repeated in last 60 sec: 5763
21:30:24 Client: Object 75:298 (type Type_462) not found.
21:30:24 Client: Object 75:298 (type Type_96) not found.
21:30:24 Client: Object 75:298 (type Type_95) not found.
21:30:50 Setting invalid pitch 0.0000 for C Alpha 1-1:2 REMOTE
21:31:14 Setting invalid pitch 0.0000 for C Alpha 1-1:2 REMOTE
21:31:47 Error: EntityAI SubSkeleton index was not initialized properly (repeated 1x in the last 60sec)
21:31:47 name: Land_i_Stone_HouseSmall_V2_dam_F, shape: a3\structures_f\households\stone_small\i_stone_housesmall_v2_dam_f.p3d, index: -1, matrices: 5
21:31:48 Client: Object 116:120 (type Type_96) not found.
21:31:48 Client: Object 116:120 (type Type_96) not found.
21:31:48 Client: Object 116:120 (type Type_96) not found.
21:32:21 Setting invalid pitch 0.0000 for C Alpha 1-1:2 REMOTE
21:32:22 Setting invalid pitch 0.0000 for C Alpha 1-1:3 REMOTE
21:32:42 Setting invalid pitch 0.0000 for C Alpha 1-1:3 REMOTE
21:32:55 "Got weather update from the server!"
21:32:55 "	Set fog to 0.00629877 over 168 s (server value = 0.00362799)"
21:33:23 Observer B Alpha 1-4:1 (JaceCHP) REMOTE in cargo of B Alpha 1-4:1 (JaceCHP) REMOTE; message was repeated in last 60 sec: 2005
21:34:06 Setting invalid pitch 0.0000 for C Alpha 1-1:2 REMOTE
21:34:23 Observer B Alpha 1-4:1 (JaceCHP) REMOTE in cargo of B Alpha 1-4:1 (JaceCHP) REMOTE; message was repeated in last 60 sec: 4230
21:34:24 Duplicate weapon Throw detected for B_Soldier_F
21:34:24 Duplicate weapon Put detected for B_Soldier_F
21:34:25 Client: Object 75:306 (type Type_462) not found.
21:34:25 Client: Object 75:306 (type Type_96) not found.
21:34:25 Client: Object 75:306 (type Type_95) not found.
21:34:47 Setting invalid pitch 0.0000 for C Alpha 1-1:3 REMOTE
21:35:07 Client: Object 148:26 (type Type_95) not found.
21:35:07 Client: Object 148:26 (type Type_96) not found.
21:35:07 Client: Object 148:26 (type Type_462) not found.
21:35:24 Observer B Alpha 1-4:1 (JaceCHP) REMOTE in cargo of B Alpha 1-4:1 (JaceCHP) REMOTE; message was repeated in last 60 sec: 5949
21:35:42 Setting invalid pitch 0.0000 for C Alpha 1-1:2 REMOTE
21:35:48 Setting invalid pitch 0.0000 for C Alpha 1-1:3 REMOTE
21:35:49 Setting invalid pitch 0.0000 for C Alpha 1-1:4 REMOTE
21:35:59 Setting invalid pitch 0.0000 for C Alpha 1-1:2 REMOTE
21:36:21 O_LSV_02_armed_black_F: unarmed_main_turret_hide - unknown animation source turrethide
21:36:21 O_LSV_02_armed_black_F: unarmed_doors_hide - unknown animation source doorshide
21:36:21 O_LSV_02_armed_black_F: magazine_reload_hide_1 - unknown animation source voronamuzzle_reloadmagazine
21:36:21 Setting invalid pitch 0.0000 for C Alpha 1-1:2 REMOTE
21:36:24 Observer R Alpha 2-1:1 (Zerg) REMOTE in cargo of R Alpha 2-1:1 (Zerg) REMOTE; message was repeated in last 60 sec: 5114
21:36:29 Warning: Convex component representing Track_L not found
21:36:29 Warning: Convex component representing Track_R not found
21:36:29 O_MBT_04_cannon_F: damage_decal_left_3_unhide - unknown animation source damage_slat_left
21:36:29 O_MBT_04_cannon_F: damage_camonet_left_3_hide - unknown animation source damage_slat_left
21:36:29 O_MBT_04_cannon_F: damage_decal_right_3_unhide - unknown animation source damage_slat_right
21:36:29 O_MBT_04_cannon_F: damage_camonet_right_3_hide - unknown animation source damage_slat_right
21:36:29 O_MBT_04_cannon_F: hidehull - unknown animation source hidehull
21:36:29 O_MBT_04_cannon_F: hideturret - unknown animation source hideturret
21:36:33 Client: Object 79:245 (type Type_96) not found.
21:36:33 Client: Object 79:246 (type Type_95) not found.
21:36:33 Client: Object 79:245 (type Type_95) not found.
21:36:33 Client: Object 79:246 (type Type_462) not found.
21:36:33 Client: Object 79:246 (type Type_96) not found.
21:36:33 Client: Object 79:245 (type Type_462) not found.
21:36:44 "Got weather update from the server!"
21:36:44 "	Set fog to 0.00278625 over 120 s (server value = 0.00622291)"
21:36:57 Setting invalid pitch 0.0000 for C Alpha 1-1:2 REMOTE
21:37:03 Fresnel n must be >0, given n=0,k=1.4
21:37:06 Client: Object 2:6362 (type Type_135) not found.
21:37:06 Setting invalid pitch 0.0000 for C Alpha 1-1:3 REMOTE
21:37:14 Setting invalid pitch 0.0000 for C Alpha 1-1:5 REMOTE
21:37:20 Duplicate weapon Throw detected for B_Soldier_F
21:37:20 Duplicate weapon Put detected for B_Soldier_F
21:37:20 Client: Object 116:129 (type Type_96) not found.
21:37:20 Client: Object 116:129 (type Type_462) not found.
21:37:20 Client: Object 116:129 (type Type_95) not found.
21:37:24 Observer B Alpha 1-4:2 (Pasci Kingston) REMOTE in cargo of B Alpha 1-4:2 (Pasci Kingston) REMOTE; message was repeated in last 60 sec: 3395
21:37:30 Setting invalid pitch 0.0000 for C Alpha 1-1:4 REMOTE
21:37:42 Setting invalid pitch 0.0000 for C Alpha 1-1:5 REMOTE
21:37:58 JS_S_Caesar_BTT: Invalid parent bone 'zbytek' for 'lights_hide'
21:37:58 Array tex in bin\config.bin/CfgVehicles/Plane_Civil_01_base_F/Damage/ not even
21:37:58 C_Plane_Civil_01_F: mfd_center_needle_oil_psi - unknown animation source hitengine
21:37:58 C_Plane_Civil_01_F: hull_lights_coll_on_white_1_blinking - unknown animation source collisionlightwhite1t_source
21:37:58 C_Plane_Civil_01_F: hull_lights_coll_on_white_2_blinking - unknown animation source collisionlightwhite2r_source
21:37:58 In Vehicle: a3\air_f_exp\plane_civil_01\plane_civil_01_basic_f.p3d missing cargo 0 get in direction point
21:37:58 In Vehicle: a3\air_f_exp\plane_civil_01\plane_civil_01_basic_f.p3d missing cargo 0 get in direction point
21:37:59 Setting invalid pitch 0.0000 for C Alpha 1-1:6 REMOTE
21:38:01 Setting invalid pitch 0.0000 for C Alpha 1-1:7 REMOTE
21:38:03 Setting invalid pitch 0.0000 for C Alpha 1-1:8 REMOTE
21:38:12 Setting invalid pitch 0.0000 for C Alpha 1-1:7 REMOTE
21:38:24 Observer R Alpha 2-1:1 (Zerg) REMOTE in cargo of R Alpha 2-1:1 (Zerg) REMOTE; message was repeated in last 60 sec: 14114
21:38:32 Setting invalid pitch 0.0000 for C Alpha 1-1:2 REMOTE
21:38:36 B_LSV_01_unarmed_black_F: mainturret - unknown animation source mainturret
21:38:36 B_LSV_01_unarmed_black_F: maingun - unknown animation source maingun
21:38:36 B_LSV_01_unarmed_black_F: codriverturret - unknown animation source codriverturret
21:38:36 B_LSV_01_unarmed_black_F: codrivergun - unknown animation source codrivergun
21:38:36 B_LSV_01_unarmed_black_F: magazine_reload_hide_1 - unknown animation source titanmuzzle_reloadmagazine
21:38:58 Client: Object 143:75 (type Type_462) not found.
21:38:58 Client: Object 143:75 (type Type_96) not found.
21:38:58 Client: Object 143:75 (type Type_95) not found.
21:39:24 Observer R Alpha 1-5:1 (Alperen) REMOTE in cargo of R Alpha 1-5:1 (Alperen) REMOTE; message was repeated in last 60 sec: 13065
21:39:29 Client: Object 126:88 (type Type_462) not found.
21:39:29 Client: Object 126:88 (type Type_96) not found.
21:39:29 Client: Object 126:88 (type Type_95) not found.
21:39:46 Setting invalid pitch 0.0000 for C Alpha 1-1:2 REMOTE
21:39:47 Client: Object 127:106 (type Type_96) not found.
21:39:47 Client: Object 127:106 (type Type_95) not found.
21:39:47 Client: Object 127:106 (type Type_462) not found.
21:39:51 Error: EntityAI SubSkeleton index was not initialized properly (repeated 1x in the last 60sec)
21:39:51 name: Land_i_Stone_HouseSmall_V2_dam_F, shape: a3\structures_f\households\stone_small\i_stone_housesmall_v2_dam_f.p3d, index: -1, matrices: 5
21:40:05 Setting invalid pitch 0.0000 for C Alpha 1-1:3 REMOTE
21:40:17 SetFace error: class CfgFaces.Man_A3.vn_b_Mavros_11 not found
21:40:17 Error: Error during SetFace - class CfgFaces.Man_A3.vn_b_Mavros_11 not found
21:40:17 SetFace error: class CfgFaces.Man_A3.vn_b_Mavros_11 not found
21:40:17 Error: Error during SetFace - class CfgFaces.Man_A3.vn_b_Mavros_11 not found
21:40:17 SetFace error: class CfgFaces.Man_A3.vn_b_Mavros_11 not found
21:40:17 Error: Error during SetFace - class CfgFaces.Man_A3.vn_b_Mavros_11 not found
21:40:24 Observer R Alpha 2-1:1 (Zerg) REMOTE in cargo of R Alpha 2-1:1 (Zerg) REMOTE; message was repeated in last 60 sec: 3725
21:40:36 Setting invalid pitch 0.0000 for C Alpha 1-1:2 REMOTE
21:40:41 Warning: Convex component representing Track_L not found
21:40:41 Warning: Convex component representing Track_R not found
21:40:41 Warning: Convex component representing Slide not found
21:40:41 I_LT_01_AA_F: cannon_ready_light - unknown animation source muzzle_hide_cannon
21:40:41 I_LT_01_AA_F: indicator_com_turret_mfd_driver - unknown animation source obsturret
21:40:41 I_LT_01_AA_F: indicator_com_turret_mfd_gunner - unknown animation source obsturret
21:40:41 unable to connect anim. source "Hit" to hitpoint "HitComTurret" in I_LT_01_AA_F
21:40:55 Error: EntityAI SubSkeleton index was not initialized properly (repeated 13x in the last 60sec)
21:40:55 name: Land_i_Stone_HouseSmall_V2_dam_F, shape: a3\structures_f\households\stone_small\i_stone_housesmall_v2_dam_f.p3d, index: -1, matrices: 5
21:40:57 "Got weather update from the server!"
21:40:57 "	Set fog to 0.00746311 over 160 s (server value = 0.00288841)"
21:41:24 Observer B Alpha 1-4:1 (JaceCHP) REMOTE in cargo of B Alpha 1-4:1 (JaceCHP) REMOTE; message was repeated in last 60 sec: 5922
21:41:57 Client: Object 127:125 (type Type_95) not found.
21:41:57 Client: Object 127:125 (type Type_462) not found.
21:41:57 Client: Object 127:125 (type Type_96) not found.
21:41:59 Duplicate HitPoint name 'HitTurret' in 'I_MRAP_03_gmg_F'
21:41:59 Duplicate HitPoint name 'HitGun' in 'I_MRAP_03_gmg_F'
21:42:10 Client: Object 169:20 (type Type_462) not found.
21:42:10 Client: Object 169:20 (type Type_96) not found.
21:42:10 Client: Object 169:20 (type Type_95) not found.
21:42:24 Observer B Alpha 1-3:1 (johnu) REMOTE in cargo of B Alpha 1-3:1 (johnu) REMOTE; message was repeated in last 60 sec: 10901
21:42:41 Client: Object 117:73 (type Type_95) not found.
21:42:41 Client: Object 117:73 (type Type_96) not found.
21:42:41 Client: Object 117:73 (type Type_462) not found.
21:43:24 Observer B Alpha 1-4:1 (JaceCHP) REMOTE in cargo of B Alpha 1-4:1 (JaceCHP) REMOTE; message was repeated in last 60 sec: 11146
21:44:02 I_APC_tracked_03_cannon_F: cannon_ready_light - unknown animation source muzzle_hide_cannon
21:44:04 Client: Object 2:6619 (type Type_263) not found.
21:44:04 Client: Object 2:6619 (type Type_470) not found.
21:44:24 Observer B Alpha 1-3:1 (johnu) REMOTE in cargo of B Alpha 1-3:1 (johnu) REMOTE; message was repeated in last 60 sec: 9286
21:44:43 Setting invalid pitch 0.0000 for C Alpha 1-1:3 REMOTE
21:45:18 Setting invalid pitch 0.0000 for C Alpha 1-1:2 REMOTE
21:45:49 EPE manager release (10|114|0)
21:45:49 Number of joints in scene after release: 56
21:45:49 Number of actors in scene after release: 70
21:45:49 EPE manager release (0|70|0)
21:45:49 Number of joints in scene after release: 56
21:45:49 Number of actors in scene after release: 60
21:45:49 EPE manager release (56|60|0)
21:45:49 Number of actors in scene after release: 60
21:45:49 EPE manager release (0|60|0)
21:45:49 Starting mission:
21:45:49  Mission file: introOrange
21:45:49  Mission world: Altis
21:45:49  Mission directory: a3\missions_f_orange\scenes\introOrange.Altis\
21:45:53 Land_wpp_Turbine_V1_off_F: mxlgenerator - unknown animation source ::time (defined in AnimationSources::time)
21:45:53 Land_wpp_Turbine_V1_off_F: mxlmeter - unknown animation source ::timeRndOffset (defined in AnimationSources::timeRndOffset)
21:45:53 Land_wpp_Turbine_V1_off_F: mxlprop - unknown animation source ::timeRndOffset (defined in AnimationSources::timeRndOffset)
21:45:54 Weather was forced to change
21:45:54 C_Truck_02_covered_F: rear_hide - unknown animation source rear_hide
21:45:57 Shutdown normally
21:45:58 SimulWeather - Cloud Renderer - noise texture file is not specified!
21:45:58 Deinitialized shape [Class: "C_Soldier_VR_F"; Shape: "a3\characters_f_bootcamp\common\vr_soldier_f.p3d";]
21:45:58 Deinitialized shape [Class: "I_officer_F"; Shape: "a3\characters_f_beta\indep\ia_officer.p3d";]
21:45:58 Deinitialized shape [Class: "C_Driver_1_blue_F"; Shape: "a3\characters_f_kart\civil\c_driver_f.p3d";]
21:45:58 Deinitialized shape [Class: "I_ghillie_ard_F"; Shape: "a3\characters_f_mark\indep\i_fullghillie_f.p3d";]
21:45:58 Deinitialized shape [Class: "I_Sniper_F"; Shape: "a3\characters_f_beta\indep\ia_sniper.p3d";]
21:45:58 Deinitialized shape [Class: "B_soldier_AR_F"; Shape: "a3\characters_f\blufor\b_soldier_02.p3d";]
21:45:58 Deinitialized shape [Class: "O_officer_F"; Shape: "a3\characters_f\opfor\o_officer.p3d";]
21:45:58 Deinitialized shape [Class: "C_Man_Paramedic_01_F"; Shape: "a3\characters_f_orange\uniforms\c_paramedic_01_f.p3d";]
21:45:58 Deinitialized shape [Class: "I_E_Uniform_01_sweater_F"; Shape: "a3\characters_f_bootcamp\guerrilla\ig_guerrilla_6_1.p3d";]
21:45:58 Deinitialized shape [Class: "O_ghillie_lsh_F"; Shape: "a3\characters_f_mark\opfor\o_fullghillie_f.p3d";]
21:45:58 Deinitialized shape [Class: "O_ghillie_ard_F"; Shape: "a3\characters_f_mark\opfor\o_fullghillie_f.p3d";]
21:45:58 Deinitialized shape [Class: "I_G_Story_Protagonist_F"; Shape: "a3\characters_f_epb\guerrilla\ig_guerrilla5_1.p3d";]
21:45:58 Deinitialized shape [Class: "B_ghillie_ard_F"; Shape: "a3\characters_f_mark\blufor\b_fullghillie_f.p3d";]
21:45:58 Deinitialized shape [Class: "O_R_Gorka_brown_F"; Shape: "a3\characters_f_enoch\uniforms\gorka_01_f.p3d";]
21:45:58 Deinitialized shape [Class: "O_Soldier_F"; Shape: "a3\characters_f\opfor\o_soldier_01.p3d";]
21:45:58 Deinitialized shape [Class: "O_soldierU_F"; Shape: "a3\characters_f\opfor\o_soldier_01.p3d";]
21:45:58 Deinitialized shape [Class: "O_helipilot_F"; Shape: "a3\characters_f\common\pilot_f.p3d";]
21:45:58 Deinitialized shape [Class: "I_pilot_F"; Shape: "a3\characters_f\common\pilot_f.p3d";]
21:45:58 Deinitialized shape [Class: "B_Pilot_F"; Shape: "a3\characters_f\common\pilot_f.p3d";]
21:45:58 Deinitialized shape [Class: "I_E_Uniform_01_officer_F"; Shape: "a3\characters_f_enoch\uniforms\i_e_officer_01_f.p3d";]
21:45:58 Deinitialized shape [Class: "I_CBRN_Man_Oversuit_01_AAF_F"; Shape: "a3\characters_f_enoch\uniforms\cbrn_suit_01_f.p3d";]
21:45:58 Deinitialized shape [Class: "B_CBRN_Man_Oversuit_01_MTP_F"; Shape: "a3\characters_f_enoch\uniforms\cbrn_suit_01_f.p3d";]
21:45:58 Deinitialized shape [Class: "I_G_Soldier_F"; Shape: "a3\characters_f_gamma\guerrilla\ig_guerrilla1_1.p3d";]
21:45:58 Deinitialized shape [Class: "I_soldier_F"; Shape: "a3\characters_f_beta\indep\ia_soldier_01.p3d";]
21:45:58 Deinitialized shape [Class: "I_Soldier_lite_F"; Shape: "a3\characters_f_beta\indep\ia_soldier_02.p3d";]
21:45:58 Deinitialized shape [Class: "C_Orestes"; Shape: "a3\characters_f\civil\c_orestes.p3d";]
21:45:58 Deinitialized shape [Class: "C_Nikos"; Shape: "a3\characters_f\civil\c_nikos.p3d";]
21:45:58 Deinitialized shape [Class: "I_G_Soldier_AR_F"; Shape: "a3\characters_f_gamma\guerrilla\ig_guerrilla2_1.p3d";]
21:45:58 Deinitialized shape [Class: "B_Soldier_F"; Shape: "a3\characters_f\blufor\b_soldier_01.p3d";]
21:45:58 Deinitialized shape [Class: "B_CTRG_soldier_GL_LAT_F"; Shape: "a3\characters_f\blufor\b_soldier_01.p3d";]
21:45:58 Deinitialized shape [Class: "B_Soldier_SL_F"; Shape: "a3\characters_f\blufor\b_soldier_03.p3d";]
21:45:58 Deinitialized shape [Class: "Underwear_F"; Shape: "a3\characters_f\common\basicbody.p3d";]
21:45:58 Deinitialized shape [Class: "C_IDAP_Man_AidWorker_05_F"; Shape: "a3\characters_f\civil\c_poloshirtpants.p3d";]
21:45:58 Deinitialized shape [Class: "C_Man_casual_1_F"; Shape: "a3\characters_f\civil\c_poloshirtpants.p3d";]
21:45:58 Deinitialized shape [Class: "C_Man_casual_4_F"; Shape: "a3\characters_f\civil\c_man_casual_shorts_f.p3d";]
21:45:58 Deinitialized shape [Class: "C_IDAP_Man_AidWorker_02_F"; Shape: "a3\characters_f\civil\i_c_soldier_bandit_3_f.p3d";]
21:45:58 Deinitialized shape [Class: "C_man_polo_4_F"; Shape: "a3\characters_f\civil\c_poloshirt.p3d";]
21:45:58 Deinitialized shape [Class: "C_man_polo_5_F"; Shape: "a3\characters_f\civil\c_poloshirt.p3d";]
21:45:58 Deinitialized shape [Class: "C_man_1"; Shape: "a3\characters_f\civil\c_poloshirt.p3d";]
21:45:58 Deinitialized shape [Class: "C_man_polo_3_F"; Shape: "a3\characters_f\civil\c_poloshirt.p3d";]
21:45:58 d:\bis\source\stable\futura\lib\network\networkserver.cpp ClearNetServer:NOT IMPLEMENTED - briefing!
21:45:58 Error: entity [FxCartridge_556] still has its shape, ref_count=2
21:45:58 Error: entity [ProxyFlag_Auto] still has its shape, ref_count=2
21:46:00 Extensions:
