=====================================================================
== C:\Program Files (x86)\Steam\steamapps\common\Arma 3\Arma3_x64.exe
== "C:\Program Files (x86)\Steam\steamapps\common\Arma 3\Arma3_x64.exe" -mod=WS -beservice

Original output filename: Arma3Retail_DX11_x64
Exe timestamp: 2022/08/11 11:58:45
Current time:  2022/08/27 21:10:22

Type: Public
Build: Stable
Version: 2.10.149799

Allocator: C:\Program Files (x86)\Steam\steamapps\common\Arma 3\Dll\tbb4malloc_bi_x64.dll [2017.0.0.0] [2017.0.0.0]
PhysMem: 32 GiB, VirtMem : 131072 GiB, AvailPhys : 21 GiB, AvailVirt : 131068 GiB, AvailPage : 28 GiB, PageSize : 4.0 KiB/2.0 MiB/HasLockMemory, CPUCount : 8
=====================================================================

21:10:22 Detected number of DLCs: 20
21:10:22 ---------------------------------------------------------- Game ----------------------------------------------------------
21:10:22                                                                name      appId   owned  installed  available   isDlc
21:10:22                                                              Arma 3     107410     yes        yes        yes      no
21:10:22                                                             Unknown         -1      no         no         no     yes
21:10:22 ---------------------------------------------------------- Dlcs ----------------------------------------------------------
21:10:22  index                                                         name      appId   owned  installed  available   isDlc
21:10:22      0                                                  Arma 3 Maps     249861      no         no         no     yes
21:10:22      1                                        Arma 3 Tactical Guide     249862      no         no         no     yes
21:10:22      2                                                  Arma 3 Zeus     275700     yes        yes        yes     yes
21:10:22      3                                                 Arma 3 Karts     288520     yes        yes        yes     yes
21:10:22      4                                           Arma 3 Helicopters     304380     yes        yes        yes     yes
21:10:22      5                                          Arma 3 DLC Bundle 1     304400      no         no         no     yes
21:10:22      6                                              Arma 3 Marksmen     332350     yes        yes        yes     yes
21:10:22      7                                                  Arma 3 Apex     395180     yes        yes        yes     yes
21:10:22      8                                           Arma 3 Laws of War     571710     yes        yes        yes     yes
21:10:22      9                                                  Arma 3 Jets     601670     yes        yes        yes     yes
21:10:22     10                                          Arma 3 DLC Bundle 2     612480      no         no         no     yes
21:10:22     11                                                Arma 3 Malden     639600     yes        yes        yes     yes
21:10:22     12                                  Arma 3 Tac-Ops Mission Pack     744950     yes        yes        yes     yes
21:10:22     13                                                 Arma 3 Tanks     798390     yes        yes        yes     yes
21:10:22     14                                               Arma 3 Contact    1021790     yes        yes        yes     yes
21:10:22     15   Arma 3 Creator DLC: Global Mobilization - Cold War Germany    1042220      no         no        yes     yes
21:10:22     16                      Arma 3 Creator DLC: S.O.G. Prairie Fire    1227700      no         no        yes     yes
21:10:22     17                        Arma 3 Creator DLC: CSLA Iron Curtain    1294440      no         no        yes     yes
21:10:22     18                                            Arma 3 Art of War    1325500     yes        yes        yes     yes
21:10:22     19                           Arma 3 Creator DLC: Western Sahara    1681170     yes        yes        yes     yes
21:10:22 --------------------------------------------------------------------------------------------------------------------------
21:10:22 String STR_LXWS_CfgMods_Overview not found
21:10:22 String STR_LXWS_CfgMods_tooltip not found
21:10:22 String STR_LXWS_Title not found
21:10:24 Initializing stats manager.
21:10:24 sessionID: 7f9990ad2464f95101b79fe312125519aacf6586
21:10:32 Texture header "lxws\vehicles_f_lxws\data\truck_01\truck_un_ammo_co.paa" already in the manager and new header is different! Removing header from the manager.
21:10:35 Updating base class RscShortcutButton->RscButton, by a3\editor_f\config.bin/RscDisplayEditObject/Controls/B_OK/ (original bin\config.bin)
21:10:35 Updating base class RscSliderH->RscXSliderH, by a3\editor_f\config.bin/RscDisplayEditObject/Slider/ (original bin\config.bin)
21:10:35 Updating base class RscText->RscPicture, by a3\editor_f\config.bin/RscDisplayEditObject/Preview/ (original bin\config.bin)
21:10:35 Updating base class RscShortcutButton->RscButton, by a3\editor_f\config.bin/RscDisplayMissionLoad/Controls/B_OK/ (original bin\config.bin)
21:10:35 Updating base class RscShortcutButton->RscButton, by a3\editor_f\config.bin/RscDisplayMissionSave/Controls/B_OK/ (original bin\config.bin)
21:10:35 Updating base class ->RscControlsGroup, by a3\ui_f\config.bin/RscControlsGroupNoScrollbars/ (original a3\ui_f\config.bin)
21:10:35 Updating base class ->RscControlsGroup, by a3\ui_f\config.bin/RscControlsGroupNoHScrollbars/ (original a3\ui_f\config.bin)
21:10:35 Updating base class ->RscControlsGroup, by a3\ui_f\config.bin/RscControlsGroupNoVScrollbars/ (original a3\ui_f\config.bin)
21:10:35 Updating base class ->RscText, by a3\ui_f\config.bin/RscLine/ (original a3\ui_f\config.bin)
21:10:35 Updating base class ->RscActiveText, by a3\ui_f\config.bin/RscActivePicture/ (original a3\ui_f\config.bin)
21:10:35 Updating base class ->RscButton, by a3\ui_f\config.bin/RscButtonTextOnly/ (original a3\ui_f\config.bin)
21:10:35 Updating base class ->RscShortcutButton, by a3\ui_f\config.bin/RscShortcutButtonMain/ (original a3\ui_f\config.bin)
21:10:35 Updating base class ->RscShortcutButton, by a3\ui_f\config.bin/RscButtonEditor/ (original a3\ui_f\config.bin)
21:10:35 Updating base class ->RscShortcutButton, by a3\ui_f\config.bin/RscIGUIShortcutButton/ (original a3\ui_f\config.bin)
21:10:35 Updating base class ->RscShortcutButton, by a3\ui_f\config.bin/RscGearShortcutButton/ (original a3\ui_f\config.bin)
21:10:35 Updating base class ->RscShortcutButton, by a3\ui_f\config.bin/RscButtonMenu/ (original a3\ui_f\config.bin)
21:10:35 Updating base class ->RscButtonMenu, by a3\ui_f\config.bin/RscButtonMenuOK/ (original a3\ui_f\config.bin)
21:10:35 Updating base class ->RscButtonMenu, by a3\ui_f\config.bin/RscButtonMenuCancel/ (original a3\ui_f\config.bin)
21:10:35 Updating base class ->RscButtonMenu, by a3\ui_f\config.bin/RscButtonMenuSteam/ (original a3\ui_f\config.bin)
21:10:35 Updating base class ->RscText, by a3\ui_f\config.bin/RscLoadingText/ (original a3\ui_f\config.bin)
21:10:35 Updating base class ->RscListBox, by a3\ui_f\config.bin/RscIGUIListBox/ (original a3\ui_f\config.bin)
21:10:35 Updating base class ->RscListNBox, by a3\ui_f\config.bin/RscIGUIListNBox/ (original a3\ui_f\config.bin)
21:10:35 Updating base class ->RscText, by a3\ui_f\config.bin/RscBackground/ (original a3\ui_f\config.bin)
21:10:35 Updating base class ->RscText, by a3\ui_f\config.bin/RscBackgroundGUI/ (original a3\ui_f\config.bin)
21:10:35 Updating base class ->RscPicture, by a3\ui_f\config.bin/RscBackgroundGUILeft/ (original a3\ui_f\config.bin)
21:10:35 Updating base class ->RscPicture, by a3\ui_f\config.bin/RscBackgroundGUIRight/ (original a3\ui_f\config.bin)
21:10:35 Updating base class ->RscPicture, by a3\ui_f\config.bin/RscBackgroundGUIBottom/ (original a3\ui_f\config.bin)
21:10:35 Updating base class ->RscText, by a3\ui_f\config.bin/RscBackgroundGUITop/ (original a3\ui_f\config.bin)
21:10:35 Updating base class ->RscText, by a3\ui_f\config.bin/RscBackgroundGUIDark/ (original a3\ui_f\config.bin)
21:10:35 Updating base class ->RscPictureKeepAspect, by a3\ui_f\config.bin/RscBackgroundLogo/ (original a3\ui_f\config.bin)
21:10:35 Updating base class ->RscMapControl, by a3\ui_f\config.bin/RscMapControlEmpty/ (original a3\ui_f\config.bin)
21:10:35 Updating base class ->RscPicture, by a3\ui_f\config.bin/CA_Mainback/ (original a3\ui_f\config.bin)
21:10:35 Updating base class ->CA_Mainback, by a3\ui_f\config.bin/CA_Back/ (original a3\ui_f\config.bin)
21:10:35 Updating base class ->CA_Mainback, by a3\ui_f\config.bin/CA_Title_Back/ (original a3\ui_f\config.bin)
21:10:35 Updating base class ->CA_Mainback, by a3\ui_f\config.bin/CA_Black_Back/ (original a3\ui_f\config.bin)
21:10:35 Updating base class ->RscTitle, by a3\ui_f\config.bin/CA_Title/ (original a3\ui_f\config.bin)
21:10:35 Updating base class ->RscPictureKeepAspect, by a3\ui_f\config.bin/CA_Logo/ (original a3\ui_f\config.bin)
21:10:35 Updating base class ->CA_Logo, by a3\ui_f\config.bin/CA_Logo_Small/ (original a3\ui_f\config.bin)
21:10:35 Updating base class ->RscButton, by a3\ui_f\config.bin/CA_RscButton/ (original a3\ui_f\config.bin)
21:10:35 Updating base class ->CA_RscButton, by a3\ui_f\config.bin/CA_RscButton_dialog/ (original a3\ui_f\config.bin)
21:10:35 Updating base class ->RscActiveText, by a3\ui_f\config.bin/CA_Ok/ (original a3\ui_f\config.bin)
21:10:35 Updating base class ->RscText, by a3\ui_f\config.bin/CA_Ok_image/ (original a3\ui_f\config.bin)
21:10:35 Updating base class ->RscText, by a3\ui_f\config.bin/CA_Ok_image2/ (original a3\ui_f\config.bin)
21:10:35 Updating base class ->RscText, by a3\ui_f\config.bin/CA_Ok_text/ (original a3\ui_f\config.bin)
21:10:35 Updating base class ->RscPicture, by a3\ui_f\config.bin/RscVignette/ (original a3\ui_f\config.bin)
21:10:35 Updating base class ->RscControlsGroupNoScrollbars, by a3\ui_f\config.bin/RscMapControlTooltip/ (original a3\ui_f\config.bin)
21:10:35 Updating base class RscUnitInfo->RscUnitInfoAirNoWeapon, by a3\ui_f\config.bin/RscInGameUI/RscUnitInfoAir/ (original a3\ui_f\config.bin)
21:10:35 Updating base class RscControlsGroup->RscControlsGroupNoScrollbars, by a3\ui_f\config.bin/RscInGameUI/RscTaskOverview/controls/TaskOverviewAssigned/ (original bin\config.bin)
21:10:35 Updating base class RscShortcutButton->RscButtonMenu, by a3\ui_f\config.bin/RscDisplayDebug/Controls/B_OK/ (original bin\config.bin)
21:10:35 Updating base class RscShortcutButton->RscButtonMenu, by a3\ui_f\config.bin/RscDisplayDebug/Controls/B_Cancel/ (original bin\config.bin)
21:10:35 Updating base class RscShortcutButton->RscButtonMenu, by a3\ui_f\config.bin/RscDisplayDebug/Controls/B_Clear/ (original bin\config.bin)
21:10:35 Updating base class ->RscText, by a3\ui_f\config.bin/RscDisplayCapture/controls/TimeLines/ (original bin\config.bin)
21:10:35 Updating base class RscShortcutButton->RscButtonMenu, by a3\ui_f\config.bin/RscDisplayCapture/controls/ButtonAverages/ (original bin\config.bin)
21:10:35 Updating base class RscShortcutButton->RscButtonMenu, by a3\ui_f\config.bin/RscDisplayCapture/controls/ButtonSavePreviousData/ (original bin\config.bin)
21:10:35 Updating base class RscShortcutButton->RscButtonMenu, by a3\ui_f\config.bin/RscDisplayCapture/controls/ButtonPreviousData/ (original bin\config.bin)
21:10:35 Updating base class RscPicture->RscPictureKeepAspect, by a3\ui_f\config.bin/RscDisplayMain/IconPicture/ (original bin\config.bin)
21:10:35 Updating base class IconPicture->RscPictureKeepAspect, by a3\ui_f\config.bin/RscDisplayMain/DlcOwnedIconPicture/ (original a3\ui_f\config.bin)
21:10:35 Updating base class IconPicture->RscPictureKeepAspect, by a3\ui_f\config.bin/RscDisplayMain/DlcIconPicture/ (original a3\ui_f\config.bin)
21:10:35 Updating base class RscControlsGroup->RscControlsGroupNoScrollbars, by a3\ui_f\config.bin/RscDisplayCampaignLoad/controls/OverviewGroup/ (original bin\config.bin)
21:10:35 Updating base class RscButton->RscButtonSearch, by a3\ui_f\config.bin/RscDisplayCampaignLoad/controls/SearchButton/ (original bin\config.bin)
21:10:35 Updating base class RscShortcutButton->RscButtonMenuCancel, by a3\ui_f\config.bin/RscDisplayCampaignLoad/controls/ButtonCancel/ (original bin\config.bin)
21:10:35 Updating base class RscShortcutButton->RscButtonMenu, by a3\ui_f\config.bin/RscDisplayCampaignLoad/controls/ButtonGameOptions/ (original bin\config.bin)
21:10:35 Updating base class RscShortcutButton->RscButtonMenuSteam, by a3\ui_f\config.bin/RscDisplayCampaignLoad/controls/ButtonBuyDLC/ (original bin\config.bin)
21:10:35 Updating base class RscShortcutButton->RscButtonMenu, by a3\ui_f\config.bin/RscDisplayCampaignLoad/controls/ButtonRevert/ (original bin\config.bin)
21:10:35 Updating base class RscShortcutButton->RscButtonMenuOK, by a3\ui_f\config.bin/RscDisplayCampaignLoad/controls/ButtonOK/ (original bin\config.bin)
21:10:35 Updating base class RscListBox->RscCombo, by a3\ui_f\config.bin/RscDisplayCustomizeController/Steepness/ (original bin\config.bin)
21:10:35 Updating base class ->RscStandardDisplay, by a3\ui_f\config.bin/RscDisplayControlSchemes/ (original bin\config.bin)
21:10:35 Updating base class ButtonOK->RscButtonMenuCancel, by a3\ui_f\config.bin/RscDisplayControlSchemes/controls/ButtonCancel/ (original bin\config.bin)
21:10:35 Updating base class RscButton->RscButtonMenuOK, by a3\ui_f\config.bin/RscDisplayControlSchemes/controls/ButtonOK/ (original bin\config.bin)
21:10:35 Updating base class RscPicture->RscPictureKeepAspect, by a3\ui_f\config.bin/RscDisplayFileSelectImage/controls/OverviewPicture/ (original bin\config.bin)
21:10:35 Updating base class RscShortcutButton->RscButtonMenuCancel, by a3\ui_f\config.bin/RscDisplayFieldManual/Controls/ButtonCancel/ (original bin\config.bin)
21:10:35 Cannot delete class B_KickOff, it is referenced somewhere (used as a base class probably).
21:10:35 Updating base class RscButton->RscButtonMenuCancel, by a3\ui_f\config.bin/RscDisplayPublishMission/controls/ButtonCancel/ (original bin\config.bin)
21:10:35 Updating base class RscShortcutButton->RscButtonMenuOK, by a3\ui_f\config.bin/RscDisplayPublishMissionSelectTags/controls/ButtonOK/ (original bin\config.bin)
21:10:35 Updating base class ButtonOK->RscButtonMenuCancel, by a3\ui_f\config.bin/RscDisplayPublishMissionSelectTags/controls/ButtonCancel/ (original bin\config.bin)
21:10:35 Updating base class ->RscSubmenu, by a3\ui_f\config.bin/RscMainMenu/ (original bin\config.bin)
21:10:35 Updating base class ->DistanceClose, by a3\ui_f\config.bin/CfgSimpleTasks/Icon3D/DistanceMid/ (original bin\config.bin)
21:10:35 Updating base class ->DistanceClose, by a3\ui_f\config.bin/CfgSimpleTasks/Icon3D/DistanceLong/ (original bin\config.bin)
21:10:35 Updating base class ->ReammoBox, by a3\weapons_f\ammoboxes\config.bin/CfgVehicles/Bag_Base/ (original a3\weapons_f\ammoboxes\config.bin)
21:10:35 Updating base class ->Items_base_F, by a3\structures_f_bootcamp\items\sport\config.bin/CfgVehicles/SportItems_base_F/ (original a3\structures_f_bootcamp\items\sport\config.bin)
21:10:35 Updating base class ->ctrlDefaultText, by a3\3den\config.bin/ctrlStatic/ (original a3\3den\config.bin)
21:10:35 Updating base class ->ctrlActiveText, by a3\3den\config.bin/ctrlActivePicture/ (original a3\3den\config.bin)
21:10:35 Updating base class ->ctrlDefaultText, by a3\3den\config.bin/ctrlStructuredText/ (original a3\3den\config.bin)
21:10:35 Updating base class ->ctrlControlsGroup, by a3\3den\config.bin/ctrlControlsGroupNoScrollbars/ (original a3\3den\config.bin)
21:10:35 Updating base class ->ctrlDefault, by a3\3den\config.bin/ctrlCheckbox/ (original a3\3den\config.bin)
21:10:35 Updating base class ->ctrlCheckbox, by a3\3den\config.bin/ctrlCheckboxBaseline/ (original a3\3den\config.bin)
21:10:35 Updating base class RscText->ctrlStaticBackgroundDisable, by a3\3den\config.bin/RscDisplayOptionsAudio/ControlsBackground/BackgroundDisable/ (original a3\3den\config.bin)
21:10:35 Updating base class RscText->ctrlStaticBackgroundDisableTiles, by a3\3den\config.bin/RscDisplayOptionsAudio/ControlsBackground/BackgroundDisableTiles/ (original a3\3den\config.bin)
21:10:35 Updating base class RscText->ctrlStaticBackgroundDisable, by a3\3den\config.bin/RscDisplayConfigure/ControlsBackground/BackgroundDisable/ (original a3\3den\config.bin)
21:10:35 Updating base class RscText->ctrlStaticBackgroundDisableTiles, by a3\3den\config.bin/RscDisplayConfigure/ControlsBackground/BackgroundDisableTiles/ (original a3\3den\config.bin)
21:10:35 Updating base class RscText->ctrlStaticBackgroundDisable, by a3\3den\config.bin/RscDisplayConfigureAction/ControlsBackground/BackgroundDisable/ (original a3\3den\config.bin)
21:10:35 Updating base class RscText->ctrlStaticBackgroundDisableTiles, by a3\3den\config.bin/RscDisplayConfigureAction/ControlsBackground/BackgroundDisableTiles/ (original a3\3den\config.bin)
21:10:35 Updating base class RscText->ctrlStaticBackgroundDisable, by a3\3den\config.bin/RscDisplayConfigureControllers/ControlsBackground/BackgroundDisable/ (original a3\3den\config.bin)
21:10:35 Updating base class RscText->ctrlStaticBackgroundDisableTiles, by a3\3den\config.bin/RscDisplayConfigureControllers/ControlsBackground/BackgroundDisableTiles/ (original a3\3den\config.bin)
21:10:35 Updating base class RscText->ctrlStaticBackgroundDisable, by a3\3den\config.bin/RscDisplayGameOptions/ControlsBackground/BackgroundDisable/ (original a3\3den\config.bin)
21:10:35 Updating base class RscText->ctrlStaticBackgroundDisableTiles, by a3\3den\config.bin/RscDisplayGameOptions/ControlsBackground/BackgroundDisableTiles/ (original a3\3den\config.bin)
21:10:35 Updating base class controls->, by a3\3den\config.bin/RscDisplayArcadeMap_Layout_2/Controls/ (original a3\ui_f\config.bin)
21:10:35 Updating base class controls->, by a3\3den\config.bin/RscDisplayArcadeMap_Layout_6/Controls/ (original a3\ui_f\config.bin)
21:10:35 Updating base class ->ctrlControlsGroupNoScrollbars, by a3\3den\config.bin/Cfg3DEN/Attributes/Default/ (original a3\3den\config.bin)
21:10:35 Updating base class ->ctrlStatic, by a3\3den\config.bin/Cfg3DEN/Attributes/Title/Controls/Title/ (original a3\3den\config.bin)
21:10:35 Updating base class ->ctrlToolbox, by a3\3den\config.bin/Cfg3DEN/Attributes/Toolbox/Controls/Value/ (original a3\3den\config.bin)
21:10:35 Updating base class ->House_F, by a3\structures_f_exp\industrial\config.bin/CfgVehicles/Industry_base_F/ (original a3\structures_f_exp\industrial\config.bin)
21:10:35 Updating base class ->NonStrategic, by a3\props_f_orange\furniture\config.bin/CfgVehicles/Land_Rug_01_base_F/ (original a3\props_f_orange\furniture\config.bin)
21:10:36 Updating base class ->LMG_Mk200_F, by a3\weapons_f_enoch\machineguns\m200\config.bin/CfgWeapons/LMG_Mk200_black_F/ (original a3\weapons_f_enoch\machineguns\m200\config.bin)
21:10:36 Updating base class ->WhiteHead_01, by a3\characters_f_enoch\config.bin/CfgFaces/Man_A3/WhiteHead_24/ (original a3\characters_f_enoch\config.bin)
21:10:36 Updating base class ->OM_Electro, by a3\missions_f_oldman\config.bin/CfgVehicles/Item_MobilePhone/ (original a3\missions_f_oldman\config.bin)
21:10:36 Updating base class ->OM_Magazine, by a3\missions_f_oldman\config.bin/cfgMagazines/MobilePhone/ (original a3\missions_f_oldman\config.bin)
21:10:36 Updating base class ->H_Beret_blk, by a3\characters_f_oldman\headgear\config.bin/CfgWeapons/H_Beret_CSAT_01_F/ (original a3\characters_f_oldman\headgear\config.bin)
21:10:36 Cannot open C:\Users\Kim\AppData\Local\Arma 3\MonetizedServersCache\list.json
21:10:36 Canceling the list loading process, the load of the file failed: C:\Users\Kim\AppData\Local\Arma 3\MonetizedServersCache\list.json
21:10:36 Initializing Steam Manager
21:10:36 Starting initial content check.
21:10:36 Steam Manager initialized.
21:10:36 
21:10:36 ==== Loaded addons ====
21:10:36 
21:10:36 dta\bin.pbo - 149799
21:10:36 dta\core.pbo - 129618
21:10:36 dta\languagecore_f.pbo - 150327
21:10:36 C:\Program Files (x86)\Steam\steamapps\common\Arma 3\WS\addons\air_f_lxws.ebo - 21120416
21:10:36 C:\Program Files (x86)\Steam\steamapps\common\Arma 3\WS\addons\animals_f_lxws.ebo - 21112316
21:10:36 C:\Program Files (x86)\Steam\steamapps\common\Arma 3\WS\addons\anims_f_lxws.ebo - 21113010
21:10:36 C:\Program Files (x86)\Steam\steamapps\common\Arma 3\WS\addons\characters_f_lxws.ebo - 21120520
21:10:36 C:\Program Files (x86)\Steam\steamapps\common\Arma 3\WS\addons\data_f_lxws.ebo - 21120217
21:10:36 C:\Program Files (x86)\Steam\steamapps\common\Arma 3\WS\addons\dubbing_f_lxws.ebo - 21110315
21:10:36 C:\Program Files (x86)\Steam\steamapps\common\Arma 3\WS\addons\editorpreviews_f_lxws.ebo - 21120607
21:10:36 C:\Program Files (x86)\Steam\steamapps\common\Arma 3\WS\addons\functions_f_lxws.ebo - 21120418
21:10:36 C:\Program Files (x86)\Steam\steamapps\common\Arma 3\WS\addons\language_f_lxws.ebo - 21111823
21:10:36 C:\Program Files (x86)\Steam\steamapps\common\Arma 3\WS\addons\map_wsahara_data_layers_lxws.ebo - 21112317
21:10:36 C:\Program Files (x86)\Steam\steamapps\common\Arma 3\WS\addons\map_wsahara_data_lxws.ebo - 21110315
21:10:36 C:\Program Files (x86)\Steam\steamapps\common\Arma 3\WS\addons\map_wsahara_lxws.ebo - 21120418
21:10:36 C:\Program Files (x86)\Steam\steamapps\common\Arma 3\WS\addons\map_wsahara_scenes_f_lxws.ebo - 21111612
21:10:36 C:\Program Files (x86)\Steam\steamapps\common\Arma 3\WS\addons\missions_f_lxws.ebo - 21121806
21:10:36 C:\Program Files (x86)\Steam\steamapps\common\Arma 3\WS\addons\music_f_lxws.ebo - 21111917
21:10:36 C:\Program Files (x86)\Steam\steamapps\common\Arma 3\WS\addons\rocks_f_lxws.ebo - 21110715
21:10:36 C:\Program Files (x86)\Steam\steamapps\common\Arma 3\WS\addons\shield_f_lxws.ebo - 21110315
21:10:36 C:\Program Files (x86)\Steam\steamapps\common\Arma 3\WS\addons\sounds_f_lxws.ebo - 21110315
21:10:36 C:\Program Files (x86)\Steam\steamapps\common\Arma 3\WS\addons\structures_f_lxws.ebo - 21120122
21:10:36 C:\Program Files (x86)\Steam\steamapps\common\Arma 3\WS\addons\vegetation_f_lxws.ebo - 21110520
21:10:36 C:\Program Files (x86)\Steam\steamapps\common\Arma 3\WS\addons\vehicles_f_lxws.ebo - 21120600
21:10:36 C:\Program Files (x86)\Steam\steamapps\common\Arma 3\WS\addons\walls_f_lxws.ebo - 21110813
21:10:36 C:\Program Files (x86)\Steam\steamapps\common\Arma 3\WS\addons\weapons_f_lxws.ebo - 21120521
21:10:36 C:\Program Files (x86)\Steam\steamapps\common\Arma 3\aow\addons\anims_f_aow.pbo - 149768
21:10:36 C:\Program Files (x86)\Steam\steamapps\common\Arma 3\aow\addons\characters_f_aow.pbo - 149965
21:10:36 C:\Program Files (x86)\Steam\steamapps\common\Arma 3\aow\addons\data_f_aow.pbo - 149928
21:10:36 C:\Program Files (x86)\Steam\steamapps\common\Arma 3\aow\addons\dubbing_f_aow.pbo - 149901
21:10:36 C:\Program Files (x86)\Steam\steamapps\common\Arma 3\aow\addons\editorpreviews_f_aow.pbo - 149909
21:10:36 C:\Program Files (x86)\Steam\steamapps\common\Arma 3\aow\addons\functions_f_aow.pbo - 149593
21:10:36 C:\Program Files (x86)\Steam\steamapps\common\Arma 3\aow\addons\languagemissions_f_aow.pbo - 150220
21:10:36 C:\Program Files (x86)\Steam\steamapps\common\Arma 3\aow\addons\language_f_aow.pbo - 150220
21:10:36 C:\Program Files (x86)\Steam\steamapps\common\Arma 3\aow\addons\missions_f_aow.pbo - 150217
21:10:36 C:\Program Files (x86)\Steam\steamapps\common\Arma 3\aow\addons\missions_f_aow_data.pbo - 150217
21:10:36 C:\Program Files (x86)\Steam\steamapps\common\Arma 3\aow\addons\missions_f_aow_video.pbo - 149837
21:10:36 C:\Program Files (x86)\Steam\steamapps\common\Arma 3\aow\addons\props_f_aow.pbo - 150286
21:10:36 C:\Program Files (x86)\Steam\steamapps\common\Arma 3\aow\addons\sounds_f_aow.pbo - 149668
21:10:36 C:\Program Files (x86)\Steam\steamapps\common\Arma 3\aow\addons\structures_f_aow.pbo - 149883
21:10:36 C:\Program Files (x86)\Steam\steamapps\common\Arma 3\aow\addons\supplies_f_aow.pbo - 150149
21:10:36 C:\Program Files (x86)\Steam\steamapps\common\Arma 3\aow\addons\ui_f_aow.pbo - 149917
21:10:36 C:\Program Files (x86)\Steam\steamapps\common\Arma 3\enoch\addons\air_f_enoch.pbo - 145904
21:10:36 C:\Program Files (x86)\Steam\steamapps\common\Arma 3\enoch\addons\anims_f_enoch.pbo - 149965
21:10:36 C:\Program Files (x86)\Steam\steamapps\common\Arma 3\enoch\addons\armor_f_enoch.pbo - 145904
21:10:36 C:\Program Files (x86)\Steam\steamapps\common\Arma 3\enoch\addons\cargoposes_f_enoch.pbo - 142478
21:10:36 C:\Program Files (x86)\Steam\steamapps\common\Arma 3\enoch\addons\characters_f_enoch.pbo - 149965
21:10:36 C:\Program Files (x86)\Steam\steamapps\common\Arma 3\enoch\addons\data_f_enoch.pbo - 150070
21:10:36 C:\Program Files (x86)\Steam\steamapps\common\Arma 3\enoch\addons\dubbing_radio_f_enoch.pbo - 150070
21:10:36 C:\Program Files (x86)\Steam\steamapps\common\Arma 3\enoch\addons\dubbing_radio_f_enoch_data.pbo - 150020
21:10:36 C:\Program Files (x86)\Steam\steamapps\common\Arma 3\enoch\addons\editorpreviews_f_enoch.pbo - 145440
21:10:36 C:\Program Files (x86)\Steam\steamapps\common\Arma 3\enoch\addons\functions_f_enoch.pbo - 148356
21:10:36 C:\Program Files (x86)\Steam\steamapps\common\Arma 3\enoch\addons\languagemissions_f_enoch.pbo - 150220
21:10:36 C:\Program Files (x86)\Steam\steamapps\common\Arma 3\enoch\addons\language_f_enoch.pbo - 150220
21:10:36 C:\Program Files (x86)\Steam\steamapps\common\Arma 3\enoch\addons\map_enoch.pbo - 150292
21:10:36 C:\Program Files (x86)\Steam\steamapps\common\Arma 3\enoch\addons\map_enoch_data.pbo - 145274
21:10:36 C:\Program Files (x86)\Steam\steamapps\common\Arma 3\enoch\addons\map_enoch_data_layers.pbo - 146184
21:10:36 C:\Program Files (x86)\Steam\steamapps\common\Arma 3\enoch\addons\map_enoch_scenes_f.pbo - 143336
21:10:36 C:\Program Files (x86)\Steam\steamapps\common\Arma 3\enoch\addons\missions_f_enoch.pbo - 149487
21:10:36 C:\Program Files (x86)\Steam\steamapps\common\Arma 3\enoch\addons\music_f_enoch.pbo - 147472
21:10:36 C:\Program Files (x86)\Steam\steamapps\common\Arma 3\enoch\addons\music_f_enoch_music.pbo - 147127
21:10:36 C:\Program Files (x86)\Steam\steamapps\common\Arma 3\enoch\addons\props_f_enoch.pbo - 150309
21:10:36 C:\Program Files (x86)\Steam\steamapps\common\Arma 3\enoch\addons\rocks_f_enoch.pbo - 148432
21:10:36 C:\Program Files (x86)\Steam\steamapps\common\Arma 3\enoch\addons\soft_f_enoch.pbo - 150071
21:10:36 C:\Program Files (x86)\Steam\steamapps\common\Arma 3\enoch\addons\sounds_f_enoch.pbo - 150286
21:10:36 C:\Program Files (x86)\Steam\steamapps\common\Arma 3\enoch\addons\static_f_enoch.pbo - 145904
21:10:36 C:\Program Files (x86)\Steam\steamapps\common\Arma 3\enoch\addons\structures_f_enoch.pbo - 148551
21:10:36 C:\Program Files (x86)\Steam\steamapps\common\Arma 3\enoch\addons\structures_f_enoch_civilian.pbo - 150270
21:10:36 C:\Program Files (x86)\Steam\steamapps\common\Arma 3\enoch\addons\structures_f_enoch_commercial.pbo - 148419
21:10:36 C:\Program Files (x86)\Steam\steamapps\common\Arma 3\enoch\addons\structures_f_enoch_cultural.pbo - 148739
21:10:36 C:\Program Files (x86)\Steam\steamapps\common\Arma 3\enoch\addons\structures_f_enoch_data.pbo - 148419
21:10:36 C:\Program Files (x86)\Steam\steamapps\common\Arma 3\enoch\addons\structures_f_enoch_furniture.pbo - 148419
21:10:36 C:\Program Files (x86)\Steam\steamapps\common\Arma 3\enoch\addons\structures_f_enoch_industrial.pbo - 148804
21:10:36 C:\Program Files (x86)\Steam\steamapps\common\Arma 3\enoch\addons\structures_f_enoch_infrastructure.pbo - 148551
21:10:36 C:\Program Files (x86)\Steam\steamapps\common\Arma 3\enoch\addons\structures_f_enoch_military.pbo - 150174
21:10:36 C:\Program Files (x86)\Steam\steamapps\common\Arma 3\enoch\addons\supplies_f_enoch.pbo - 150249
21:10:36 C:\Program Files (x86)\Steam\steamapps\common\Arma 3\enoch\addons\ui_f_enoch.pbo - 147095
21:10:36 C:\Program Files (x86)\Steam\steamapps\common\Arma 3\enoch\addons\vegetation_f_enoch.pbo - 150192
21:10:36 C:\Program Files (x86)\Steam\steamapps\common\Arma 3\enoch\addons\weapons_f_enoch.pbo - 150213
21:10:36 C:\Program Files (x86)\Steam\steamapps\common\Arma 3\tank\addons\armor_f_tank.pbo - 150292
21:10:36 C:\Program Files (x86)\Steam\steamapps\common\Arma 3\tank\addons\cargoposes_f_tank.pbo - 128283
21:10:36 C:\Program Files (x86)\Steam\steamapps\common\Arma 3\tank\addons\characters_f_tank.pbo - 148392
21:10:36 C:\Program Files (x86)\Steam\steamapps\common\Arma 3\tank\addons\data_f_tank.pbo - 128203
21:10:36 C:\Program Files (x86)\Steam\steamapps\common\Arma 3\tank\addons\dubbing_f_tank.pbo - 127958
21:10:36 C:\Program Files (x86)\Steam\steamapps\common\Arma 3\tank\addons\editorpreviews_f_tank.pbo - 137875
21:10:36 C:\Program Files (x86)\Steam\steamapps\common\Arma 3\tank\addons\functions_f_tank.pbo - 125996
21:10:36 C:\Program Files (x86)\Steam\steamapps\common\Arma 3\tank\addons\languagemissions_f_tank.pbo - 150220
21:10:36 C:\Program Files (x86)\Steam\steamapps\common\Arma 3\tank\addons\language_f_tank.pbo - 150220
21:10:36 C:\Program Files (x86)\Steam\steamapps\common\Arma 3\tank\addons\missions_f_tank.pbo - 150028
21:10:36 C:\Program Files (x86)\Steam\steamapps\common\Arma 3\tank\addons\missions_f_tank_data.pbo - 128937
21:10:36 C:\Program Files (x86)\Steam\steamapps\common\Arma 3\tank\addons\modules_f_tank.pbo - 147857
21:10:36 C:\Program Files (x86)\Steam\steamapps\common\Arma 3\tank\addons\music_f_tank.pbo - 127912
21:10:36 C:\Program Files (x86)\Steam\steamapps\common\Arma 3\tank\addons\props_f_tank.pbo - 131702
21:10:36 C:\Program Files (x86)\Steam\steamapps\common\Arma 3\tank\addons\sounds_f_tank.pbo - 143095
21:10:36 C:\Program Files (x86)\Steam\steamapps\common\Arma 3\tank\addons\structures_f_tank.pbo - 150249
21:10:36 C:\Program Files (x86)\Steam\steamapps\common\Arma 3\tank\addons\ui_f_tank.pbo - 148551
21:10:36 C:\Program Files (x86)\Steam\steamapps\common\Arma 3\tank\addons\weapons_f_tank.pbo - 150213
21:10:36 C:\Program Files (x86)\Steam\steamapps\common\Arma 3\tacops\addons\characters_f_tacops.ebo - 129739
21:10:36 C:\Program Files (x86)\Steam\steamapps\common\Arma 3\tacops\addons\data_f_tacops.ebo - 150102
21:10:36 C:\Program Files (x86)\Steam\steamapps\common\Arma 3\tacops\addons\dubbing_f_tacops.ebo - 129340
21:10:36 C:\Program Files (x86)\Steam\steamapps\common\Arma 3\tacops\addons\functions_f_tacops.ebo - 150182
21:10:36 C:\Program Files (x86)\Steam\steamapps\common\Arma 3\tacops\addons\languagemissions_f_tacops.ebo - 150220
21:10:36 C:\Program Files (x86)\Steam\steamapps\common\Arma 3\tacops\addons\language_f_tacops.ebo - 150220
21:10:36 C:\Program Files (x86)\Steam\steamapps\common\Arma 3\tacops\addons\missions_f_tacops.ebo - 144976
21:10:36 C:\Program Files (x86)\Steam\steamapps\common\Arma 3\tacops\addons\modules_f_tacops.ebo - 150149
21:10:36 C:\Program Files (x86)\Steam\steamapps\common\Arma 3\tacops\addons\music_f_tacops.ebo - 124064
21:10:36 C:\Program Files (x86)\Steam\steamapps\common\Arma 3\tacops\addons\sounds_f_tacops.ebo - 123795
21:10:36 C:\Program Files (x86)\Steam\steamapps\common\Arma 3\tacops\addons\ui_f_tacops.ebo - 148551
21:10:36 C:\Program Files (x86)\Steam\steamapps\common\Arma 3\orange\addons\air_f_orange.pbo - 150020
21:10:36 C:\Program Files (x86)\Steam\steamapps\common\Arma 3\orange\addons\cargoposes_f_orange.pbo - 126225
21:10:36 C:\Program Files (x86)\Steam\steamapps\common\Arma 3\orange\addons\characters_f_orange.pbo - 148442
21:10:36 C:\Program Files (x86)\Steam\steamapps\common\Arma 3\orange\addons\data_f_orange.pbo - 144284
21:10:36 C:\Program Files (x86)\Steam\steamapps\common\Arma 3\orange\addons\dubbing_f_orange.pbo - 121689
21:10:36 C:\Program Files (x86)\Steam\steamapps\common\Arma 3\orange\addons\editorpreviews_f_orange.pbo - 123173
21:10:36 C:\Program Files (x86)\Steam\steamapps\common\Arma 3\orange\addons\functions_f_orange.pbo - 149339
21:10:36 C:\Program Files (x86)\Steam\steamapps\common\Arma 3\orange\addons\languagemissions_f_orange.pbo - 150220
21:10:36 C:\Program Files (x86)\Steam\steamapps\common\Arma 3\orange\addons\language_f_orange.pbo - 150220
21:10:36 C:\Program Files (x86)\Steam\steamapps\common\Arma 3\orange\addons\missions_f_orange.pbo - 150176
21:10:36 C:\Program Files (x86)\Steam\steamapps\common\Arma 3\orange\addons\modules_f_orange.pbo - 143632
21:10:36 C:\Program Files (x86)\Steam\steamapps\common\Arma 3\orange\addons\music_f_orange.pbo - 120725
21:10:36 C:\Program Files (x86)\Steam\steamapps\common\Arma 3\orange\addons\props_f_orange.pbo - 148864
21:10:36 C:\Program Files (x86)\Steam\steamapps\common\Arma 3\orange\addons\soft_f_orange.pbo - 150071
21:10:36 C:\Program Files (x86)\Steam\steamapps\common\Arma 3\orange\addons\sounds_f_orange.pbo - 145695
21:10:36 C:\Program Files (x86)\Steam\steamapps\common\Arma 3\orange\addons\structures_f_orange.pbo - 147636
21:10:36 C:\Program Files (x86)\Steam\steamapps\common\Arma 3\orange\addons\supplies_f_orange.pbo - 129371
21:10:36 C:\Program Files (x86)\Steam\steamapps\common\Arma 3\orange\addons\ui_f_orange.pbo - 149706
21:10:36 C:\Program Files (x86)\Steam\steamapps\common\Arma 3\orange\addons\weapons_f_orange.pbo - 149274
21:10:36 C:\Program Files (x86)\Steam\steamapps\common\Arma 3\argo\addons\armor_f_argo.pbo - 129739
21:10:36 C:\Program Files (x86)\Steam\steamapps\common\Arma 3\argo\addons\characters_f_patrol.pbo - 149127
21:10:36 C:\Program Files (x86)\Steam\steamapps\common\Arma 3\argo\addons\data_f_argo.pbo - 128209
21:10:36 C:\Program Files (x86)\Steam\steamapps\common\Arma 3\argo\addons\data_f_patrol.pbo - 141307
21:10:36 C:\Program Files (x86)\Steam\steamapps\common\Arma 3\argo\addons\editorpreviews_f_argo.pbo - 142758
21:10:36 C:\Program Files (x86)\Steam\steamapps\common\Arma 3\argo\addons\functions_f_patrol.pbo - 141510
21:10:36 C:\Program Files (x86)\Steam\steamapps\common\Arma 3\argo\addons\languagemissions_f_patrol.pbo - 150220
21:10:36 C:\Program Files (x86)\Steam\steamapps\common\Arma 3\argo\addons\language_f_argo.pbo - 150220
21:10:36 C:\Program Files (x86)\Steam\steamapps\common\Arma 3\argo\addons\language_f_patrol.pbo - 150220
21:10:36 C:\Program Files (x86)\Steam\steamapps\common\Arma 3\argo\addons\map_malden.pbo - 150292
21:10:36 C:\Program Files (x86)\Steam\steamapps\common\Arma 3\argo\addons\map_malden_data.pbo - 135888
21:10:36 C:\Program Files (x86)\Steam\steamapps\common\Arma 3\argo\addons\map_malden_data_layers.pbo - 135888
21:10:36 C:\Program Files (x86)\Steam\steamapps\common\Arma 3\argo\addons\map_malden_scenes_f.pbo - 120026
21:10:36 C:\Program Files (x86)\Steam\steamapps\common\Arma 3\argo\addons\missions_f_patrol.pbo - 126663
21:10:36 C:\Program Files (x86)\Steam\steamapps\common\Arma 3\argo\addons\modules_f_patrol.pbo - 119459
21:10:36 C:\Program Files (x86)\Steam\steamapps\common\Arma 3\argo\addons\music_f_argo.pbo - 119459
21:10:36 C:\Program Files (x86)\Steam\steamapps\common\Arma 3\argo\addons\props_f_argo.pbo - 129371
21:10:36 C:\Program Files (x86)\Steam\steamapps\common\Arma 3\argo\addons\rocks_f_argo.pbo - 148432
21:10:36 C:\Program Files (x86)\Steam\steamapps\common\Arma 3\argo\addons\sounds_f_patrol.pbo - 119477
21:10:36 C:\Program Files (x86)\Steam\steamapps\common\Arma 3\argo\addons\structures_f_argo.pbo - 150265
21:10:36 C:\Program Files (x86)\Steam\steamapps\common\Arma 3\argo\addons\ui_f_patrol.pbo - 141307
21:10:36 C:\Program Files (x86)\Steam\steamapps\common\Arma 3\argo\addons\vegetation_f_argo.pbo - 148432
21:10:36 C:\Program Files (x86)\Steam\steamapps\common\Arma 3\argo\addons\weapons_f_patrol.pbo - 141307
21:10:36 C:\Program Files (x86)\Steam\steamapps\common\Arma 3\jets\addons\air_f_jets.pbo - 146744
21:10:36 C:\Program Files (x86)\Steam\steamapps\common\Arma 3\jets\addons\anims_f_jets.pbo - 123210
21:10:36 C:\Program Files (x86)\Steam\steamapps\common\Arma 3\jets\addons\boat_f_destroyer.pbo - 143297
21:10:36 C:\Program Files (x86)\Steam\steamapps\common\Arma 3\jets\addons\boat_f_jets.pbo - 150071
21:10:36 C:\Program Files (x86)\Steam\steamapps\common\Arma 3\jets\addons\cargoposes_f_jets.pbo - 126225
21:10:36 C:\Program Files (x86)\Steam\steamapps\common\Arma 3\jets\addons\characters_f_jets.pbo - 129739
21:10:36 C:\Program Files (x86)\Steam\steamapps\common\Arma 3\jets\addons\data_f_destroyer.pbo - 132156
21:10:36 C:\Program Files (x86)\Steam\steamapps\common\Arma 3\jets\addons\data_f_jets.pbo - 146856
21:10:36 C:\Program Files (x86)\Steam\steamapps\common\Arma 3\jets\addons\data_f_sams.pbo - 132140
21:10:36 C:\Program Files (x86)\Steam\steamapps\common\Arma 3\jets\addons\dubbing_f_jets.pbo - 119457
21:10:36 C:\Program Files (x86)\Steam\steamapps\common\Arma 3\jets\addons\editorpreviews_f_destroyer.pbo - 132141
21:10:36 C:\Program Files (x86)\Steam\steamapps\common\Arma 3\jets\addons\editorpreviews_f_jets.pbo - 119457
21:10:36 C:\Program Files (x86)\Steam\steamapps\common\Arma 3\jets\addons\editorpreviews_f_sams.pbo - 132141
21:10:36 C:\Program Files (x86)\Steam\steamapps\common\Arma 3\jets\addons\functions_f_destroyer.pbo - 150071
21:10:36 C:\Program Files (x86)\Steam\steamapps\common\Arma 3\jets\addons\functions_f_jets.pbo - 119457
21:10:36 C:\Program Files (x86)\Steam\steamapps\common\Arma 3\jets\addons\languagemissions_f_jets.pbo - 150220
21:10:36 C:\Program Files (x86)\Steam\steamapps\common\Arma 3\jets\addons\language_f_destroyer.pbo - 150220
21:10:36 C:\Program Files (x86)\Steam\steamapps\common\Arma 3\jets\addons\language_f_jets.pbo - 150220
21:10:36 C:\Program Files (x86)\Steam\steamapps\common\Arma 3\jets\addons\language_f_sams.pbo - 150220
21:10:36 C:\Program Files (x86)\Steam\steamapps\common\Arma 3\jets\addons\missions_f_jets.pbo - 130755
21:10:36 C:\Program Files (x86)\Steam\steamapps\common\Arma 3\jets\addons\modules_f_jets.pbo - 119459
21:10:36 C:\Program Files (x86)\Steam\steamapps\common\Arma 3\jets\addons\music_f_jets.pbo - 119459
21:10:36 C:\Program Files (x86)\Steam\steamapps\common\Arma 3\jets\addons\props_f_destroyer.pbo - 132141
21:10:36 C:\Program Files (x86)\Steam\steamapps\common\Arma 3\jets\addons\props_f_jets.pbo - 129371
21:10:36 C:\Program Files (x86)\Steam\steamapps\common\Arma 3\jets\addons\sounds_f_jets.pbo - 141706
21:10:36 C:\Program Files (x86)\Steam\steamapps\common\Arma 3\jets\addons\static_f_destroyer.pbo - 140243
21:10:36 C:\Program Files (x86)\Steam\steamapps\common\Arma 3\jets\addons\static_f_jets.pbo - 146744
21:10:36 C:\Program Files (x86)\Steam\steamapps\common\Arma 3\jets\addons\static_f_sams.pbo - 146744
21:10:36 C:\Program Files (x86)\Steam\steamapps\common\Arma 3\jets\addons\ui_f_jets.pbo - 126137
21:10:36 C:\Program Files (x86)\Steam\steamapps\common\Arma 3\jets\addons\weapons_f_destroyer.pbo - 132268
21:10:36 C:\Program Files (x86)\Steam\steamapps\common\Arma 3\jets\addons\weapons_f_jets.pbo - 148847
21:10:36 C:\Program Files (x86)\Steam\steamapps\common\Arma 3\jets\addons\weapons_f_sams.pbo - 149414
21:10:36 C:\Program Files (x86)\Steam\steamapps\common\Arma 3\expansion\addons\air_f_exp.pbo - 150071
21:10:36 C:\Program Files (x86)\Steam\steamapps\common\Arma 3\expansion\addons\anims_f_exp.pbo - 126506
21:10:36 C:\Program Files (x86)\Steam\steamapps\common\Arma 3\expansion\addons\armor_f_exp.pbo - 141671
21:10:36 C:\Program Files (x86)\Steam\steamapps\common\Arma 3\expansion\addons\boat_f_exp.pbo - 150071
21:10:36 C:\Program Files (x86)\Steam\steamapps\common\Arma 3\expansion\addons\cargoposes_f_exp.pbo - 126224
21:10:36 C:\Program Files (x86)\Steam\steamapps\common\Arma 3\expansion\addons\characters_f_exp.pbo - 150282
21:10:36 C:\Program Files (x86)\Steam\steamapps\common\Arma 3\expansion\addons\characters_f_oldman.pbo - 148698
21:10:36 C:\Program Files (x86)\Steam\steamapps\common\Arma 3\expansion\addons\data_f_exp.pbo - 148936
21:10:36 C:\Program Files (x86)\Steam\steamapps\common\Arma 3\expansion\addons\data_f_oldman.pbo - 148580
21:10:36 C:\Program Files (x86)\Steam\steamapps\common\Arma 3\expansion\addons\dubbing_f_exp.pbo - 119457
21:10:36 C:\Program Files (x86)\Steam\steamapps\common\Arma 3\expansion\addons\dubbing_f_oldman.pbo - 148756
21:10:36 C:\Program Files (x86)\Steam\steamapps\common\Arma 3\expansion\addons\dubbing_radio_f_exp.pbo - 119458
21:10:36 C:\Program Files (x86)\Steam\steamapps\common\Arma 3\expansion\addons\dubbing_radio_f_exp_data_chi.pbo - 119458
21:10:36 C:\Program Files (x86)\Steam\steamapps\common\Arma 3\expansion\addons\dubbing_radio_f_exp_data_engfre.pbo - 119457
21:10:36 C:\Program Files (x86)\Steam\steamapps\common\Arma 3\expansion\addons\dubbing_radio_f_exp_data_fre.pbo - 119457
21:10:36 C:\Program Files (x86)\Steam\steamapps\common\Arma 3\expansion\addons\editorpreviews_f_exp.pbo - 147098
21:10:36 C:\Program Files (x86)\Steam\steamapps\common\Arma 3\expansion\addons\editorpreviews_f_oldman.pbo - 148621
21:10:36 C:\Program Files (x86)\Steam\steamapps\common\Arma 3\expansion\addons\functions_f_exp.pbo - 144006
21:10:36 C:\Program Files (x86)\Steam\steamapps\common\Arma 3\expansion\addons\functions_f_oldman.pbo - 148553
21:10:36 C:\Program Files (x86)\Steam\steamapps\common\Arma 3\expansion\addons\languagemissions_f_exp.pbo - 150220
21:10:36 C:\Program Files (x86)\Steam\steamapps\common\Arma 3\expansion\addons\languagemissions_f_oldman.pbo - 150220
21:10:36 C:\Program Files (x86)\Steam\steamapps\common\Arma 3\expansion\addons\language_f_exp.pbo - 150220
21:10:36 C:\Program Files (x86)\Steam\steamapps\common\Arma 3\expansion\addons\language_f_oldman.pbo - 150220
21:10:36 C:\Program Files (x86)\Steam\steamapps\common\Arma 3\expansion\addons\map_data_exp.pbo - 136265
21:10:36 C:\Program Files (x86)\Steam\steamapps\common\Arma 3\expansion\addons\map_tanoabuka.pbo - 150292
21:10:36 C:\Program Files (x86)\Steam\steamapps\common\Arma 3\expansion\addons\map_tanoabuka_data.pbo - 135884
21:10:36 C:\Program Files (x86)\Steam\steamapps\common\Arma 3\expansion\addons\map_tanoabuka_data_layers.pbo - 121192
21:10:36 C:\Program Files (x86)\Steam\steamapps\common\Arma 3\expansion\addons\map_tanoabuka_data_layers_00_00.pbo - 121192
21:10:36 C:\Program Files (x86)\Steam\steamapps\common\Arma 3\expansion\addons\map_tanoa_scenes_f.pbo - 123527
21:10:36 C:\Program Files (x86)\Steam\steamapps\common\Arma 3\expansion\addons\missions_f_exp.pbo - 144315
21:10:36 C:\Program Files (x86)\Steam\steamapps\common\Arma 3\expansion\addons\missions_f_exp_data.pbo - 119459
21:10:36 C:\Program Files (x86)\Steam\steamapps\common\Arma 3\expansion\addons\missions_f_exp_video.pbo - 119459
21:10:36 C:\Program Files (x86)\Steam\steamapps\common\Arma 3\expansion\addons\missions_f_oldman.pbo - 150213
21:10:36 C:\Program Files (x86)\Steam\steamapps\common\Arma 3\expansion\addons\modules_f_exp.pbo - 119459
21:10:36 C:\Program Files (x86)\Steam\steamapps\common\Arma 3\expansion\addons\modules_f_oldman.pbo - 148553
21:10:36 C:\Program Files (x86)\Steam\steamapps\common\Arma 3\expansion\addons\music_f_exp.pbo - 119477
21:10:36 C:\Program Files (x86)\Steam\steamapps\common\Arma 3\expansion\addons\music_f_exp_music.pbo - 119477
21:10:36 C:\Program Files (x86)\Steam\steamapps\common\Arma 3\expansion\addons\music_f_oldman.pbo - 148553
21:10:36 C:\Program Files (x86)\Steam\steamapps\common\Arma 3\expansion\addons\music_f_oldman_music.pbo - 148679
21:10:36 C:\Program Files (x86)\Steam\steamapps\common\Arma 3\expansion\addons\props_f_exp.pbo - 147637
21:10:36 C:\Program Files (x86)\Steam\steamapps\common\Arma 3\expansion\addons\props_f_oldman.pbo - 148553
21:10:36 C:\Program Files (x86)\Steam\steamapps\common\Arma 3\expansion\addons\rocks_f_exp.pbo - 148432
21:10:36 C:\Program Files (x86)\Steam\steamapps\common\Arma 3\expansion\addons\soft_f_exp.pbo - 150220
21:10:36 C:\Program Files (x86)\Steam\steamapps\common\Arma 3\expansion\addons\soft_f_oldman.pbo - 148580
21:10:36 C:\Program Files (x86)\Steam\steamapps\common\Arma 3\expansion\addons\sounds_f_exp.pbo - 150286
21:10:36 C:\Program Files (x86)\Steam\steamapps\common\Arma 3\expansion\addons\sounds_f_oldman.pbo - 148553
21:10:36 C:\Program Files (x86)\Steam\steamapps\common\Arma 3\expansion\addons\static_f_exp.pbo - 119478
21:10:36 C:\Program Files (x86)\Steam\steamapps\common\Arma 3\expansion\addons\static_f_oldman.pbo - 148580
21:10:36 C:\Program Files (x86)\Steam\steamapps\common\Arma 3\expansion\addons\structures_f_exp.pbo - 148419
21:10:36 C:\Program Files (x86)\Steam\steamapps\common\Arma 3\expansion\addons\structures_f_exp_civilian.pbo - 148739
21:10:36 C:\Program Files (x86)\Steam\steamapps\common\Arma 3\expansion\addons\structures_f_exp_commercial.pbo - 148419
21:10:36 C:\Program Files (x86)\Steam\steamapps\common\Arma 3\expansion\addons\structures_f_exp_cultural.pbo - 148419
21:10:36 C:\Program Files (x86)\Steam\steamapps\common\Arma 3\expansion\addons\structures_f_exp_data.pbo - 148419
21:10:36 C:\Program Files (x86)\Steam\steamapps\common\Arma 3\expansion\addons\structures_f_exp_industrial.pbo - 148419
21:10:36 C:\Program Files (x86)\Steam\steamapps\common\Arma 3\expansion\addons\structures_f_exp_infrastructure.pbo - 148551
21:10:36 C:\Program Files (x86)\Steam\steamapps\common\Arma 3\expansion\addons\structures_f_oldman.pbo - 150089
21:10:36 C:\Program Files (x86)\Steam\steamapps\common\Arma 3\expansion\addons\supplies_f_exp.pbo - 148079
21:10:36 C:\Program Files (x86)\Steam\steamapps\common\Arma 3\expansion\addons\supplies_f_oldman.pbo - 148553
21:10:36 C:\Program Files (x86)\Steam\steamapps\common\Arma 3\expansion\addons\ui_f_exp.pbo - 123398
21:10:36 C:\Program Files (x86)\Steam\steamapps\common\Arma 3\expansion\addons\ui_f_oldman.pbo - 149216
21:10:36 C:\Program Files (x86)\Steam\steamapps\common\Arma 3\expansion\addons\vegetation_f_exp.pbo - 148432
21:10:36 C:\Program Files (x86)\Steam\steamapps\common\Arma 3\expansion\addons\weapons_f_exp.pbo - 150071
21:10:36 C:\Program Files (x86)\Steam\steamapps\common\Arma 3\mark\addons\anims_f_mark.pbo - 119457
21:10:36 C:\Program Files (x86)\Steam\steamapps\common\Arma 3\mark\addons\characters_f_mark.pbo - 148392
21:10:36 C:\Program Files (x86)\Steam\steamapps\common\Arma 3\mark\addons\data_f_mark.pbo - 129371
21:10:36 C:\Program Files (x86)\Steam\steamapps\common\Arma 3\mark\addons\dubbing_f_mark.pbo - 119457
21:10:36 C:\Program Files (x86)\Steam\steamapps\common\Arma 3\mark\addons\dubbing_f_mp_mark.pbo - 119457
21:10:36 C:\Program Files (x86)\Steam\steamapps\common\Arma 3\mark\addons\functions_f_mark.pbo - 150154
21:10:36 C:\Program Files (x86)\Steam\steamapps\common\Arma 3\mark\addons\functions_f_mp_mark.pbo - 150249
21:10:36 C:\Program Files (x86)\Steam\steamapps\common\Arma 3\mark\addons\languagemissions_f_mark.pbo - 150220
21:10:36 C:\Program Files (x86)\Steam\steamapps\common\Arma 3\mark\addons\languagemissions_f_mp_mark.pbo - 150220
21:10:36 C:\Program Files (x86)\Steam\steamapps\common\Arma 3\mark\addons\language_f_mark.pbo - 150220
21:10:36 C:\Program Files (x86)\Steam\steamapps\common\Arma 3\mark\addons\language_f_mp_mark.pbo - 150220
21:10:36 C:\Program Files (x86)\Steam\steamapps\common\Arma 3\mark\addons\missions_f_mark.pbo - 122301
21:10:36 C:\Program Files (x86)\Steam\steamapps\common\Arma 3\mark\addons\missions_f_mark_data.pbo - 119459
21:10:36 C:\Program Files (x86)\Steam\steamapps\common\Arma 3\mark\addons\missions_f_mark_video.pbo - 119459
21:10:36 C:\Program Files (x86)\Steam\steamapps\common\Arma 3\mark\addons\missions_f_mp_mark.pbo - 141704
21:10:36 C:\Program Files (x86)\Steam\steamapps\common\Arma 3\mark\addons\missions_f_mp_mark_data.pbo - 119459
21:10:36 C:\Program Files (x86)\Steam\steamapps\common\Arma 3\mark\addons\modules_f_mark.pbo - 148886
21:10:36 C:\Program Files (x86)\Steam\steamapps\common\Arma 3\mark\addons\modules_f_mp_mark.pbo - 150251
21:10:36 C:\Program Files (x86)\Steam\steamapps\common\Arma 3\mark\addons\music_f_mark.pbo - 119477
21:10:36 C:\Program Files (x86)\Steam\steamapps\common\Arma 3\mark\addons\music_f_mark_music.pbo - 119477
21:10:36 C:\Program Files (x86)\Steam\steamapps\common\Arma 3\mark\addons\sounds_f_mark.pbo - 143218
21:10:36 C:\Program Files (x86)\Steam\steamapps\common\Arma 3\mark\addons\static_f_mark.pbo - 146756
21:10:36 C:\Program Files (x86)\Steam\steamapps\common\Arma 3\mark\addons\structures_f_mark.pbo - 149003
21:10:36 C:\Program Files (x86)\Steam\steamapps\common\Arma 3\mark\addons\supplies_f_mark.pbo - 140562
21:10:36 C:\Program Files (x86)\Steam\steamapps\common\Arma 3\mark\addons\ui_f_mark.pbo - 119478
21:10:36 C:\Program Files (x86)\Steam\steamapps\common\Arma 3\mark\addons\ui_f_mp_mark.pbo - 119478
21:10:36 C:\Program Files (x86)\Steam\steamapps\common\Arma 3\mark\addons\weapons_f_mark.pbo - 149339
21:10:36 C:\Program Files (x86)\Steam\steamapps\common\Arma 3\heli\addons\air_f_heli.pbo - 150249
21:10:36 C:\Program Files (x86)\Steam\steamapps\common\Arma 3\heli\addons\anims_f_heli.pbo - 123210
21:10:36 C:\Program Files (x86)\Steam\steamapps\common\Arma 3\heli\addons\boat_f_heli.pbo - 119457
21:10:36 C:\Program Files (x86)\Steam\steamapps\common\Arma 3\heli\addons\cargoposes_f_heli.pbo - 126231
21:10:36 C:\Program Files (x86)\Steam\steamapps\common\Arma 3\heli\addons\data_f_heli.pbo - 119457
21:10:36 C:\Program Files (x86)\Steam\steamapps\common\Arma 3\heli\addons\dubbing_f_heli.pbo - 119457
21:10:36 C:\Program Files (x86)\Steam\steamapps\common\Arma 3\heli\addons\functions_f_heli.pbo - 123022
21:10:36 C:\Program Files (x86)\Steam\steamapps\common\Arma 3\heli\addons\languagemissions_f_heli.pbo - 150220
21:10:36 C:\Program Files (x86)\Steam\steamapps\common\Arma 3\heli\addons\language_f_heli.pbo - 150220
21:10:36 C:\Program Files (x86)\Steam\steamapps\common\Arma 3\heli\addons\missions_f_heli.pbo - 129397
21:10:36 C:\Program Files (x86)\Steam\steamapps\common\Arma 3\heli\addons\missions_f_heli_data.pbo - 119459
21:10:36 C:\Program Files (x86)\Steam\steamapps\common\Arma 3\heli\addons\missions_f_heli_video.pbo - 119459
21:10:36 C:\Program Files (x86)\Steam\steamapps\common\Arma 3\heli\addons\modules_f_heli.pbo - 150249
21:10:36 C:\Program Files (x86)\Steam\steamapps\common\Arma 3\heli\addons\music_f_heli.pbo - 119477
21:10:36 C:\Program Files (x86)\Steam\steamapps\common\Arma 3\heli\addons\music_f_heli_music.pbo - 119477
21:10:36 C:\Program Files (x86)\Steam\steamapps\common\Arma 3\heli\addons\soft_f_heli.pbo - 129742
21:10:36 C:\Program Files (x86)\Steam\steamapps\common\Arma 3\heli\addons\sounds_f_heli.pbo - 119478
21:10:36 C:\Program Files (x86)\Steam\steamapps\common\Arma 3\heli\addons\structures_f_heli.pbo - 141968
21:10:36 C:\Program Files (x86)\Steam\steamapps\common\Arma 3\heli\addons\supplies_f_heli.pbo - 145695
21:10:36 C:\Program Files (x86)\Steam\steamapps\common\Arma 3\heli\addons\ui_f_heli.pbo - 119478
21:10:36 C:\Program Files (x86)\Steam\steamapps\common\Arma 3\kart\addons\anims_f_kart.pbo - 123210
21:10:36 C:\Program Files (x86)\Steam\steamapps\common\Arma 3\kart\addons\characters_f_kart.pbo - 148392
21:10:36 C:\Program Files (x86)\Steam\steamapps\common\Arma 3\kart\addons\data_f_kart.pbo - 119457
21:10:36 C:\Program Files (x86)\Steam\steamapps\common\Arma 3\kart\addons\languagemissions_f_kart.pbo - 150220
21:10:36 C:\Program Files (x86)\Steam\steamapps\common\Arma 3\kart\addons\language_f_kart.pbo - 150220
21:10:36 C:\Program Files (x86)\Steam\steamapps\common\Arma 3\kart\addons\missions_f_kart.pbo - 149274
21:10:36 C:\Program Files (x86)\Steam\steamapps\common\Arma 3\kart\addons\missions_f_kart_data.pbo - 119459
21:10:36 C:\Program Files (x86)\Steam\steamapps\common\Arma 3\kart\addons\modules_f_kart.pbo - 150028
21:10:36 C:\Program Files (x86)\Steam\steamapps\common\Arma 3\kart\addons\modules_f_kart_data.pbo - 149274
21:10:36 C:\Program Files (x86)\Steam\steamapps\common\Arma 3\kart\addons\soft_f_kart.pbo - 150071
21:10:36 C:\Program Files (x86)\Steam\steamapps\common\Arma 3\kart\addons\sounds_f_kart.pbo - 125381
21:10:36 C:\Program Files (x86)\Steam\steamapps\common\Arma 3\kart\addons\structures_f_kart.pbo - 123419
21:10:36 C:\Program Files (x86)\Steam\steamapps\common\Arma 3\kart\addons\ui_f_kart.pbo - 119478
21:10:36 C:\Program Files (x86)\Steam\steamapps\common\Arma 3\kart\addons\weapons_f_kart.pbo - 138461
21:10:36 C:\Program Files (x86)\Steam\steamapps\common\Arma 3\curator\addons\data_f_curator.pbo - 149127
21:10:36 C:\Program Files (x86)\Steam\steamapps\common\Arma 3\curator\addons\data_f_curator_music.pbo - 119457
21:10:36 C:\Program Files (x86)\Steam\steamapps\common\Arma 3\curator\addons\functions_f_curator.pbo - 150096
21:10:36 C:\Program Files (x86)\Steam\steamapps\common\Arma 3\curator\addons\language_f_curator.pbo - 150220
21:10:36 C:\Program Files (x86)\Steam\steamapps\common\Arma 3\curator\addons\missions_f_curator.pbo - 121570
21:10:36 C:\Program Files (x86)\Steam\steamapps\common\Arma 3\curator\addons\modules_f_curator.pbo - 150096
21:10:36 C:\Program Files (x86)\Steam\steamapps\common\Arma 3\curator\addons\ui_f_curator.pbo - 150267
21:10:36 addons\3den.pbo - 150309
21:10:36 addons\3den_language.pbo - 150327
21:10:36 addons\a3.pbo - unknown
21:10:36 addons\air_f.pbo - 150071
21:10:36 addons\air_f_beta.pbo - 149975
21:10:36 addons\air_f_epb.pbo - 145119
21:10:36 addons\air_f_epc.pbo - 150048
21:10:36 addons\air_f_gamma.pbo - 150048
21:10:36 addons\animals_f.pbo - 150071
21:10:36 addons\animals_f_beta.pbo - 150071
21:10:36 addons\anims_f.pbo - 150249
21:10:36 addons\anims_f_bootcamp.pbo - 123209
21:10:36 addons\anims_f_data.pbo - 148601
21:10:36 addons\anims_f_epa.pbo - 134499
21:10:36 addons\anims_f_epc.pbo - 121358
21:10:36 addons\anims_f_exp_a.pbo - 123209
21:10:36 addons\anims_f_mod.pbo - 135280
21:10:36 addons\armor_f.pbo - 149414
21:10:36 addons\armor_f_beta.pbo - 150297
21:10:36 addons\armor_f_epb.pbo - 150260
21:10:36 addons\armor_f_epc.pbo - 148819
21:10:36 addons\armor_f_gamma.pbo - 150249
21:10:36 addons\baseconfig_f.pbo - 119457
21:10:36 addons\boat_f.pbo - 150265
21:10:36 addons\boat_f_beta.pbo - 132036
21:10:36 addons\boat_f_epc.pbo - 131911
21:10:36 addons\boat_f_gamma.pbo - 127529
21:10:36 addons\cargoposes_f.pbo - 149489
21:10:36 addons\characters_f.pbo - 150282
21:10:36 addons\characters_f_beta.pbo - 149965
21:10:36 addons\characters_f_bootcamp.pbo - 149274
21:10:36 addons\characters_f_epa.pbo - 148392
21:10:36 addons\characters_f_epb.pbo - 148392
21:10:36 addons\characters_f_epc.pbo - 148392
21:10:36 addons\characters_f_gamma.pbo - 148392
21:10:36 addons\data_f.pbo - 150322
21:10:36 addons\data_f_bootcamp.pbo - 129618
21:10:36 addons\data_f_exp_a.pbo - 119457
21:10:36 addons\data_f_exp_b.pbo - 119457
21:10:36 addons\data_f_mod.pbo - 131534
21:10:36 addons\data_f_warlords.pbo - 147096
21:10:36 addons\drones_f.pbo - 146855
21:10:36 addons\dubbing_f.pbo - 119457
21:10:36 addons\dubbing_f_beta.pbo - 119457
21:10:36 addons\dubbing_f_bootcamp.pbo - 119457
21:10:36 addons\dubbing_f_epa.pbo - 119457
21:10:36 addons\dubbing_f_epb.pbo - 119457
21:10:36 addons\dubbing_f_epc.pbo - 119457
21:10:36 addons\dubbing_f_gamma.pbo - 122449
21:10:36 addons\dubbing_f_warlords.pbo - 136700
21:10:36 addons\dubbing_radio_f.pbo - 119457
21:10:36 addons\dubbing_radio_f_data_eng.pbo - 119457
21:10:36 addons\dubbing_radio_f_data_engb.pbo - 119458
21:10:36 addons\dubbing_radio_f_data_gre.pbo - 119458
21:10:36 addons\dubbing_radio_f_data_per.pbo - 150218
21:10:36 addons\dubbing_radio_f_data_vr.pbo - 119458
21:10:36 addons\editorpreviews_f.pbo - 149003
21:10:36 addons\editor_f.pbo - 121103
21:10:36 addons\functions_f.pbo - 150333
21:10:36 addons\functions_f_bootcamp.pbo - 150249
21:10:36 addons\functions_f_epa.pbo - 150249
21:10:36 addons\functions_f_epc.pbo - 119458
21:10:36 addons\functions_f_exp_a.pbo - 150298
21:10:36 addons\functions_f_warlords.pbo - 150013
21:10:36 addons\languagemissions_f.pbo - 150220
21:10:36 addons\languagemissions_f_beta.pbo - 150220
21:10:36 addons\languagemissions_f_bootcamp.pbo - 150220
21:10:36 addons\languagemissions_f_epa.pbo - 150220
21:10:36 addons\languagemissions_f_epb.pbo - 150220
21:10:36 addons\languagemissions_f_epc.pbo - 150220
21:10:36 addons\languagemissions_f_exp_a.pbo - 150220
21:10:36 addons\languagemissions_f_gamma.pbo - 150220
21:10:36 addons\language_f.pbo - 150220
21:10:36 addons\language_f_beta.pbo - 150220
21:10:36 addons\language_f_bootcamp.pbo - 150220
21:10:36 addons\language_f_epa.pbo - 150220
21:10:36 addons\language_f_epb.pbo - 150220
21:10:36 addons\language_f_epc.pbo - 150220
21:10:36 addons\language_f_exp_a.pbo - 150220
21:10:36 addons\language_f_exp_b.pbo - 150220
21:10:36 addons\language_f_gamma.pbo - 150220
21:10:36 addons\language_f_mod.pbo - 150220
21:10:36 addons\language_f_warlords.pbo - 150220
21:10:36 addons\map_altis.pbo - 148442
21:10:36 addons\map_altis_data.pbo - 135904
21:10:36 addons\map_altis_data_layers.pbo - 135913
21:10:36 addons\map_altis_data_layers_00_00.pbo - 0000
21:10:36 addons\map_altis_data_layers_00_01.pbo - 0000
21:10:36 addons\map_altis_data_layers_01_00.pbo - 0000
21:10:36 addons\map_altis_data_layers_01_01.pbo - 0000
21:10:36 addons\map_altis_scenes_f.pbo - 119459
21:10:36 addons\map_data.pbo - 134124
21:10:36 addons\map_stratis.pbo - 148442
21:10:36 addons\map_stratis_data.pbo - 135888
21:10:36 addons\map_stratis_data_layers.pbo - 135888
21:10:36 addons\map_stratis_scenes_f.pbo - 119459
21:10:36 addons\map_vr.pbo - 135900
21:10:36 addons\map_vr_scenes_f.pbo - 119459
21:10:36 addons\misc_f.pbo - 119459
21:10:36 addons\missions_f.pbo - 141704
21:10:36 addons\missions_f_beta.pbo - 150208
21:10:36 addons\missions_f_beta_data.pbo - 149165
21:10:36 addons\missions_f_beta_video.pbo - 119459
21:10:36 addons\missions_f_bootcamp.pbo - 145509
21:10:36 addons\missions_f_bootcamp_data.pbo - 119459
21:10:36 addons\missions_f_bootcamp_video.pbo - 119459
21:10:36 addons\missions_f_data.pbo - 119459
21:10:36 addons\missions_f_epa.pbo - 144315
21:10:36 addons\missions_f_epa_data.pbo - 119459
21:10:36 addons\missions_f_epa_video.pbo - 119459
21:10:36 addons\missions_f_epb.pbo - 119459
21:10:36 addons\missions_f_epc.pbo - 141704
21:10:36 addons\missions_f_exp_a.pbo - 141704
21:10:36 addons\missions_f_exp_a_data.pbo - 119459
21:10:36 addons\missions_f_gamma.pbo - 150176
21:10:36 addons\missions_f_gamma_data.pbo - 119459
21:10:36 addons\missions_f_gamma_video.pbo - 119459
21:10:36 addons\missions_f_video.pbo - 119459
21:10:36 addons\missions_f_warlords.pbo - 145437
21:10:36 addons\modules_f.pbo - 150282
21:10:36 addons\modules_f_beta.pbo - 150198
21:10:36 addons\modules_f_beta_data.pbo - 149274
21:10:36 addons\modules_f_bootcamp.pbo - 119459
21:10:36 addons\modules_f_data.pbo - 122470
21:10:36 addons\modules_f_epb.pbo - 134655
21:10:36 addons\modules_f_exp_a.pbo - 119459
21:10:36 addons\modules_f_warlords.pbo - 144205
21:10:36 addons\music_f.pbo - 119459
21:10:36 addons\music_f_bootcamp.pbo - 119459
21:10:36 addons\music_f_bootcamp_music.pbo - 119459
21:10:36 addons\music_f_epa.pbo - 119459
21:10:36 addons\music_f_epa_music.pbo - 119459
21:10:36 addons\music_f_epb.pbo - 119459
21:10:36 addons\music_f_epb_music.pbo - 119459
21:10:36 addons\music_f_epc.pbo - 119459
21:10:36 addons\music_f_epc_music.pbo - 119477
21:10:36 addons\music_f_music.pbo - 119477
21:10:36 addons\plants_f.pbo - 148432
21:10:36 addons\props_f_exp_a.pbo - 147637
21:10:36 addons\roads_f.pbo - 148432
21:10:36 addons\rocks_f.pbo - 149339
21:10:36 addons\signs_f.pbo - 148432
21:10:36 addons\soft_f.pbo - 150070
21:10:36 addons\soft_f_beta.pbo - 150071
21:10:36 addons\soft_f_bootcamp.pbo - 150071
21:10:36 addons\soft_f_epc.pbo - 150070
21:10:36 addons\soft_f_gamma.pbo - 150183
21:10:36 addons\sounds_f.pbo - 150286
21:10:36 addons\sounds_f_arsenal.pbo - 143218
21:10:36 addons\sounds_f_bootcamp.pbo - 119477
21:10:36 addons\sounds_f_characters.pbo - 143095
21:10:36 addons\sounds_f_environment.pbo - 143095
21:10:36 addons\sounds_f_epb.pbo - 126923
21:10:36 addons\sounds_f_epc.pbo - 125380
21:10:36 addons\sounds_f_exp_a.pbo - 119477
21:10:36 addons\sounds_f_mod.pbo - 131534
21:10:36 addons\sounds_f_sfx.pbo - 143211
21:10:36 addons\sounds_f_vehicles.pbo - 146855
21:10:36 addons\static_f.pbo - 150149
21:10:36 addons\static_f_beta.pbo - 132365
21:10:36 addons\static_f_gamma.pbo - 122615
21:10:36 addons\structures_f.pbo - 150204
21:10:36 addons\structures_f_bootcamp.pbo - 143436
21:10:36 addons\structures_f_data.pbo - 148419
21:10:36 addons\structures_f_epa.pbo - 149252
21:10:36 addons\structures_f_epb.pbo - 148421
21:10:36 addons\structures_f_epc.pbo - 148804
21:10:36 addons\structures_f_exp_a.pbo - 132665
21:10:36 addons\structures_f_households.pbo - 150265
21:10:36 addons\structures_f_ind.pbo - 150048
21:10:36 addons\structures_f_mil.pbo - 150149
21:10:36 addons\structures_f_wrecks.pbo - 148419
21:10:36 addons\uifonts_f.pbo - 119478
21:10:36 addons\uifonts_f_data.pbo - 150106
21:10:36 addons\ui_f.pbo - 150333
21:10:36 addons\ui_f_bootcamp.pbo - 119478
21:10:36 addons\ui_f_data.pbo - 150326
21:10:36 addons\ui_f_exp_a.pbo - 119478
21:10:36 addons\weapons_f.pbo - 150292
21:10:36 addons\weapons_f_beta.pbo - 150174
21:10:36 addons\weapons_f_bootcamp.pbo - 141713
21:10:36 addons\weapons_f_epa.pbo - 148783
21:10:36 addons\weapons_f_epb.pbo - 137810
21:10:36 addons\weapons_f_epc.pbo - 130416
21:10:36 addons\weapons_f_gamma.pbo - 148783
21:10:36 addons\weapons_f_mod.pbo - 149339
21:10:36 
21:10:36 =======================
21:10:36 
21:10:36 ============================================================================================= List of mods ===============================================================================================
21:10:36 modsReadOnly = true
21:10:36 safeModsActivated = false
21:10:36 customMods = false
21:10:36 hash = '39DF5D27D105360A2C9CB128E04BEAC9FB8ADE2D'
21:10:36 hashShort = '42b34cdd'
21:10:36                                               name |               modDir |    default |   official |               origin |                                     hash | hashShort | fullPath
21:10:36 ----------------------------------------------------------------------------------------------------------------------------------------------------------------------------------------------------------
21:10:36                 Arma 3 Creator DLC: Western Sahara |                   WS |      false |       true |             GAME DIR | 0f54e8336c64a91ac34449d088bb42409818d4c6 |  da5586ff | C:\Program Files (x86)\Steam\steamapps\common\Arma 3\WS
21:10:36                                  Arma 3 Art of War |                  aow |       true |       true |             GAME DIR | 5f69e801aa47f58459add9ee606fb39b4a681ba5 |  80159e72 | C:\Program Files (x86)\Steam\steamapps\common\Arma 3\aow
21:10:36                          Arma 3 Contact (Platform) |                enoch |       true |       true |             GAME DIR | c22545ca10517154349e1bf3506c0500b6d1274d |  c2e976ab | C:\Program Files (x86)\Steam\steamapps\common\Arma 3\enoch
21:10:36                                       Arma 3 Tanks |                 tank |       true |       true |             GAME DIR | 88061f51bdbc6d244b621b4082a3b3100b0589f9 |  704487a8 | C:\Program Files (x86)\Steam\steamapps\common\Arma 3\tank
21:10:36                                     Arma 3 Tac-Ops |               tacops |       true |       true |             GAME DIR | fc5f6419eabb941e5e8ba42c5cc1d2526d4878eb |  f51e31ac | C:\Program Files (x86)\Steam\steamapps\common\Arma 3\tacops
21:10:36                                 Arma 3 Laws of War |               orange |       true |       true |             GAME DIR | 2deeb8e38af6ddfbef086de0da59346c50446c8b |  72b922be | C:\Program Files (x86)\Steam\steamapps\common\Arma 3\orange
21:10:36                                      Arma 3 Malden |                 argo |       true |       true |             GAME DIR | 09d3361d8d99605cc63f97f5025163f35f0b1bd0 |  21ff0905 | C:\Program Files (x86)\Steam\steamapps\common\Arma 3\argo
21:10:36                                        Arma 3 Jets |                 jets |       true |       true |             GAME DIR | c66c0015f481056447c44f882817939ebdc7ef81 |  56fd684e | C:\Program Files (x86)\Steam\steamapps\common\Arma 3\jets
21:10:36                                        Arma 3 Apex |            expansion |       true |       true |             GAME DIR | 270fbd267ecdbe0e77cb3e8e2bfefb440b685f37 |  28c971d2 | C:\Program Files (x86)\Steam\steamapps\common\Arma 3\expansion
21:10:36                                    Arma 3 Marksmen |                 mark |       true |       true |             GAME DIR | 34fd6413f86bf6bdbdbc88f391dadbc530a1cb86 |  40665616 | C:\Program Files (x86)\Steam\steamapps\common\Arma 3\mark
21:10:36                                 Arma 3 Helicopters |                 heli |       true |       true |             GAME DIR | 9e922278b1b1c186d47768bac0309110f050327f |  6ff68265 | C:\Program Files (x86)\Steam\steamapps\common\Arma 3\heli
21:10:36                                       Arma 3 Karts |                 kart |       true |       true |             GAME DIR | 9b6114c9282eaae8418ca1b52c3625338b0858b1 |  fb00256f | C:\Program Files (x86)\Steam\steamapps\common\Arma 3\kart
21:10:36                                        Arma 3 Zeus |              curator |       true |       true |             GAME DIR | 615430d04d67c7a008708ae7c4e419a98c40181c |  af1f4a1b | C:\Program Files (x86)\Steam\steamapps\common\Arma 3\curator
21:10:36                                             Arma 3 |                   A3 |       true |       true |    NOT FOUND (Empty) |                                          |           | 
21:10:36 ==========================================================================================================================================================================================================
21:10:36 DX11 - Initializing DX11 engine.
21:10:36 DX11 - Using DXGI adapter 0 (detected in config).
21:10:36 DX11 - Using DXGI adapter 0.
21:10:36     - adapter description : NVIDIA GeForce RTX 3070
21:10:36     - adapter vendor ID : 4318
21:10:36     - adapter device ID : 9352
21:10:36     - adapter subsys ID : 2284589123
21:10:36     - adapter revision  : 161
21:10:36     - dedicated video memory : 4138729472
21:10:36     - dedicated system memory : 0
21:10:36     - shared system memory : 4218660864
21:10:36     - driver version : 51295/r512_48
21:10:36 InitSound ...
21:10:36 Selected Audio Output: Sankakuuloke (GameDAC Chat) - Channels: 2, Freq: 48000
21:10:37 InitSound - complete
21:10:37 Detected Joystick: Controller (Razer Xbox 360 Controller)
21:10:37     0 ... X Axis [1,30]
21:10:37     1 ... Y Axis [1,31]
21:10:37     2 ... Z Axis [1,32]
21:10:37     3 ... X Rotation [1,33]
21:10:37     4 ... Y Rotation [1,34]
21:10:37 Detected Joystick: Joystick (Razer Huntsman V2 Analog)
21:10:37     0 ... X Axis [1,30]
21:10:37     1 ... Y Axis [1,31]
21:10:37     2 ... Z Axis [1,32]
21:10:37     3 ... X Rotation [1,33]
21:10:37     4 ... Y Rotation [1,34]
21:10:37     5 ... Z Rotation [1,35]
21:10:39 PhysX3 SDK Init started ...
21:10:39 PhysX3 SDK Init ended.
21:10:41 SimulWeather - Cloud Renderer - noise texture file is not specified!
21:10:43 Loading movesType CfgGesturesMale
21:10:43 Creating action map cache
21:10:43 MovesType CfgGesturesMale load time 49.0 ms
21:10:43 Loading movesType CfgMovesMaleSdr
21:10:43 Creating action map cache
21:10:46 Warning: looped for animation: a3\anims_f_epa\data\anim\sdr\cts\hubcleaned\briefing\hubbriefing_loop.rtm differs (looped now 1)! MoveName: hubbriefing_loop
21:10:46 Warning: looped for animation: a3\anims_f_epa\data\anim\sdr\cts\hubcleaned\briefing\hubbriefing_loop.rtm differs (looped now 0)! MoveName: hubbriefing_ext
21:10:46 Warning: looped for animation: a3\anims_f_epa\data\anim\sdr\cts\hubcleaned\spectator\hubspectator_stand.rtm differs (looped now 0)! MoveName: hubspectator_stand
21:10:46 MovesType CfgMovesMaleSdr load time 2877.0 ms
21:10:46 Starting mission:
21:10:46  Mission file: intro01
21:10:46  Mission world: SefrouRamal
21:10:46  Mission directory: lxWS\map_wsahara_scenes_f_lxWS\scenes\intro01.SefrouRamal\
21:10:48 C_Truck_02_cargo_lxWS: rear_hide - unknown animation source rear_hide
21:10:48 C_Truck_02_cargo_lxWS: hidebeacon_2 - unknown animation source hidebeacon_2
21:10:48 No speaker given for 'Ayham Yaktine'
21:10:48 No speaker given for 'Abdelilah Achaari'
21:10:56 Weather was forced to change
21:11:00 Fresnel k must be >0, given n=2.51,k=0
21:12:59 Skipping mods and signatures due to overflow flag being set.
21:13:14 Skipping mods and signatures due to overflow flag being set.
21:13:56 EPE manager release (14|208|0)
21:13:56 Number of actors in scene after release: 14
21:13:56 EPE manager release (0|14|0)
21:13:56 Starting mission:
21:13:56  Mission file: intro01
21:13:56  Mission world: SefrouRamal
21:13:56  Mission directory: lxWS\map_wsahara_scenes_f_lxWS\scenes\intro01.SefrouRamal\
21:13:57 "BIS_fnc_log: [preInit] ""DeltaTime computation started"""
21:13:57 No speaker given for 'Ayham Yaktine'
21:13:57 No speaker given for 'Abdelilah Achaari'
21:13:58 Weather was forced to change
21:14:02 Shutdown normally
21:14:02 EPE manager release (4|162|0)
21:14:02 Number of actors in scene after release: 4
21:14:02 EPE manager release (0|4|0)
21:14:02 SimulWeather - Cloud Renderer - noise texture file is not specified!
21:14:02 Deinitialized shape [Class: "C_Soldier_VR_F"; Shape: "a3\characters_f_bootcamp\common\vr_soldier_f.p3d";]
21:14:02 Deinitialized shape [Class: "C_man_1_1_F"; Shape: "a3\characters_f\civil\c_citizen1.p3d";]
21:14:02 Deinitialized shape [Class: "Underwear_F"; Shape: "a3\characters_f\common\basicbody.p3d";]
21:14:02 Deinitialized shape [Class: "C_man_1"; Shape: "a3\characters_f\civil\c_poloshirt.p3d";]
21:14:02 Deinitialized shape [Class: "C_man_polo_3_F"; Shape: "a3\characters_f\civil\c_poloshirt.p3d";]
21:14:02 Deinitialized shape [Class: "O_Soldier_F"; Shape: "a3\characters_f\opfor\o_soldier_01.p3d";]
21:14:02 Deinitialized shape [Class: "B_UN_officer_lxWS"; Shape: "lxws\characters_f_lxws\uniform\ia_officer_lxws.p3d";]
21:14:02 Deinitialized shape [Class: "B_soldier_repair_F"; Shape: "a3\characters_f\blufor\b_soldier_01.p3d";]
21:14:02 Deinitialized shape [Class: "B_Soldier_F"; Shape: "a3\characters_f\blufor\b_soldier_01.p3d";]
21:14:02 Deinitialized shape [Class: "B_UN_Soldier_lxWS"; Shape: "a3\characters_f_beta\indep\ia_soldier_02.p3d";]
21:14:02 Deinitialized shape [Class: "C_Tak_03_A_lxWS"; Shape: "lxws\characters_f_lxws\uniform\lxws_tak_civil03.p3d";]
21:14:02 d:\bis\source\stable\futura\lib\network\networkserver.cpp ClearNetServer:NOT IMPLEMENTED - briefing!
21:14:04 Extensions:
